#
# There is insufficient memory for the Java Runtime Environment to continue.
# Native memory allocation (mmap) failed to map 17301504 bytes for committing reserved memory.
# Possible reasons:
#   The system is out of physical RAM or swap space
#   In 32 bit mode, the process size limit was hit
# Possible solutions:
#   Reduce memory load on the system
#   Increase physical memory or swap space
#   Check if swap backing store is full
#   Use 64 bit Java on a 64 bit OS
#   Decrease Java heap size (-Xmx/-Xms)
#   Decrease number of Java threads
#   Decrease Java thread stack sizes (-Xss)
#   Set larger code cache with -XX:ReservedCodeCacheSize=
# This output file may be truncated or incomplete.
#
#  Out of Memory Error (os_linux.cpp:2627), pid=5402, tid=0x00007fdeb65ae700
#
# JRE version: OpenJDK Runtime Environment (8.0_112-b06) (build 1.8.0_112-release-b06)
# Java VM: OpenJDK 64-Bit Server VM (25.112-b06 mixed mode linux-amd64 compressed oops)
# Failed to write core dump. Core dumps have been disabled. To enable core dumping, try "ulimit -c unlimited" before starting Java again
#

---------------  T H R E A D  ---------------

Current thread (0x00007fded8077800):  VMThread [stack: 0x00007fdeb64ae000,0x00007fdeb65af000] [id=5410]

Stack: [0x00007fdeb64ae000,0x00007fdeb65af000],  sp=0x00007fdeb65ad480,  free space=1021k
Native frames: (J=compiled Java code, j=interpreted, Vv=VM code, C=native code)
V  [libjvm.so+0x9e465d]  VMError::report_and_die()+0x15d
V  [libjvm.so+0x4b6ada]  report_vm_out_of_memory(char const*, int, unsigned long, VMErrorType, char const*)+0x8a
V  [libjvm.so+0x84c860]  os::pd_commit_memory(char*, unsigned long, unsigned long, bool)+0xf0
V  [libjvm.so+0x84737f]  os::commit_memory(char*, unsigned long, unsigned long, bool)+0x1f
V  [libjvm.so+0x8bd3db]  PSVirtualSpace::expand_by(unsigned long)+0x5b
V  [libjvm.so+0x8be050]  PSYoungGen::resize_generation(unsigned long, unsigned long)+0xb0
V  [libjvm.so+0x8be36b]  PSYoungGen::resize(unsigned long, unsigned long)+0x1b
V  [libjvm.so+0x8baa5c]  PSScavenge::invoke_no_policy()+0xdac
V  [libjvm.so+0x8bb238]  PSScavenge::invoke()+0x38
V  [libjvm.so+0x86fcf3]  ParallelScavengeHeap::failed_mem_allocate(unsigned long)+0x63
V  [libjvm.so+0x9e6124]  VM_ParallelGCFailedAllocation::doit()+0x84
V  [libjvm.so+0x9ea537]  VM_Operation::evaluate()+0x47
V  [libjvm.so+0x9e8ff8]  VMThread::evaluate_operation(VM_Operation*)+0x2c8
V  [libjvm.so+0x9e9479]  VMThread::loop()+0x219
V  [libjvm.so+0x9e98c2]  VMThread::run()+0x72
V  [libjvm.so+0x849c82]  java_start(Thread*)+0xf2

VM_Operation (0x00007fde8abbf6e0): ParallelGCFailedAllocation, mode: safepoint, requested by thread 0x00007fde70411000


---------------  P R O C E S S  ---------------

Java Threads: ( => current thread )
  0x00007fde70411000 JavaThread "File lock request listener" [_thread_blocked, id=5435, stack(0x00007fde8aac0000,0x00007fde8abc1000)]
  0x00007fde710ea800 JavaThread "process reaper" daemon [_thread_blocked, id=5430, stack(0x00007fde8abc1000,0x00007fde8abfa000)]
  0x00007fde70007800 JavaThread "Stdin handler" [_thread_blocked, id=5428, stack(0x00007fde8b5fa000,0x00007fde8b6fb000)]
  0x00007fde70006000 JavaThread "Asynchronous log dispatcher for DefaultDaemonConnection: socket connection from /127.0.0.1:51163 to /127.0.0.1:50849" [_thread_blocked, id=5427, stack(0x00007fde8b6fb000,0x00007fde8b7fc000)]
  0x00007fded8cf7000 JavaThread "pool-1-thread-1" [_thread_blocked, id=5424, stack(0x00007fde8b7fc000,0x00007fde8b8fd000)]
  0x00007fde80008000 JavaThread "Daemon worker" [_thread_blocked, id=5423, stack(0x00007fde8b8fd000,0x00007fde8b9fe000)]
  0x00007fde80007000 JavaThread "Cancel handler" [_thread_blocked, id=5422, stack(0x00007fde8b9fe000,0x00007fde8baff000)]
  0x00007fde80005800 JavaThread "Handler for socket connection from /127.0.0.1:51163 to /127.0.0.1:50849" [_thread_in_native, id=5421, stack(0x00007fde8bcff000,0x00007fde8be00000)]
  0x00007fde84030800 JavaThread "Daemon" [_thread_blocked, id=5420, stack(0x00007fdeb4090000,0x00007fdeb4191000)]
  0x00007fded8ca0800 JavaThread "Incoming local TCP Connector on port 51163" [_thread_in_native, id=5419, stack(0x00007fdeb4198000,0x00007fdeb4299000)]
  0x00007fded80bf800 JavaThread "Service Thread" daemon [_thread_blocked, id=5417, stack(0x00007fdeb56c5000,0x00007fdeb57c6000)]
  0x00007fded80bc800 JavaThread "C1 CompilerThread2" daemon [_thread_blocked, id=5416, stack(0x00007fdeb57c6000,0x00007fdeb58c7000)]
  0x00007fded80ba800 JavaThread "C2 CompilerThread1" daemon [_thread_blocked, id=5415, stack(0x00007fdeb58c7000,0x00007fdeb59c8000)]
  0x00007fded80b8000 JavaThread "C2 CompilerThread0" daemon [_thread_blocked, id=5414, stack(0x00007fdeb59c8000,0x00007fdeb5ac9000)]
  0x00007fded80b6800 JavaThread "Signal Dispatcher" daemon [_thread_blocked, id=5413, stack(0x00007fdeb5ac9000,0x00007fdeb5bca000)]
  0x00007fded8083800 JavaThread "Finalizer" daemon [_thread_blocked, id=5412, stack(0x00007fdeb62ac000,0x00007fdeb63ad000)]
  0x00007fded807f000 JavaThread "Reference Handler" daemon [_thread_blocked, id=5411, stack(0x00007fdeb63ad000,0x00007fdeb64ae000)]
  0x00007fded800a000 JavaThread "main" [_thread_blocked, id=5405, stack(0x00007fdeddd5e000,0x00007fdedde5f000)]

Other Threads:
=>0x00007fded8077800 VMThread [stack: 0x00007fdeb64ae000,0x00007fdeb65af000] [id=5410]
  0x00007fded80c2000 WatcherThread [stack: 0x00007fdeb55c4000,0x00007fdeb56c5000] [id=5418]

VM state:at safepoint (normal execution)

VM Mutex/Monitor currently owned by a thread:  ([mutex/lock_event])
[0x00007fded8006460] Threads_lock - owner thread: 0x00007fded8077800
[0x00007fded8006960] Heap_lock - owner thread: 0x00007fde70411000

Heap:
 PSYoungGen      total 68608K, used 6979K [0x00000000e0000000, 0x00000000e4d00000, 0x0000000100000000)
  eden space 59904K, 0% used [0x00000000e0000000,0x00000000e0000000,0x00000000e3a80000)
  from space 8704K, 80% used [0x00000000e3a80000,0x00000000e4150ee8,0x00000000e4300000)
  to   space 7168K, 0% used [0x00000000e4300000,0x00000000e4300000,0x00000000e4a00000)
 ParOldGen       total 40960K, used 11326K [0x00000000a0000000, 0x00000000a2800000, 0x00000000e0000000)
  object space 40960K, 27% used [0x00000000a0000000,0x00000000a0b0f9a8,0x00000000a2800000)
 Metaspace       used 25583K, capacity 26056K, committed 26288K, reserved 1071104K
  class space    used 3549K, capacity 3671K, committed 3760K, reserved 1048576K

Card table byte_map: [0x00007fdec789f000,0x00007fdec7ba0000] byte_map_base: 0x00007fdec739f000

Marking Bits: (ParMarkBitMap*) 0x00007fdedd236340
 Begin Bits: [0x00007fdec429b000, 0x00007fdec5a9b000)
 End Bits:   [0x00007fdec5a9b000, 0x00007fdec729b000)

Polling page: 0x00007fdedde85000

CodeCache: size=245760Kb used=7391Kb max_used=7413Kb free=238368Kb
 bounds [0x00007fdec7f60000, 0x00007fdec86b0000, 0x00007fded6f60000]
 total_blobs=2635 nmethods=2000 adapters=549
 compilation: enabled

Compilation events (10 events):
Event: 25.013 Thread 0x00007fded80bc800 2013       1       com.google.common.cache.CacheBuilder::getStatsCounterSupplier (5 bytes)
Event: 25.108 Thread 0x00007fded80bc800 nmethod 2013 0x00007fdec8698050 code [0x00007fdec86981a0, 0x00007fdec86982b0]
Event: 31.528 Thread 0x00007fded80b8000 2014       4       java.lang.String::<init> (38 bytes)
Event: 31.714 Thread 0x00007fded80bc800 2015       1       java.net.InetAddress::holder (5 bytes)
Event: 31.902 Thread 0x00007fded80bc800 nmethod 2015 0x00007fdec8692050 code [0x00007fdec86921a0, 0x00007fdec86922b0]
Event: 32.404 Thread 0x00007fded80b8000 nmethod 2014 0x00007fdec869db90 code [0x00007fdec869dda0, 0x00007fdec869e7f0]
Event: 32.945 Thread 0x00007fded80ba800 2016       4       java.util.concurrent.locks.AbstractQueuedSynchronizer::release (33 bytes)
Event: 33.197 Thread 0x00007fded80b8000 2017       4       java.util.concurrent.locks.ReentrantLock$Sync::tryRelease (45 bytes)
Event: 33.725 Thread 0x00007fded80b8000 nmethod 2017 0x00007fdec8691dd0 code [0x00007fdec8691f20, 0x00007fdec8691fd8]
Event: 33.730 Thread 0x00007fded80ba800 nmethod 2016 0x00007fdec8691b10 code [0x00007fdec8691c60, 0x00007fdec8691d18]

GC Heap History (10 events):
Event: 1.091 GC heap after
Heap after GC invocations=3 (full 0):
 PSYoungGen      total 17920K, used 2544K [0x00000000e0000000, 0x00000000e2300000, 0x0000000100000000)
  eden space 15360K, 0% used [0x00000000e0000000,0x00000000e0000000,0x00000000e0f00000)
  from space 2560K, 99% used [0x00000000e0f00000,0x00000000e117c010,0x00000000e1180000)
  to   space 2560K, 0% used [0x00000000e2080000,0x00000000e2080000,0x00000000e2300000)
 ParOldGen       total 40960K, used 1437K [0x00000000a0000000, 0x00000000a2800000, 0x00000000e0000000)
  object space 40960K, 3% used [0x00000000a0000000,0x00000000a0167528,0x00000000a2800000)
 Metaspace       used 8354K, capacity 8518K, committed 8704K, reserved 1056768K
  class space    used 1082K, capacity 1153K, committed 1280K, reserved 1048576K
}
Event: 1.424 GC heap before
{Heap before GC invocations=4 (full 0):
 PSYoungGen      total 17920K, used 17904K [0x00000000e0000000, 0x00000000e2300000, 0x0000000100000000)
  eden space 15360K, 100% used [0x00000000e0000000,0x00000000e0f00000,0x00000000e0f00000)
  from space 2560K, 99% used [0x00000000e0f00000,0x00000000e117c010,0x00000000e1180000)
  to   space 2560K, 0% used [0x00000000e2080000,0x00000000e2080000,0x00000000e2300000)
 ParOldGen       total 40960K, used 1437K [0x00000000a0000000, 0x00000000a2800000, 0x00000000e0000000)
  object space 40960K, 3% used [0x00000000a0000000,0x00000000a0167528,0x00000000a2800000)
 Metaspace       used 12572K, capacity 12900K, committed 13184K, reserved 1060864K
  class space    used 1685K, capacity 1799K, committed 1920K, reserved 1048576K
Event: 1.430 GC heap after
Heap after GC invocations=4 (full 0):
 PSYoungGen      total 33280K, used 2544K [0x00000000e0000000, 0x00000000e2300000, 0x0000000100000000)
  eden space 30720K, 0% used [0x00000000e0000000,0x00000000e0000000,0x00000000e1e00000)
  from space 2560K, 99% used [0x00000000e2080000,0x00000000e22fc010,0x00000000e2300000)
  to   space 2560K, 0% used [0x00000000e1e00000,0x00000000e1e00000,0x00000000e2080000)
 ParOldGen       total 40960K, used 3463K [0x00000000a0000000, 0x00000000a2800000, 0x00000000e0000000)
  object space 40960K, 8% used [0x00000000a0000000,0x00000000a0361f78,0x00000000a2800000)
 Metaspace       used 12572K, capacity 12900K, committed 13184K, reserved 1060864K
  class space    used 1685K, capacity 1799K, committed 1920K, reserved 1048576K
}
Event: 1.838 GC heap before
{Heap before GC invocations=5 (full 0):
 PSYoungGen      total 33280K, used 33264K [0x00000000e0000000, 0x00000000e2300000, 0x0000000100000000)
  eden space 30720K, 100% used [0x00000000e0000000,0x00000000e1e00000,0x00000000e1e00000)
  from space 2560K, 99% used [0x00000000e2080000,0x00000000e22fc010,0x00000000e2300000)
  to   space 2560K, 0% used [0x00000000e1e00000,0x00000000e1e00000,0x00000000e2080000)
 ParOldGen       total 40960K, used 3463K [0x00000000a0000000, 0x00000000a2800000, 0x00000000e0000000)
  object space 40960K, 8% used [0x00000000a0000000,0x00000000a0361f78,0x00000000a2800000)
 Metaspace       used 15706K, capacity 16060K, committed 16256K, reserved 1062912K
  class space    used 2203K, capacity 2315K, committed 2432K, reserved 1048576K
Event: 1.847 GC heap after
Heap after GC invocations=5 (full 0):
 PSYoungGen      total 33280K, used 2544K [0x00000000e0000000, 0x00000000e4a00000, 0x0000000100000000)
  eden space 30720K, 0% used [0x00000000e0000000,0x00000000e0000000,0x00000000e1e00000)
  from space 2560K, 99% used [0x00000000e1e00000,0x00000000e207c030,0x00000000e2080000)
  to   space 7168K, 0% used [0x00000000e4300000,0x00000000e4300000,0x00000000e4a00000)
 ParOldGen       total 40960K, used 7434K [0x00000000a0000000, 0x00000000a2800000, 0x00000000e0000000)
  object space 40960K, 18% used [0x00000000a0000000,0x00000000a0742a88,0x00000000a2800000)
 Metaspace       used 15706K, capacity 16060K, committed 16256K, reserved 1062912K
  class space    used 2203K, capacity 2315K, committed 2432K, reserved 1048576K
}
Event: 2.487 GC heap before
{Heap before GC invocations=6 (full 0):
 PSYoungGen      total 33280K, used 31272K [0x00000000e0000000, 0x00000000e4a00000, 0x0000000100000000)
  eden space 30720K, 93% used [0x00000000e0000000,0x00000000e1c0e390,0x00000000e1e00000)
  from space 2560K, 99% used [0x00000000e1e00000,0x00000000e207c030,0x00000000e2080000)
  to   space 7168K, 0% used [0x00000000e4300000,0x00000000e4300000,0x00000000e4a00000)
 ParOldGen       total 40960K, used 7434K [0x00000000a0000000, 0x00000000a2800000, 0x00000000e0000000)
  object space 40960K, 18% used [0x00000000a0000000,0x00000000a0742a88,0x00000000a2800000)
 Metaspace       used 20890K, capacity 21164K, committed 21296K, reserved 1067008K
  class space    used 2752K, capacity 2838K, committed 2864K, reserved 1048576K
Event: 2.509 GC heap after
Heap after GC invocations=6 (full 0):
 PSYoungGen      total 67072K, used 7155K [0x00000000e0000000, 0x00000000e4d00000, 0x0000000100000000)
  eden space 59904K, 0% used [0x00000000e0000000,0x00000000e0000000,0x00000000e3a80000)
  from space 7168K, 99% used [0x00000000e4300000,0x00000000e49fce58,0x00000000e4a00000)
  to   space 8704K, 0% used [0x00000000e3a80000,0x00000000e3a80000,0x00000000e4300000)
 ParOldGen       total 40960K, used 7814K [0x00000000a0000000, 0x00000000a2800000, 0x00000000e0000000)
  object space 40960K, 19% used [0x00000000a0000000,0x00000000a07a1bc8,0x00000000a2800000)
 Metaspace       used 20890K, capacity 21164K, committed 21296K, reserved 1067008K
  class space    used 2752K, capacity 2838K, committed 2864K, reserved 1048576K
}
Event: 2.509 GC heap before
{Heap before GC invocations=7 (full 1):
 PSYoungGen      total 67072K, used 7155K [0x00000000e0000000, 0x00000000e4d00000, 0x0000000100000000)
  eden space 59904K, 0% used [0x00000000e0000000,0x00000000e0000000,0x00000000e3a80000)
  from space 7168K, 99% used [0x00000000e4300000,0x00000000e49fce58,0x00000000e4a00000)
  to   space 8704K, 0% used [0x00000000e3a80000,0x00000000e3a80000,0x00000000e4300000)
 ParOldGen       total 40960K, used 7814K [0x00000000a0000000, 0x00000000a2800000, 0x00000000e0000000)
  object space 40960K, 19% used [0x00000000a0000000,0x00000000a07a1bc8,0x00000000a2800000)
 Metaspace       used 20890K, capacity 21164K, committed 21296K, reserved 1067008K
  class space    used 2752K, capacity 2838K, committed 2864K, reserved 1048576K
Event: 2.610 GC heap after
Heap after GC invocations=7 (full 1):
 PSYoungGen      total 67072K, used 0K [0x00000000e0000000, 0x00000000e4d00000, 0x0000000100000000)
  eden space 59904K, 0% used [0x00000000e0000000,0x00000000e0000000,0x00000000e3a80000)
  from space 7168K, 0% used [0x00000000e4300000,0x00000000e4300000,0x00000000e4a00000)
  to   space 8704K, 0% used [0x00000000e3a80000,0x00000000e3a80000,0x00000000e4300000)
 ParOldGen       total 40960K, used 11318K [0x00000000a0000000, 0x00000000a2800000, 0x00000000e0000000)
  object space 40960K, 27% used [0x00000000a0000000,0x00000000a0b0d9a8,0x00000000a2800000)
 Metaspace       used 20890K, capacity 21164K, committed 21296K, reserved 1067008K
  class space    used 2752K, capacity 2838K, committed 2864K, reserved 1048576K
}
Event: 35.961 GC heap before
{Heap before GC invocations=8 (full 1):
 PSYoungGen      total 67072K, used 59904K [0x00000000e0000000, 0x00000000e4d00000, 0x0000000100000000)
  eden space 59904K, 100% used [0x00000000e0000000,0x00000000e3a80000,0x00000000e3a80000)
  from space 7168K, 0% used [0x00000000e4300000,0x00000000e4300000,0x00000000e4a00000)
  to   space 8704K, 0% used [0x00000000e3a80000,0x00000000e3a80000,0x00000000e4300000)
 ParOldGen       total 40960K, used 11318K [0x00000000a0000000, 0x00000000a2800000, 0x00000000e0000000)
  object space 40960K, 27% used [0x00000000a0000000,0x00000000a0b0d9a8,0x00000000a2800000)
 Metaspace       used 25583K, capacity 26056K, committed 26288K, reserved 1071104K
  class space    used 3549K, capacity 3671K, committed 3760K, reserved 1048576K

Deoptimization events (10 events):
Event: 1.993 Thread 0x00007fde80008000 Uncommon trap: reason=class_check action=maybe_recompile pc=0x00007fdec8133244 method=sun.misc.URLClassPath.getLoader(I)Lsun/misc/URLClassPath$Loader; @ 94
Event: 1.993 Thread 0x00007fde80008000 Uncommon trap: reason=class_check action=maybe_recompile pc=0x00007fdec821edec method=sun.misc.URLClassPath.getResource(Ljava/lang/String;Z)Lsun/misc/Resource; @ 62
Event: 1.995 Thread 0x00007fde80008000 Uncommon trap: reason=unstable_if action=reinterpret pc=0x00007fdec819822c method=java.io.UnixFileSystem.normalize(Ljava/lang/String;)Ljava/lang/String; @ 60
Event: 1.995 Thread 0x00007fde80008000 Uncommon trap: reason=bimorphic action=maybe_recompile pc=0x00007fdec833962c method=java.lang.ClassLoader.loadClass(Ljava/lang/String;Z)Ljava/lang/Class; @ 38
Event: 1.995 Thread 0x00007fde80008000 Uncommon trap: reason=bimorphic action=maybe_recompile pc=0x00007fdec833962c method=java.lang.ClassLoader.loadClass(Ljava/lang/String;Z)Ljava/lang/Class; @ 38
Event: 2.677 Thread 0x00007fde80008000 Uncommon trap: reason=unstable_if action=reinterpret pc=0x00007fdec83145cc method=java.util.HashMap.hash(Ljava/lang/Object;)I @ 1
Event: 2.781 Thread 0x00007fde80008000 Uncommon trap: reason=unstable_if action=reinterpret pc=0x00007fdec830c820 method=java.util.HashMap.getNode(ILjava/lang/Object;)Ljava/util/HashMap$Node; @ 53
Event: 2.781 Thread 0x00007fde80008000 Uncommon trap: reason=unstable_if action=reinterpret pc=0x00007fdec822ac70 method=java.util.HashMap.hash(Ljava/lang/Object;)I @ 1
Event: 2.781 Thread 0x00007fde80008000 Uncommon trap: reason=unstable_if action=reinterpret pc=0x00007fdec82ce61c method=java.util.HashMap.putVal(ILjava/lang/Object;Ljava/lang/Object;ZZ)Ljava/lang/Object; @ 85
Event: 3.411 Thread 0x00007fde80008000 Uncommon trap: reason=unstable_if action=reinterpret pc=0x00007fdec81c2074 method=java.io.UnixFileSystem.resolve(Ljava/lang/String;Ljava/lang/String;)Ljava/lang/String; @ 18

Internal exceptions (10 events):
Event: 3.562 Thread 0x00007fde80008000 Exception <a 'java/lang/ClassNotFoundException': org/gradle/api/internal/artifacts/repositories/DefaultMavenArtifactRepositoryCustomizer> (0x00000000e22026c0) thrown at [/ssd/Android/AOSP-openjdk/external/jetbrains/jdk/hotspot/src/share/vm/classfile/syste
Event: 3.563 Thread 0x00007fde80008000 Exception <a 'java/lang/ClassNotFoundException': org/gradle/api/internal/artifacts/repositories/DefaultMavenArtifactRepository_DecoratedCustomizer> (0x00000000e2242cf0) thrown at [/ssd/Android/AOSP-openjdk/external/jetbrains/jdk/hotspot/src/share/vm/class
Event: 3.788 Thread 0x00007fde80008000 Exception <a 'java/lang/ClassNotFoundException': build_7yu0l0zyp8jhkt1dstjmq3r8hBeanInfo> (0x00000000e2a50700) thrown at [/ssd/Android/AOSP-openjdk/external/jetbrains/jdk/hotspot/src/share/vm/classfile/systemDictionary.cpp, line 210]
Event: 3.790 Thread 0x00007fde80008000 Exception <a 'java/lang/ClassNotFoundException': org/gradle/api/internal/project/ProjectScriptBeanInfo> (0x00000000e2a61d20) thrown at [/ssd/Android/AOSP-openjdk/external/jetbrains/jdk/hotspot/src/share/vm/classfile/systemDictionary.cpp, line 210]
Event: 3.790 Thread 0x00007fde80008000 Exception <a 'java/lang/ClassNotFoundException': org/gradle/api/internal/project/ProjectScriptCustomizer> (0x00000000e2a73780) thrown at [/ssd/Android/AOSP-openjdk/external/jetbrains/jdk/hotspot/src/share/vm/classfile/systemDictionary.cpp, line 210]
Event: 3.791 Thread 0x00007fde80008000 Exception <a 'java/lang/ClassNotFoundException': build_7yu0l0zyp8jhkt1dstjmq3r8hCustomizer> (0x00000000e2a93460) thrown at [/ssd/Android/AOSP-openjdk/external/jetbrains/jdk/hotspot/src/share/vm/classfile/systemDictionary.cpp, line 210]
Event: 13.439 Thread 0x00007fde80008000 Exception <a 'java/lang/ClassNotFoundException': org/gradle/api/internal/artifacts/dsl/dependencies/DefaultDependencyHandler_DecoratedBeanInfo> (0x00000000e37291d8) thrown at [/ssd/Android/AOSP-openjdk/external/jetbrains/jdk/hotspot/src/share/vm/classfile
Event: 13.441 Thread 0x00007fde80008000 Exception <a 'java/lang/ClassNotFoundException': org/gradle/api/internal/artifacts/dsl/dependencies/DefaultDependencyHandlerBeanInfo> (0x00000000e37573a8) thrown at [/ssd/Android/AOSP-openjdk/external/jetbrains/jdk/hotspot/src/share/vm/classfile/systemDic
Event: 13.444 Thread 0x00007fde80008000 Exception <a 'java/lang/ClassNotFoundException': org/gradle/api/internal/artifacts/dsl/dependencies/DefaultDependencyHandlerCustomizer> (0x00000000e3785c40) thrown at [/ssd/Android/AOSP-openjdk/external/jetbrains/jdk/hotspot/src/share/vm/classfile/systemD
Event: 13.449 Thread 0x00007fde80008000 Exception <a 'java/lang/ClassNotFoundException': org/gradle/api/internal/artifacts/dsl/dependencies/DefaultDependencyHandler_DecoratedCustomizer> (0x00000000e37c7f70) thrown at [/ssd/Android/AOSP-openjdk/external/jetbrains/jdk/hotspot/src/share/vm/classfi

Events (10 events):
Event: 32.137 loading class org/gradle/internal/Factories$1
Event: 32.137 loading class org/gradle/internal/Factories$1 done
Event: 32.957 loading class org/gradle/cache/internal/DefaultCacheAccess$5
Event: 32.957 loading class org/gradle/cache/internal/DefaultCacheAccess$5 done
Event: 33.889 loading class org/gradle/cache/internal/locklistener/DefaultFileLockContentionHandler$1
Event: 33.903 loading class org/gradle/cache/internal/locklistener/DefaultFileLockContentionHandler$1 done
Event: 35.350 Thread 0x00007fde70411000 Thread added: 0x00007fde70411000
Event: 35.583 loading class org/gradle/cache/internal/LockOnDemandCrossProcessCacheAccess$2
Event: 35.583 loading class org/gradle/cache/internal/LockOnDemandCrossProcessCacheAccess$2 done
Event: 35.807 Executing VM operation: ParallelGCFailedAllocation


Dynamic libraries:
00400000-00401000 r-xp 00000000 08:03 2385006                            /home/harshitha/Desktop/android-studio/jre/bin/java
00600000-00601000 r--p 00000000 08:03 2385006                            /home/harshitha/Desktop/android-studio/jre/bin/java
00601000-00602000 rw-p 00001000 08:03 2385006                            /home/harshitha/Desktop/android-studio/jre/bin/java
01503000-01524000 rw-p 00000000 00:00 0                                  [heap]
a0000000-a2800000 rw-p 00000000 00:00 0 
a2800000-e0000000 ---p 00000000 00:00 0 
e0000000-e4d00000 rw-p 00000000 00:00 0 
e5d80000-100000000 ---p 00000000 00:00 0 
100000000-1003ac000 rw-p 00000000 00:00 0 
1003ac000-140000000 ---p 00000000 00:00 0 
7fde60000000-7fde60021000 rw-p 00000000 00:00 0 
7fde60021000-7fde64000000 ---p 00000000 00:00 0 
7fde64000000-7fde64021000 rw-p 00000000 00:00 0 
7fde64021000-7fde68000000 ---p 00000000 00:00 0 
7fde68000000-7fde68021000 rw-p 00000000 00:00 0 
7fde68021000-7fde6c000000 ---p 00000000 00:00 0 
7fde6c000000-7fde6c021000 rw-p 00000000 00:00 0 
7fde6c021000-7fde70000000 ---p 00000000 00:00 0 
7fde70000000-7fde71238000 rw-p 00000000 00:00 0 
7fde71238000-7fde74000000 ---p 00000000 00:00 0 
7fde74000000-7fde74027000 rw-p 00000000 00:00 0 
7fde74027000-7fde78000000 ---p 00000000 00:00 0 
7fde78000000-7fde78021000 rw-p 00000000 00:00 0 
7fde78021000-7fde7c000000 ---p 00000000 00:00 0 
7fde7c000000-7fde7c021000 rw-p 00000000 00:00 0 
7fde7c021000-7fde80000000 ---p 00000000 00:00 0 
7fde80000000-7fde80021000 rw-p 00000000 00:00 0 
7fde80021000-7fde84000000 ---p 00000000 00:00 0 
7fde84000000-7fde84069000 rw-p 00000000 00:00 0 
7fde84069000-7fde88000000 ---p 00000000 00:00 0 
7fde8aac0000-7fde8aac3000 ---p 00000000 00:00 0 
7fde8aac3000-7fde8abc1000 rw-p 00000000 00:00 0                          [stack:5435]
7fde8abc1000-7fde8abc4000 ---p 00000000 00:00 0 
7fde8abc4000-7fde8adfa000 rw-p 00000000 00:00 0                          [stack:5430]
7fde8adfa000-7fde8affa000 rw-p 00000000 00:00 0 
7fde8affa000-7fde8b1fa000 rw-p 00000000 00:00 0 
7fde8b1fa000-7fde8b3fa000 rw-p 00000000 00:00 0 
7fde8b3fa000-7fde8b5fa000 rw-p 00000000 00:00 0 
7fde8b5fa000-7fde8b5fd000 ---p 00000000 00:00 0 
7fde8b5fd000-7fde8b6fb000 rw-p 00000000 00:00 0                          [stack:5428]
7fde8b6fb000-7fde8b6fe000 ---p 00000000 00:00 0 
7fde8b6fe000-7fde8b7fc000 rw-p 00000000 00:00 0                          [stack:5427]
7fde8b7fc000-7fde8b7ff000 ---p 00000000 00:00 0 
7fde8b7ff000-7fde8b8fd000 rw-p 00000000 00:00 0                          [stack:5424]
7fde8b8fd000-7fde8b900000 ---p 00000000 00:00 0 
7fde8b900000-7fde8b9fe000 rw-p 00000000 00:00 0                          [stack:5423]
7fde8b9fe000-7fde8ba01000 ---p 00000000 00:00 0 
7fde8ba01000-7fde8bcff000 rw-p 00000000 00:00 0                          [stack:5422]
7fde8bcff000-7fde8bd02000 ---p 00000000 00:00 0 
7fde8bd02000-7fde8c000000 rw-p 00000000 00:00 0                          [stack:5421]
7fde8c000000-7fde8c021000 rw-p 00000000 00:00 0 
7fde8c021000-7fde90000000 ---p 00000000 00:00 0 
7fde90000000-7fde90021000 rw-p 00000000 00:00 0 
7fde90021000-7fde94000000 ---p 00000000 00:00 0 
7fde94000000-7fde95d00000 rw-p 00000000 00:00 0 
7fde95d00000-7fde98000000 ---p 00000000 00:00 0 
7fde98000000-7fde988a0000 rw-p 00000000 00:00 0 
7fde988a0000-7fde9c000000 ---p 00000000 00:00 0 
7fde9c000000-7fde9c021000 rw-p 00000000 00:00 0 
7fde9c021000-7fdea0000000 ---p 00000000 00:00 0 
7fdea0000000-7fdea1faa000 rw-p 00000000 00:00 0 
7fdea1faa000-7fdea4000000 ---p 00000000 00:00 0 
7fdea4000000-7fdea4021000 rw-p 00000000 00:00 0 
7fdea4021000-7fdea8000000 ---p 00000000 00:00 0 
7fdea8000000-7fdea8021000 rw-p 00000000 00:00 0 
7fdea8021000-7fdeac000000 ---p 00000000 00:00 0 
7fdeac000000-7fdeac280000 rw-p 00000000 00:00 0 
7fdeac280000-7fdeb0000000 ---p 00000000 00:00 0 
7fdeb0000000-7fdeb0021000 rw-p 00000000 00:00 0 
7fdeb0021000-7fdeb4000000 ---p 00000000 00:00 0 
7fdeb4015000-7fdeb4016000 rw-p 00000000 00:00 0 
7fdeb4016000-7fdeb4017000 r--p 00000000 00:00 0 
7fdeb4017000-7fdeb4090000 r--s 010ed000 08:03 2384971                    /home/harshitha/Desktop/android-studio/jre/lib/tools.jar
7fdeb4090000-7fdeb4093000 ---p 00000000 00:00 0 
7fdeb4093000-7fdeb4191000 rw-p 00000000 00:00 0                          [stack:5420]
7fdeb4191000-7fdeb4198000 r--s 00000000 08:03 1999638                    /usr/lib/x86_64-linux-gnu/gconv/gconv-modules.cache
7fdeb4198000-7fdeb419b000 ---p 00000000 00:00 0 
7fdeb419b000-7fdeb4299000 rw-p 00000000 00:00 0                          [stack:5419]
7fdeb4299000-7fdeb42a2000 r-xp 00000000 08:03 2385107                    /home/harshitha/Desktop/android-studio/jre/jre/lib/amd64/libmanagement.so
7fdeb42a2000-7fdeb44a1000 ---p 00009000 08:03 2385107                    /home/harshitha/Desktop/android-studio/jre/jre/lib/amd64/libmanagement.so
7fdeb44a1000-7fdeb44a2000 r--p 00008000 08:03 2385107                    /home/harshitha/Desktop/android-studio/jre/jre/lib/amd64/libmanagement.so
7fdeb44a2000-7fdeb44a3000 rw-p 00009000 08:03 2385107                    /home/harshitha/Desktop/android-studio/jre/jre/lib/amd64/libmanagement.so
7fdeb44a3000-7fdeb44a8000 r--s 00098000 08:03 2385081                    /home/harshitha/Desktop/android-studio/jre/jre/lib/jsse.jar
7fdeb44a8000-7fdeb44aa000 r--s 00007000 08:03 22027                      /home/harshitha/.gradle/wrapper/dists/gradle-3.3-all/55gk2rcmfc6p2dg9u9ohc3hw9/gradle-3.3/lib/plugins/gradle-tooling-api-builders-3.3.jar
7fdeb44aa000-7fdeb44ad000 r--s 00009000 08:03 22020                      /home/harshitha/.gradle/wrapper/dists/gradle-3.3-all/55gk2rcmfc6p2dg9u9ohc3hw9/gradle-3.3/lib/plugins/gradle-testing-native-3.3.jar
7fdeb44ad000-7fdeb44b3000 r--s 00033000 08:03 22095                      /home/harshitha/.gradle/wrapper/dists/gradle-3.3-all/55gk2rcmfc6p2dg9u9ohc3hw9/gradle-3.3/lib/plugins/snakeyaml-1.6.jar
7fdeb44b3000-7fdeb44b5000 r--s 00006000 08:03 22094                      /home/harshitha/.gradle/wrapper/dists/gradle-3.3-all/55gk2rcmfc6p2dg9u9ohc3hw9/gradle-3.3/lib/plugins/jcommander-1.12.jar
7fdeb44b5000-7fdeb44ba000 r--s 00040000 08:03 22093                      /home/harshitha/.gradle/wrapper/dists/gradle-3.3-all/55gk2rcmfc6p2dg9u9ohc3hw9/gradle-3.3/lib/plugins/bsh-2.0b4.jar
7fdeb44ba000-7fdeb44bc000 r--s 00009000 08:03 22101                      /home/harshitha/.gradle/wrapper/dists/gradle-3.3-all/55gk2rcmfc6p2dg9u9ohc3hw9/gradle-3.3/lib/plugins/hamcrest-core-1.3.jar
7fdeb44bc000-7fdeb44c5000 r--s 00089000 08:03 22052                      /home/harshitha/.gradle/wrapper/dists/gradle-3.3-all/55gk2rcmfc6p2dg9u9ohc3hw9/gradle-3.3/lib/plugins/testng-6.3.1.jar
7fdeb44c5000-7fdeb44cd000 r--s 00045000 08:03 22051                      /home/harshitha/.gradle/wrapper/dists/gradle-3.3-all/55gk2rcmfc6p2dg9u9ohc3hw9/gradle-3.3/lib/plugins/junit-4.12.jar
7fdeb44cd000-7fdeb44d3000 r--s 0002e000 08:03 22021                      /home/harshitha/.gradle/wrapper/dists/gradle-3.3-all/55gk2rcmfc6p2dg9u9ohc3hw9/gradle-3.3/lib/plugins/gradle-testing-jvm-3.3.jar
7fdeb44d3000-7fdeb44d7000 r--s 00016000 08:03 22019                      /home/harshitha/.gradle/wrapper/dists/gradle-3.3-all/55gk2rcmfc6p2dg9u9ohc3hw9/gradle-3.3/lib/plugins/gradle-testing-base-3.3.jar
7fdeb44d7000-7fdeb44de000 r--s 00038000 08:03 22046                      /home/harshitha/.gradle/wrapper/dists/gradle-3.3-all/55gk2rcmfc6p2dg9u9ohc3hw9/gradle-3.3/lib/plugins/bcpg-jdk15on-1.51.jar
7fdeb44de000-7fdeb44e0000 r--s 0000c000 08:03 21998                      /home/harshitha/.gradle/wrapper/dists/gradle-3.3-all/55gk2rcmfc6p2dg9u9ohc3hw9/gradle-3.3/lib/plugins/gradle-signing-3.3.jar
7fdeb44e0000-7fdeb44e2000 r--s 00007000 08:03 21997                      /home/harshitha/.gradle/wrapper/dists/gradle-3.3-all/55gk2rcmfc6p2dg9u9ohc3hw9/gradle-3.3/lib/plugins/gradle-scala-3.3.jar
7fdeb44e2000-7fdeb44e3000 r--s 00004000 08:03 22025                      /home/harshitha/.gradle/wrapper/dists/gradle-3.3-all/55gk2rcmfc6p2dg9u9ohc3hw9/gradle-3.3/lib/plugins/gradle-resources-sftp-3.3.jar
7fdeb44e3000-7fdeb44f3000 r--s 00088000 08:03 22062                      /home/harshitha/.gradle/wrapper/dists/gradle-3.3-all/55gk2rcmfc6p2dg9u9ohc3hw9/gradle-3.3/lib/plugins/joda-time-2.8.2.jar
7fdeb44f3000-7fdeb4504000 r--s 0010d000 08:03 22061                      /home/harshitha/.gradle/wrapper/dists/gradle-3.3-all/55gk2rcmfc6p2dg9u9ohc3hw9/gradle-3.3/lib/plugins/jackson-databind-2.6.6.jar
7fdeb4504000-7fdeb4507000 r--s 00009000 08:03 22060                      /home/harshitha/.gradle/wrapper/dists/gradle-3.3-all/55gk2rcmfc6p2dg9u9ohc3hw9/gradle-3.3/lib/plugins/jackson-annotations-2.6.6.jar
7fdeb4507000-7fdeb450b000 r--s 0003c000 08:03 22059                      /home/harshitha/.gradle/wrapper/dists/gradle-3.3-all/55gk2rcmfc6p2dg9u9ohc3hw9/gradle-3.3/lib/plugins/jackson-core-2.6.6.jar
7fdeb450b000-7fdeb4519000 r--s 00087000 08:03 22058                      /home/harshitha/.gradle/wrapper/dists/gradle-3.3-all/55gk2rcmfc6p2dg9u9ohc3hw9/gradle-3.3/lib/plugins/aws-java-sdk-core-1.11.6.jar
7fdeb4519000-7fdeb4520000 r--s 00057000 08:03 22057                      /home/harshitha/.gradle/wrapper/dists/gradle-3.3-all/55gk2rcmfc6p2dg9u9ohc3hw9/gradle-3.3/lib/plugins/aws-java-sdk-kms-1.11.6.jar
7fdeb4520000-7fdeb452d000 r--s 0008e000 08:03 22056                      /home/harshitha/.gradle/wrapper/dists/gradle-3.3-all/55gk2rcmfc6p2dg9u9ohc3hw9/gradle-3.3/lib/plugins/aws-java-sdk-s3-1.11.6.jar
7fdeb452d000-7fdeb452f000 r--s 00004000 08:03 22026                      /home/harshitha/.gradle/wrapper/dists/gradle-3.3-all/55gk2rcmfc6p2dg9u9ohc3hw9/gradle-3.3/lib/plugins/gradle-resources-s3-3.3.jar
7fdeb452f000-7fdeb4531000 r--s 00005000 08:03 22050                      /home/harshitha/.gradle/wrapper/dists/gradle-3.3-all/55gk2rcmfc6p2dg9u9ohc3hw9/gradle-3.3/lib/plugins/jatl-0.2.2.jar
7fdeb4531000-7fdeb4533000 r--s 0000f000 08:03 22003                      /home/harshitha/.gradle/wrapper/dists/gradle-3.3-all/55gk2rcmfc6p2dg9u9ohc3hw9/gradle-3.3/lib/plugins/gradle-reporting-3.3.jar
7fdeb4533000-7fdeb4535000 r--s 00002000 08:03 22004                      /home/harshitha/.gradle/wrapper/dists/gradle-3.3-all/55gk2rcmfc6p2dg9u9ohc3hw9/gradle-3.3/lib/plugins/gradle-publish-3.3.jar
7fdeb4535000-7fdeb4537000 r--s 00009000 08:03 22033                      /home/harshitha/.gradle/wrapper/dists/gradle-3.3-all/55gk2rcmfc6p2dg9u9ohc3hw9/gradle-3.3/lib/plugins/commons-cli-1.2.jar
7fdeb4537000-7fdeb453d000 r--s 00031000 08:03 21989                      /home/harshitha/.gradle/wrapper/dists/gradle-3.3-all/55gk2rcmfc6p2dg9u9ohc3hw9/gradle-3.3/lib/plugins/gradle-plugins-3.3.jar
7fdeb453d000-7fdeb453f000 r--s 00009000 08:03 22022                      /home/harshitha/.gradle/wrapper/dists/gradle-3.3-all/55gk2rcmfc6p2dg9u9ohc3hw9/gradle-3.3/lib/plugins/gradle-plugin-development-3.3.jar
7fdeb453f000-7fdeb4545000 r--s 0002b000 08:03 22015                      /home/harshitha/.gradle/wrapper/dists/gradle-3.3-all/55gk2rcmfc6p2dg9u9ohc3hw9/gradle-3.3/lib/plugins/gradle-platform-play-3.3.jar
7fdeb4545000-7fdeb4553000 r--s 00055000 08:03 22014                      /home/harshitha/.gradle/wrapper/dists/gradle-3.3-all/55gk2rcmfc6p2dg9u9ohc3hw9/gradle-3.3/lib/plugins/gradle-platform-native-3.3.jar
7fdeb4553000-7fdeb4558000 r--s 0001f000 08:03 22009                      /home/harshitha/.gradle/wrapper/dists/gradle-3.3-all/55gk2rcmfc6p2dg9u9ohc3hw9/gradle-3.3/lib/plugins/gradle-platform-jvm-3.3.jar
7fdeb4558000-7fdeb4560000 r--s 00027000 08:03 22008                      /home/harshitha/.gradle/wrapper/dists/gradle-3.3-all/55gk2rcmfc6p2dg9u9ohc3hw9/gradle-3.3/lib/plugins/gradle-platform-base-3.3.jar
7fdeb4560000-7fdeb4588000 r--s 0021c000 08:03 22041                      /home/harshitha/.gradle/wrapper/dists/gradle-3.3-all/55gk2rcmfc6p2dg9u9ohc3hw9/gradle-3.3/lib/plugins/biz.aQute.bndlib-3.2.0.jar
7fdeb4588000-7fdeb458a000 r--s 00003000 08:03 21993                      /home/harshitha/.gradle/wrapper/dists/gradle-3.3-all/55gk2rcmfc6p2dg9u9ohc3hw9/gradle-3.3/lib/plugins/gradle-osgi-3.3.jar
7fdeb458a000-7fdeb458d000 r--s 0000c000 08:03 22044                      /home/harshitha/.gradle/wrapper/dists/gradle-3.3-all/55gk2rcmfc6p2dg9u9ohc3hw9/gradle-3.3/lib/plugins/pmaven-groovy-0.8-20100325.jar
7fdeb458d000-7fdeb458e000 r--s 00004000 08:03 22043                      /home/harshitha/.gradle/wrapper/dists/gradle-3.3-all/55gk2rcmfc6p2dg9u9ohc3hw9/gradle-3.3/lib/plugins/pmaven-common-0.8-20100325.jar
7fdeb458e000-7fdeb4594000 r--s 00023000 08:03 21994                      /home/harshitha/.gradle/wrapper/dists/gradle-3.3-all/55gk2rcmfc6p2dg9u9ohc3hw9/gradle-3.3/lib/plugins/gradle-maven-3.3.jar
7fdeb4594000-7fdeb4597000 r--s 0000b000 08:03 22013                      /home/harshitha/.gradle/wrapper/dists/gradle-3.3-all/55gk2rcmfc6p2dg9u9ohc3hw9/gradle-3.3/lib/plugins/gradle-language-scala-3.3.jar
7fdeb4597000-7fdeb459d000 r--s 0001a000 08:03 22017                      /home/harshitha/.gradle/wrapper/dists/gradle-3.3-all/55gk2rcmfc6p2dg9u9ohc3hw9/gradle-3.3/lib/plugins/gradle-language-native-3.3.jar
7fdeb459d000-7fdeb45a0000 r--s 00005000 08:03 22010                      /home/harshitha/.gradle/wrapper/dists/gradle-3.3-all/55gk2rcmfc6p2dg9u9ohc3hw9/gradle-3.3/lib/plugins/gradle-language-jvm-3.3.jar
7fdeb45a0000-7fdeb45a6000 r--s 00027000 08:03 22011                      /home/harshitha/.gradle/wrapper/dists/gradle-3.3-all/55gk2rcmfc6p2dg9u9ohc3hw9/gradle-3.3/lib/plugins/gradle-language-java-3.3.jar
7fdeb45a6000-7fdeb45a8000 r--s 0000a000 08:03 22012                      /home/harshitha/.gradle/wrapper/dists/gradle-3.3-all/55gk2rcmfc6p2dg9u9ohc3hw9/gradle-3.3/lib/plugins/gradle-language-groovy-3.3.jar
7fdeb45a8000-7fdeb45ab000 r--s 0001e000 08:03 22068                      /home/harshitha/.gradle/wrapper/dists/gradle-3.3-all/55gk2rcmfc6p2dg9u9ohc3hw9/gradle-3.3/lib/plugins/jsp-api-2.1-6.1.14.jar
7fdeb45ab000-7fdeb45ce000 r--s 00344000 08:03 22067                      /home/harshitha/.gradle/wrapper/dists/gradle-3.3-all/55gk2rcmfc6p2dg9u9ohc3hw9/gradle-3.3/lib/plugins/core-3.1.1.jar
7fdeb45ce000-7fdeb45cf000 r--s 00006000 08:03 22066                      /home/harshitha/.gradle/wrapper/dists/gradle-3.3-all/55gk2rcmfc6p2dg9u9ohc3hw9/gradle-3.3/lib/plugins/jetty-naming-6.1.26.jar
7fdeb45cf000-7fdeb45d0000 r--s 00002000 08:03 22040                      /home/harshitha/.gradle/wrapper/dists/gradle-3.3-all/55gk2rcmfc6p2dg9u9ohc3hw9/gradle-3.3/lib/plugins/geronimo-annotation_1.0_spec-1.0.jar
7fdeb45d0000-7fdeb45d2000 r--s 00002000 08:03 22039                      /home/harshitha/.gradle/wrapper/dists/gradle-3.3-all/55gk2rcmfc6p2dg9u9ohc3hw9/gradle-3.3/lib/plugins/jetty-annotations-6.1.26.jar
7fdeb45d2000-7fdeb45e3000 r--s 000ea000 08:03 22038                      /home/harshitha/.gradle/wrapper/dists/gradle-3.3-all/55gk2rcmfc6p2dg9u9ohc3hw9/gradle-3.3/lib/plugins/jsp-2.1-6.1.14.jar
7fdeb45e3000-7fdeb45e5000 r--s 0000d000 08:03 22037                      /home/harshitha/.gradle/wrapper/dists/gradle-3.3-all/55gk2rcmfc6p2dg9u9ohc3hw9/gradle-3.3/lib/plugins/jetty-plus-6.1.26.jar
7fdeb45e5000-7fdeb45e7000 r--s 0001f000 08:03 22036                      /home/harshitha/.gradle/wrapper/dists/gradle-3.3-all/55gk2rcmfc6p2dg9u9ohc3hw9/gradle-3.3/lib/plugins/servlet-api-2.5-20081211.jar
7fdeb45e7000-7fdeb45eb000 r--s 00028000 08:03 22035                      /home/harshitha/.gradle/wrapper/dists/gradle-3.3-all/55gk2rcmfc6p2dg9u9ohc3hw9/gradle-3.3/lib/plugins/jetty-util-6.1.26.jar
7fdeb45eb000-7fdeb45f2000 r--s 0007d000 08:03 22034                      /home/harshitha/.gradle/wrapper/dists/gradle-3.3-all/55gk2rcmfc6p2dg9u9ohc3hw9/gradle-3.3/lib/plugins/jetty-6.1.26.jar
7fdeb45f2000-7fdeb45f4000 r--s 0000a000 08:03 21991                      /home/harshitha/.gradle/wrapper/dists/gradle-3.3-all/55gk2rcmfc6p2dg9u9ohc3hw9/gradle-3.3/lib/plugins/gradle-jetty-3.3.jar
7fdeb45f4000-7fdeb45fb000 r--s 00035000 08:03 22049                      /home/harshitha/.gradle/wrapper/dists/gradle-3.3-all/55gk2rcmfc6p2dg9u9ohc3hw9/gradle-3.3/lib/plugins/simple-4.1.21.jar
7fdeb45fb000-7fdeb4607000 r--s 00100000 08:03 22047                      /home/harshitha/.gradle/wrapper/dists/gradle-3.3-all/55gk2rcmfc6p2dg9u9ohc3hw9/gradle-3.3/lib/plugins/rhino-1.7R3.jar
7fdeb4607000-7fdeb460b000 r--s 00012000 08:03 22000                      /home/harshitha/.gradle/wrapper/dists/gradle-3.3-all/55gk2rcmfc6p2dg9u9ohc3hw9/gradle-3.3/lib/plugins/gradle-javascript-3.3.jar
7fdeb460b000-7fdeb460d000 r--s 0000d000 08:03 22006                      /home/harshitha/.gradle/wrapper/dists/gradle-3.3-all/55gk2rcmfc6p2dg9u9ohc3hw9/gradle-3.3/lib/plugins/gradle-jacoco-3.3.jar
7fdeb460d000-7fdeb4610000 r--s 0000e000 08:03 22005                      /home/harshitha/.gradle/wrapper/dists/gradle-3.3-all/55gk2rcmfc6p2dg9u9ohc3hw9/gradle-3.3/lib/plugins/gradle-ivy-3.3.jar
7fdeb4610000-7fdeb4611000 r--s 00002000 08:03 22016                      /home/harshitha/.gradle/wrapper/dists/gradle-3.3-all/55gk2rcmfc6p2dg9u9ohc3hw9/gradle-3.3/lib/plugins/gradle-ide-play-3.3.jar
7fdeb4611000-7fdeb4614000 r--s 00013000 08:03 22018                      /home/harshitha/.gradle/wrapper/dists/gradle-3.3-all/55gk2rcmfc6p2dg9u9ohc3hw9/gradle-3.3/lib/plugins/gradle-ide-native-3.3.jar
7fdeb4614000-7fdeb461d000 r--s 00055000 08:03 21995                      /home/harshitha/.gradle/wrapper/dists/gradle-3.3-all/55gk2rcmfc6p2dg9u9ohc3hw9/gradle-3.3/lib/plugins/gradle-ide-3.3.jar
7fdeb461d000-7fdeb461f000 r--s 00007000 08:03 21999                      /home/harshitha/.gradle/wrapper/dists/gradle-3.3-all/55gk2rcmfc6p2dg9u9ohc3hw9/gradle-3.3/lib/plugins/gradle-ear-3.3.jar
7fdeb461f000-7fdeb4625000 r--s 00039000 08:03 22002                      /home/harshitha/.gradle/wrapper/dists/gradle-3.3-all/55gk2rcmfc6p2dg9u9ohc3hw9/gradle-3.3/lib/plugins/gradle-diagnostics-3.3.jar
7fdeb4625000-7fdeb4626000 r--s 00009000 08:03 22028                      /home/harshitha/.gradle/wrapper/dists/gradle-3.3-all/55gk2rcmfc6p2dg9u9ohc3hw9/gradle-3.3/lib/plugins/gradle-composite-builds-3.3.jar
7fdeb4626000-7fdeb462a000 r--s 00023000 08:03 21990                      /home/harshitha/.gradle/wrapper/dists/gradle-3.3-all/55gk2rcmfc6p2dg9u9ohc3hw9/gradle-3.3/lib/plugins/gradle-code-quality-3.3.jar
7fdeb462a000-7fdeb462e000 r--s 00022000 08:03 22007                      /home/harshitha/.gradle/wrapper/dists/gradle-3.3-all/55gk2rcmfc6p2dg9u9ohc3hw9/gradle-3.3/lib/plugins/gradle-build-init-3.3.jar
7fdeb462e000-7fdeb4634000 r--s 0008e000 08:03 22001                      /home/harshitha/.gradle/wrapper/dists/gradle-3.3-all/55gk2rcmfc6p2dg9u9ohc3hw9/gradle-3.3/lib/plugins/gradle-build-comparison-3.3.jar
7fdeb4634000-7fdeb4635000 r--s 00001000 08:03 22029                      /home/harshitha/.gradle/wrapper/dists/gradle-3.3-all/55gk2rcmfc6p2dg9u9ohc3hw9/gradle-3.3/lib/plugins/gradle-build-cache-http-3.3.jar
7fdeb4635000-7fdeb4637000 r--s 00008000 08:03 21992                      /home/harshitha/.gradle/wrapper/dists/gradle-3.3-all/55gk2rcmfc6p2dg9u9ohc3hw9/gradle-3.3/lib/plugins/gradle-antlr-3.3.jar
7fdeb4637000-7fdeb4639000 r--s 00004000 08:03 21996                      /home/harshitha/.gradle/wrapper/dists/gradle-3.3-all/55gk2rcmfc6p2dg9u9ohc3hw9/gradle-3.3/lib/plugins/gradle-announce-3.3.jar
7fdeb4639000-7fdeb4651000 r--s 00115000 08:03 22098                      /home/harshitha/.gradle/wrapper/dists/gradle-3.3-all/55gk2rcmfc6p2dg9u9ohc3hw9/gradle-3.3/lib/plugins/xercesImpl-2.9.1.jar
7fdeb4651000-7fdeb4659000 r--s 00028000 08:03 22099                      /home/harshitha/.gradle/wrapper/dists/gradle-3.3-all/55gk2rcmfc6p2dg9u9ohc3hw9/gradle-3.3/lib/plugins/xml-apis-1.3.04.jar
7fdeb4659000-7fdeb465f000 r--s 0005b000 08:03 22097                      /home/harshitha/.gradle/wrapper/dists/gradle-3.3-all/55gk2rcmfc6p2dg9u9ohc3hw9/gradle-3.3/lib/plugins/jcifs-1.3.17.jar
7fdeb465f000-7fdeb4665000 r--s 00033000 08:03 22045                      /home/harshitha/.gradle/wrapper/dists/gradle-3.3-all/55gk2rcmfc6p2dg9u9ohc3hw9/gradle-3.3/lib/plugins/commons-codec-1.6.jar
7fdeb4665000-7fdeb466c000 r--s 00049000 08:03 22096                      /home/harshitha/.gradle/wrapper/dists/gradle-3.3-all/55gk2rcmfc6p2dg9u9ohc3hw9/gradle-3.3/lib/plugins/httpcore-4.4.4.jar
7fdeb466c000-7fdeb466f000 r--s 0001c000 08:03 22054                      /home/harshitha/.gradle/wrapper/dists/gradle-3.3-all/55gk2rcmfc6p2dg9u9ohc3hw9/gradle-3.3/lib/plugins/nekohtml-1.9.14.jar
7fdeb466f000-7fdeb467c000 r--s 000a4000 08:03 22053                      /home/harshitha/.gradle/wrapper/dists/gradle-3.3-all/55gk2rcmfc6p2dg9u9ohc3hw9/gradle-3.3/lib/plugins/httpclient-4.4.1.jar
7fdeb467c000-7fdeb467f000 r--s 0000a000 08:03 22024                      /home/harshitha/.gradle/wrapper/dists/gradle-3.3-all/55gk2rcmfc6p2dg9u9ohc3hw9/gradle-3.3/lib/plugins/gradle-resources-http-3.3.jar
7fdeb467f000-7fdeb4683000 r--s 00015000 08:03 22023                      /home/harshitha/.gradle/wrapper/dists/gradle-3.3-all/55gk2rcmfc6p2dg9u9ohc3hw9/gradle-3.3/lib/plugins/gradle-plugin-use-3.3.jar
7fdeb4683000-7fdeb4684000 r--s 00000000 08:03 21935                      /home/harshitha/.gradle/wrapper/dists/gradle-3.3-all/55gk2rcmfc6p2dg9u9ohc3hw9/gradle-3.3/lib/gradle-installation-beacon-3.3.jar
7fdeb4684000-7fdeb4686000 r--s 00006000 08:03 22092                      /home/harshitha/.gradle/wrapper/dists/gradle-3.3-all/55gk2rcmfc6p2dg9u9ohc3hw9/gradle-3.3/lib/plugins/aether-connector-wagon-1.13.1.jar
7fdeb4686000-7fdeb468a000 r--s 0001c000 08:03 22091                      /home/harshitha/.gradle/wrapper/dists/gradle-3.3-all/55gk2rcmfc6p2dg9u9ohc3hw9/gradle-3.3/lib/plugins/aether-util-1.13.1.jar
7fdeb468a000-7fdeb468b000 r--s 00003000 08:03 22090                      /home/harshitha/.gradle/wrapper/dists/gradle-3.3-all/55gk2rcmfc6p2dg9u9ohc3hw9/gradle-3.3/lib/plugins/aether-spi-1.13.1.jar
7fdeb468b000-7fdeb468e000 r--s 0001d000 08:03 22089                      /home/harshitha/.gradle/wrapper/dists/gradle-3.3-all/55gk2rcmfc6p2dg9u9ohc3hw9/gradle-3.3/lib/plugins/aether-impl-1.13.1.jar
7fdeb468e000-7fdeb4691000 r--s 00013000 08:03 22088                      /home/harshitha/.gradle/wrapper/dists/gradle-3.3-all/55gk2rcmfc6p2dg9u9ohc3hw9/gradle-3.3/lib/plugins/aether-api-1.13.1.jar
7fdeb4691000-7fdeb4692000 r--s 00007000 08:03 22087                      /home/harshitha/.gradle/wrapper/dists/gradle-3.3-all/55gk2rcmfc6p2dg9u9ohc3hw9/gradle-3.3/lib/plugins/wagon-http-shared4-2.4.jar
7fdeb4692000-7fdeb4694000 r--s 0000b000 08:03 22086                      /home/harshitha/.gradle/wrapper/dists/gradle-3.3-all/55gk2rcmfc6p2dg9u9ohc3hw9/gradle-3.3/lib/plugins/wagon-provider-api-2.4.jar
7fdeb4694000-7fdeb4695000 r--s 00002000 08:03 22085                      /home/harshitha/.gradle/wrapper/dists/gradle-3.3-all/55gk2rcmfc6p2dg9u9ohc3hw9/gradle-3.3/lib/plugins/wagon-http-2.4.jar
7fdeb4695000-7fdeb4696000 r--s 00002000 08:03 22084                      /home/harshitha/.gradle/wrapper/dists/gradle-3.3-all/55gk2rcmfc6p2dg9u9ohc3hw9/gradle-3.3/lib/plugins/wagon-file-2.4.jar
7fdeb4696000-7fdeb4698000 r--s 0000c000 08:03 22083                      /home/harshitha/.gradle/wrapper/dists/gradle-3.3-all/55gk2rcmfc6p2dg9u9ohc3hw9/gradle-3.3/lib/plugins/maven-aether-provider-3.0.4.jar
7fdeb4698000-7fdeb469a000 r--s 0000b000 08:03 22082                      /home/harshitha/.gradle/wrapper/dists/gradle-3.3-all/55gk2rcmfc6p2dg9u9ohc3hw9/gradle-3.3/lib/plugins/maven-plugin-api-3.0.4.jar
7fdeb469a000-7fdeb469c000 r--s 00006000 08:03 22081                      /home/harshitha/.gradle/wrapper/dists/gradle-3.3-all/55gk2rcmfc6p2dg9u9ohc3hw9/gradle-3.3/lib/plugins/maven-repository-metadata-3.0.4.jar
7fdeb469c000-7fdeb469e000 r--s 0000b000 08:03 22080                      /home/harshitha/.gradle/wrapper/dists/gradle-3.3-all/55gk2rcmfc6p2dg9u9ohc3hw9/gradle-3.3/lib/plugins/maven-artifact-3.0.4.jar
7fdeb469e000-7fdeb46a0000 r--s 00026000 08:03 22079                      /home/harshitha/.gradle/wrapper/dists/gradle-3.3-all/55gk2rcmfc6p2dg9u9ohc3hw9/gradle-3.3/lib/plugins/maven-model-3.0.4.jar
7fdeb46a0000-7fdeb46a4000 r--s 00021000 08:03 22078                      /home/harshitha/.gradle/wrapper/dists/gradle-3.3-all/55gk2rcmfc6p2dg9u9ohc3hw9/gradle-3.3/lib/plugins/maven-model-builder-3.0.4.jar
7fdeb46a4000-7fdeb46aa000 r--s 0003f000 08:03 22077                      /home/harshitha/.gradle/wrapper/dists/gradle-3.3-all/55gk2rcmfc6p2dg9u9ohc3hw9/gradle-3.3/lib/plugins/maven-compat-3.0.4.jar
7fdeb46aa000-7fdeb46ab000 r--s 00006000 08:03 22076                      /home/harshitha/.gradle/wrapper/dists/gradle-3.3-all/55gk2rcmfc6p2dg9u9ohc3hw9/gradle-3.3/lib/plugins/plexus-sec-dispatcher-1.3.jar
7fdeb46ab000-7fdeb46ad000 r--s 00002000 08:03 22075                      /home/harshitha/.gradle/wrapper/dists/gradle-3.3-all/55gk2rcmfc6p2dg9u9ohc3hw9/gradle-3.3/lib/plugins/plexus-cipher-1.7.jar
7fdeb46ad000-7fdeb46af000 r--s 0000a000 08:03 22074                      /home/harshitha/.gradle/wrapper/dists/gradle-3.3-all/55gk2rcmfc6p2dg9u9ohc3hw9/gradle-3.3/lib/plugins/plexus-classworlds-2.4.jar
7fdeb46af000-7fdeb46b6000 r--s 0002e000 08:03 22073                      /home/harshitha/.gradle/wrapper/dists/gradle-3.3-all/55gk2rcmfc6p2dg9u9ohc3hw9/gradle-3.3/lib/plugins/plexus-container-default-1.5.5.jar
7fdeb46b6000-7fdeb46b8000 r--s 00000000 08:03 22100                      /home/harshitha/.gradle/wrapper/dists/gradle-3.3-all/55gk2rcmfc6p2dg9u9ohc3hw9/gradle-3.3/lib/plugins/plexus-component-annotations-1.5.5.jar
7fdeb46b8000-7fdeb46ba000 r--s 0000d000 08:03 22072                      /home/harshitha/.gradle/wrapper/dists/gradle-3.3-all/55gk2rcmfc6p2dg9u9ohc3hw9/gradle-3.3/lib/plugins/plexus-interpolation-1.14.jar
7fdeb46ba000-7fdeb46be000 r--s 00033000 08:03 22071                      /home/harshitha/.gradle/wrapper/dists/gradle-3.3-all/55gk2rcmfc6p2dg9u9ohc3hw9/gradle-3.3/lib/plugins/plexus-utils-2.0.6.jar
7fdeb46be000-7fdeb46c1000 r--s 00008000 08:03 22070                      /home/harshitha/.gradle/wrapper/dists/gradle-3.3-all/55gk2rcmfc6p2dg9u9ohc3hw9/gradle-3.3/lib/plugins/maven-settings-builder-3.0.4.jar
7fdeb46c1000-7fdeb46c6000 r--s 00040000 08:03 22055                      /home/harshitha/.gradle/wrapper/dists/gradle-3.3-all/55gk2rcmfc6p2dg9u9ohc3hw9/gradle-3.3/lib/plugins/jsch-0.1.53.jar
7fdeb46c6000-7fdeb4706000 r--s 00277000 08:03 22065                      /home/harshitha/.gradle/wrapper/dists/gradle-3.3-all/55gk2rcmfc6p2dg9u9ohc3hw9/gradle-3.3/lib/plugins/bcprov-jdk15on-1.51.jar
7fdeb4706000-7fdeb470a000 r--s 0001d000 08:03 22064                      /home/harshitha/.gradle/wrapper/dists/gradle-3.3-all/55gk2rcmfc6p2dg9u9ohc3hw9/gradle-3.3/lib/plugins/xbean-reflect-3.4.jar
7fdeb470a000-7fdeb4716000 r--s 0007d000 08:03 22042                      /home/harshitha/.gradle/wrapper/dists/gradle-3.3-all/55gk2rcmfc6p2dg9u9ohc3hw9/gradle-3.3/lib/plugins/maven-core-3.0.4.jar
7fdeb4716000-7fdeb471b000 r--s 00034000 08:03 22048                      /home/harshitha/.gradle/wrapper/dists/gradle-3.3-all/55gk2rcmfc6p2dg9u9ohc3hw9/gradle-3.3/lib/plugins/gson-2.7.jar
7fdeb471b000-7fdeb472a000 r--s 000d9000 08:03 22063                      /home/harshitha/.gradle/wrapper/dists/gradle-3.3-all/55gk2rcmfc6p2dg9u9ohc3hw9/gradle-3.3/lib/plugins/ivy-2.2.0.jar
7fdeb472a000-7fdeb4740000 r-xp 00000000 08:03 659433                     /lib/x86_64-linux-gnu/libgcc_s.so.1
7fdeb4740000-7fdeb493f000 ---p 00016000 08:03 659433                     /lib/x86_64-linux-gnu/libgcc_s.so.1
7fdeb493f000-7fdeb4940000 rw-p 00015000 08:03 659433                     /lib/x86_64-linux-gnu/libgcc_s.so.1
7fdeb4940000-7fdeb4a26000 r-xp 00000000 08:03 1706207                    /usr/lib/x86_64-linux-gnu/libstdc++.so.6.0.19
7fdeb4a26000-7fdeb4c25000 ---p 000e6000 08:03 1706207                    /usr/lib/x86_64-linux-gnu/libstdc++.so.6.0.19
7fdeb4c25000-7fdeb4c2d000 r--p 000e5000 08:03 1706207                    /usr/lib/x86_64-linux-gnu/libstdc++.so.6.0.19
7fdeb4c2d000-7fdeb4c2f000 rw-p 000ed000 08:03 1706207                    /usr/lib/x86_64-linux-gnu/libstdc++.so.6.0.19
7fdeb4c2f000-7fdeb4c44000 rw-p 00000000 00:00 0 
7fdeb4c44000-7fdeb4c46000 r--s 0000a000 08:03 22069                      /home/harshitha/.gradle/wrapper/dists/gradle-3.3-all/55gk2rcmfc6p2dg9u9ohc3hw9/gradle-3.3/lib/plugins/maven-settings-3.0.4.jar
7fdeb4c46000-7fdeb4c65000 r--s 000f6000 08:03 22031                      /home/harshitha/.gradle/wrapper/dists/gradle-3.3-all/55gk2rcmfc6p2dg9u9ohc3hw9/gradle-3.3/lib/plugins/gradle-dependency-management-3.3.jar
7fdeb4c65000-7fdeb4c67000 r--s 00005000 08:03 22030                      /home/harshitha/.gradle/wrapper/dists/gradle-3.3-all/55gk2rcmfc6p2dg9u9ohc3hw9/gradle-3.3/lib/plugins/gradle-workers-3.3.jar
7fdeb4c67000-7fdeb4c6c000 r-xp 00000000 08:03 2396711                    /home/harshitha/.gradle/native/23/linux-amd64/libnative-platform.so
7fdeb4c6c000-7fdeb4e6b000 ---p 00005000 08:03 2396711                    /home/harshitha/.gradle/native/23/linux-amd64/libnative-platform.so
7fdeb4e6b000-7fdeb4e6c000 rw-p 00004000 08:03 2396711                    /home/harshitha/.gradle/native/23/linux-amd64/libnative-platform.so
7fdeb4e6c000-7fdeb4e7d000 r-xp 00000000 08:03 2385095                    /home/harshitha/Desktop/android-studio/jre/jre/lib/amd64/libnio.so
7fdeb4e7d000-7fdeb507c000 ---p 00011000 08:03 2385095                    /home/harshitha/Desktop/android-studio/jre/jre/lib/amd64/libnio.so
7fdeb507c000-7fdeb507d000 r--p 00010000 08:03 2385095                    /home/harshitha/Desktop/android-studio/jre/jre/lib/amd64/libnio.so
7fdeb507d000-7fdeb507e000 rw-p 00011000 08:03 2385095                    /home/harshitha/Desktop/android-studio/jre/jre/lib/amd64/libnio.so
7fdeb507e000-7fdeb5095000 r-xp 00000000 08:03 2385093                    /home/harshitha/Desktop/android-studio/jre/jre/lib/amd64/libnet.so
7fdeb5095000-7fdeb5294000 ---p 00017000 08:03 2385093                    /home/harshitha/Desktop/android-studio/jre/jre/lib/amd64/libnet.so
7fdeb5294000-7fdeb5295000 r--p 00016000 08:03 2385093                    /home/harshitha/Desktop/android-studio/jre/jre/lib/amd64/libnet.so
7fdeb5295000-7fdeb5296000 rw-p 00017000 08:03 2385093                    /home/harshitha/Desktop/android-studio/jre/jre/lib/amd64/libnet.so
7fdeb5296000-7fdeb5297000 r--s 00006000 08:03 21934                      /home/harshitha/.gradle/wrapper/dists/gradle-3.3-all/55gk2rcmfc6p2dg9u9ohc3hw9/gradle-3.3/lib/gradle-wrapper-3.3.jar
7fdeb5297000-7fdeb52a4000 r--s 00041000 08:03 21941                      /home/harshitha/.gradle/wrapper/dists/gradle-3.3-all/55gk2rcmfc6p2dg9u9ohc3hw9/gradle-3.3/lib/gradle-tooling-api-3.3.jar
7fdeb52a4000-7fdeb52a6000 r--s 00002000 08:03 21961                      /home/harshitha/.gradle/wrapper/dists/gradle-3.3-all/55gk2rcmfc6p2dg9u9ohc3hw9/gradle-3.3/lib/gradle-open-api-3.3.jar
7fdeb52a6000-7fdeb52ac000 r--s 00032000 08:03 21963                      /home/harshitha/.gradle/wrapper/dists/gradle-3.3-all/55gk2rcmfc6p2dg9u9ohc3hw9/gradle-3.3/lib/jaxen-1.1.jar
7fdeb52ac000-7fdeb52b1000 r--s 00048000 08:03 21962                      /home/harshitha/.gradle/wrapper/dists/gradle-3.3-all/55gk2rcmfc6p2dg9u9ohc3hw9/gradle-3.3/lib/dom4j-1.6.1.jar
7fdeb52b1000-7fdeb52bc000 r--s 00059000 08:03 21940                      /home/harshitha/.gradle/wrapper/dists/gradle-3.3-all/55gk2rcmfc6p2dg9u9ohc3hw9/gradle-3.3/lib/gradle-ui-3.3.jar
7fdeb52bc000-7fdeb52c5000 r--s 0008c000 08:03 21932                      /home/harshitha/.gradle/wrapper/dists/gradle-3.3-all/55gk2rcmfc6p2dg9u9ohc3hw9/gradle-3.3/lib/kotlin-stdlib-1.1-M02.jar
7fdeb52c5000-7fdeb52cb000 r--s 0002a000 08:03 21931                      /home/harshitha/.gradle/wrapper/dists/gradle-3.3-all/55gk2rcmfc6p2dg9u9ohc3hw9/gradle-3.3/lib/kotlin-runtime-1.1-M02.jar
7fdeb52cb000-7fdeb52ff000 r--s 00256000 08:03 21930                      /home/harshitha/.gradle/wrapper/dists/gradle-3.3-all/55gk2rcmfc6p2dg9u9ohc3hw9/gradle-3.3/lib/kotlin-reflect-1.1-M02.jar
7fdeb52ff000-7fdeb5495000 r--s 0157e000 08:03 21929                      /home/harshitha/.gradle/wrapper/dists/gradle-3.3-all/55gk2rcmfc6p2dg9u9ohc3hw9/gradle-3.3/lib/kotlin-compiler-embeddable-1.1-M02.jar
7fdeb5495000-7fdeb549d000 r--s 0004e000 08:03 21928                      /home/harshitha/.gradle/wrapper/dists/gradle-3.3-all/55gk2rcmfc6p2dg9u9ohc3hw9/gradle-3.3/lib/gradle-script-kotlin-0.5.1.jar
7fdeb549d000-7fdeb54a0000 r--s 0000b000 08:03 21959                      /home/harshitha/.gradle/wrapper/dists/gradle-3.3-all/55gk2rcmfc6p2dg9u9ohc3hw9/gradle-3.3/lib/gradle-resources-3.3.jar
7fdeb54a0000-7fdeb54a2000 r--s 00003000 08:03 21968                      /home/harshitha/.gradle/wrapper/dists/gradle-3.3-all/55gk2rcmfc6p2dg9u9ohc3hw9/gradle-3.3/lib/jcl-over-slf4j-1.7.10.jar
7fdeb54a2000-7fdeb54a3000 r--s 00005000 08:03 21967                      /home/harshitha/.gradle/wrapper/dists/gradle-3.3-all/55gk2rcmfc6p2dg9u9ohc3hw9/gradle-3.3/lib/log4j-over-slf4j-1.7.10.jar
7fdeb54a3000-7fdeb54a5000 r--s 00000000 08:03 21966                      /home/harshitha/.gradle/wrapper/dists/gradle-3.3-all/55gk2rcmfc6p2dg9u9ohc3hw9/gradle-3.3/lib/jul-to-slf4j-1.7.10.jar
7fdeb54a5000-7fdeb54aa000 r--s 0001e000 08:03 21943                      /home/harshitha/.gradle/wrapper/dists/gradle-3.3-all/55gk2rcmfc6p2dg9u9ohc3hw9/gradle-3.3/lib/gradle-logging-3.3.jar
7fdeb54aa000-7fdeb54ac000 r--s 00007000 08:03 21987                      /home/harshitha/.gradle/wrapper/dists/gradle-3.3-all/55gk2rcmfc6p2dg9u9ohc3hw9/gradle-3.3/lib/objenesis-1.2.jar
7fdeb54ac000-7fdeb54ae000 r--s 00000000 08:03 21986                      /home/harshitha/.gradle/wrapper/dists/gradle-3.3-all/55gk2rcmfc6p2dg9u9ohc3hw9/gradle-3.3/lib/minlog-1.2.jar
7fdeb54ae000-7fdeb54b0000 r--s 0000f000 08:03 21985                      /home/harshitha/.gradle/wrapper/dists/gradle-3.3-all/55gk2rcmfc6p2dg9u9ohc3hw9/gradle-3.3/lib/reflectasm-1.07-shaded.jar
7fdeb54b0000-7fdeb54b4000 r--s 00026000 08:03 21970                      /home/harshitha/.gradle/wrapper/dists/gradle-3.3-all/55gk2rcmfc6p2dg9u9ohc3hw9/gradle-3.3/lib/kryo-2.20.jar
7fdeb54b4000-7fdeb54ba000 r--s 00027000 08:03 21958                      /home/harshitha/.gradle/wrapper/dists/gradle-3.3-all/55gk2rcmfc6p2dg9u9ohc3hw9/gradle-3.3/lib/gradle-messaging-3.3.jar
7fdeb54ba000-7fdeb54bb000 r--s 00001000 08:03 21984                      /home/harshitha/.gradle/wrapper/dists/gradle-3.3-all/55gk2rcmfc6p2dg9u9ohc3hw9/gradle-3.3/lib/native-platform-linux-i386-ncurses6-0.12.jar
7fdeb54bb000-7fdeb54bc000 r--s 00001000 08:03 21983                      /home/harshitha/.gradle/wrapper/dists/gradle-3.3-all/55gk2rcmfc6p2dg9u9ohc3hw9/gradle-3.3/lib/native-platform-linux-i386-ncurses5-0.12.jar
7fdeb54bc000-7fdeb54bd000 r--s 00001000 08:03 21982                      /home/harshitha/.gradle/wrapper/dists/gradle-3.3-all/55gk2rcmfc6p2dg9u9ohc3hw9/gradle-3.3/lib/native-platform-linux-amd64-ncurses6-0.12.jar
7fdeb54bd000-7fdeb54be000 r--s 00001000 08:03 21981                      /home/harshitha/.gradle/wrapper/dists/gradle-3.3-all/55gk2rcmfc6p2dg9u9ohc3hw9/gradle-3.3/lib/native-platform-linux-amd64-ncurses5-0.12.jar
7fdeb54be000-7fdeb54bf000 r--s 0000b000 08:03 21980                      /home/harshitha/.gradle/wrapper/dists/gradle-3.3-all/55gk2rcmfc6p2dg9u9ohc3hw9/gradle-3.3/lib/native-platform-windows-i386-0.12.jar
7fdeb54bf000-7fdeb54c1000 r--s 0000b000 08:03 21979                      /home/harshitha/.gradle/wrapper/dists/gradle-3.3-all/55gk2rcmfc6p2dg9u9ohc3hw9/gradle-3.3/lib/native-platform-windows-amd64-0.12.jar
7fdeb54c1000-7fdeb54c3000 r--s 00002000 08:03 21978                      /home/harshitha/.gradle/wrapper/dists/gradle-3.3-all/55gk2rcmfc6p2dg9u9ohc3hw9/gradle-3.3/lib/native-platform-osx-i386-0.12.jar
7fdeb54c3000-7fdeb54c4000 r--s 00002000 08:03 21977                      /home/harshitha/.gradle/wrapper/dists/gradle-3.3-all/55gk2rcmfc6p2dg9u9ohc3hw9/gradle-3.3/lib/native-platform-osx-amd64-0.12.jar
7fdeb54c4000-7fdeb54c5000 r--s 00002000 08:03 21976                      /home/harshitha/.gradle/wrapper/dists/gradle-3.3-all/55gk2rcmfc6p2dg9u9ohc3hw9/gradle-3.3/lib/native-platform-linux-i386-0.12.jar
7fdeb54c5000-7fdeb54c6000 r--s 00002000 08:03 21975                      /home/harshitha/.gradle/wrapper/dists/gradle-3.3-all/55gk2rcmfc6p2dg9u9ohc3hw9/gradle-3.3/lib/native-platform-linux-amd64-0.12.jar
7fdeb54c6000-7fdeb54c7000 r--s 00003000 08:03 21974                      /home/harshitha/.gradle/wrapper/dists/gradle-3.3-all/55gk2rcmfc6p2dg9u9ohc3hw9/gradle-3.3/lib/native-platform-freebsd-i386-libstdcpp-0.12.jar
7fdeb54c7000-7fdeb54c9000 r--s 00003000 08:03 21972                      /home/harshitha/.gradle/wrapper/dists/gradle-3.3-all/55gk2rcmfc6p2dg9u9ohc3hw9/gradle-3.3/lib/native-platform-freebsd-amd64-libstdcpp-0.12.jar
7fdeb54c9000-7fdeb54cc000 r--s 00023000 08:03 21965                      /home/harshitha/.gradle/wrapper/dists/gradle-3.3-all/55gk2rcmfc6p2dg9u9ohc3hw9/gradle-3.3/lib/jansi-1.14.jar
7fdeb54cc000-7fdeb54d0000 r--s 00011000 08:03 21964                      /home/harshitha/.gradle/wrapper/dists/gradle-3.3-all/55gk2rcmfc6p2dg9u9ohc3hw9/gradle-3.3/lib/native-platform-0.12.jar
7fdeb54d0000-7fdeb5540000 r--s 00641000 08:03 21948                      /home/harshitha/.gradle/wrapper/dists/gradle-3.3-all/55gk2rcmfc6p2dg9u9ohc3hw9/gradle-3.3/lib/groovy-all-2.4.7.jar
7fdeb5540000-7fdeb5568000 r--s 001cf000 08:03 21945                      /home/harshitha/.gradle/wrapper/dists/gradle-3.3-all/55gk2rcmfc6p2dg9u9ohc3hw9/gradle-3.3/lib/guava-jdk5-17.0.jar
7fdeb5568000-7fdeb5587000 r--s 001d1000 08:03 21952                      /home/harshitha/.gradle/wrapper/dists/gradle-3.3-all/55gk2rcmfc6p2dg9u9ohc3hw9/gradle-3.3/lib/ant-1.9.6.jar
7fdeb5587000-7fdeb55c4000 r--s 001f8000 08:03 21938                      /home/harshitha/.gradle/wrapper/dists/gradle-3.3-all/55gk2rcmfc6p2dg9u9ohc3hw9/gradle-3.3/lib/gradle-core-3.3.jar
7fdeb55c4000-7fdeb55c5000 ---p 00000000 00:00 0 
7fdeb55c5000-7fdeb56c5000 rw-p 00000000 00:00 0                          [stack:5418]
7fdeb56c5000-7fdeb56c8000 ---p 00000000 00:00 0 
7fdeb56c8000-7fdeb57c6000 rw-p 00000000 00:00 0                          [stack:5417]
7fdeb57c6000-7fdeb57c9000 ---p 00000000 00:00 0 
7fdeb57c9000-7fdeb58c7000 rw-p 00000000 00:00 0                          [stack:5416]
7fdeb58c7000-7fdeb58ca000 ---p 00000000 00:00 0 
7fdeb58ca000-7fdeb59c8000 rw-p 00000000 00:00 0                          [stack:5415]
7fdeb59c8000-7fdeb59cb000 ---p 00000000 00:00 0 
7fdeb59cb000-7fdeb5ac9000 rw-p 00000000 00:00 0                          [stack:5414]
7fdeb5ac9000-7fdeb5acc000 ---p 00000000 00:00 0 
7fdeb5acc000-7fdeb5bca000 rw-p 00000000 00:00 0                          [stack:5413]
7fdeb5bca000-7fdeb62ac000 r--p 00000000 08:03 1711936                    /usr/lib/locale/locale-archive
7fdeb62ac000-7fdeb62af000 ---p 00000000 00:00 0 
7fdeb62af000-7fdeb63ad000 rw-p 00000000 00:00 0                          [stack:5412]
7fdeb63ad000-7fdeb63b0000 ---p 00000000 00:00 0 
7fdeb63b0000-7fdeb64ae000 rw-p 00000000 00:00 0                          [stack:5411]
7fdeb64ae000-7fdeb64af000 ---p 00000000 00:00 0 
7fdeb64af000-7fdeb8000000 rw-p 00000000 00:00 0                          [stack:5410]
7fdeb8000000-7fdeb8021000 rw-p 00000000 00:00 0 
7fdeb8021000-7fdebc000000 ---p 00000000 00:00 0 
7fdebc000000-7fdebc022000 rw-p 00000000 00:00 0 
7fdebc022000-7fdec0000000 ---p 00000000 00:00 0 
7fdec0000000-7fdec0021000 rw-p 00000000 00:00 0 
7fdec0021000-7fdec4000000 ---p 00000000 00:00 0 
7fdec4000000-7fdec4001000 r--s 00004000 08:03 21973                      /home/harshitha/.gradle/wrapper/dists/gradle-3.3-all/55gk2rcmfc6p2dg9u9ohc3hw9/gradle-3.3/lib/native-platform-freebsd-i386-libcpp-0.12.jar
7fdec4001000-7fdec4002000 r--s 00004000 08:03 21971                      /home/harshitha/.gradle/wrapper/dists/gradle-3.3-all/55gk2rcmfc6p2dg9u9ohc3hw9/gradle-3.3/lib/native-platform-freebsd-amd64-libcpp-0.12.jar
7fdec4002000-7fdec4005000 r--s 0000a000 08:03 21942                      /home/harshitha/.gradle/wrapper/dists/gradle-3.3-all/55gk2rcmfc6p2dg9u9ohc3hw9/gradle-3.3/lib/gradle-native-3.3.jar
7fdec4005000-7fdec4014000 r--s 0007f000 08:03 21949                      /home/harshitha/.gradle/wrapper/dists/gradle-3.3-all/55gk2rcmfc6p2dg9u9ohc3hw9/gradle-3.3/lib/gradle-model-core-3.3.jar
7fdec4014000-7fdec4056000 rw-p 00000000 00:00 0 
7fdec4056000-7fdec4225000 r--s 03c1b000 08:03 2385063                    /home/harshitha/Desktop/android-studio/jre/jre/lib/rt.jar
7fdec4225000-7fdec729b000 rw-p 00000000 00:00 0 
7fdec729b000-7fdec729c000 ---p 00000000 00:00 0 
7fdec729c000-7fdec739c000 rw-p 00000000 00:00 0                          [stack:5409]
7fdec739c000-7fdec739d000 ---p 00000000 00:00 0 
7fdec739d000-7fdec749d000 rw-p 00000000 00:00 0                          [stack:5408]
7fdec749d000-7fdec749e000 ---p 00000000 00:00 0 
7fdec749e000-7fdec759e000 rw-p 00000000 00:00 0                          [stack:5407]
7fdec759e000-7fdec759f000 ---p 00000000 00:00 0 
7fdec759f000-7fdec76b3000 rw-p 00000000 00:00 0                          [stack:5406]
7fdec76b3000-7fdec789f000 ---p 00000000 00:00 0 
7fdec789f000-7fdec78b3000 rw-p 00000000 00:00 0 
7fdec78b3000-7fdec7a9f000 ---p 00000000 00:00 0 
7fdec7a9f000-7fdec7ac6000 rw-p 00000000 00:00 0 
7fdec7ac6000-7fdec7b9f000 ---p 00000000 00:00 0 
7fdec7b9f000-7fdec7bbe000 rw-p 00000000 00:00 0 
7fdec7bbe000-7fdec7f60000 ---p 00000000 00:00 0 
7fdec7f60000-7fdec86b0000 rwxp 00000000 00:00 0 
7fdec86b0000-7fded6f60000 ---p 00000000 00:00 0 
7fded6f60000-7fded6f7a000 r-xp 00000000 08:03 2385090                    /home/harshitha/Desktop/android-studio/jre/jre/lib/amd64/libzip.so
7fded6f7a000-7fded717a000 ---p 0001a000 08:03 2385090                    /home/harshitha/Desktop/android-studio/jre/jre/lib/amd64/libzip.so
7fded717a000-7fded717b000 r--p 0001a000 08:03 2385090                    /home/harshitha/Desktop/android-studio/jre/jre/lib/amd64/libzip.so
7fded717b000-7fded717c000 rw-p 0001b000 08:03 2385090                    /home/harshitha/Desktop/android-studio/jre/jre/lib/amd64/libzip.so
7fded717c000-7fded7186000 r-xp 00000000 08:03 687066                     /lib/x86_64-linux-gnu/libnss_files-2.19.so
7fded7186000-7fded7385000 ---p 0000a000 08:03 687066                     /lib/x86_64-linux-gnu/libnss_files-2.19.so
7fded7385000-7fded7386000 r--p 00009000 08:03 687066                     /lib/x86_64-linux-gnu/libnss_files-2.19.so
7fded7386000-7fded7387000 rw-p 0000a000 08:03 687066                     /lib/x86_64-linux-gnu/libnss_files-2.19.so
7fded7387000-7fded7392000 r-xp 00000000 08:03 673954                     /lib/x86_64-linux-gnu/libnss_nis-2.19.so
7fded7392000-7fded7591000 ---p 0000b000 08:03 673954                     /lib/x86_64-linux-gnu/libnss_nis-2.19.so
7fded7591000-7fded7592000 r--p 0000a000 08:03 673954                     /lib/x86_64-linux-gnu/libnss_nis-2.19.so
7fded7592000-7fded7593000 rw-p 0000b000 08:03 673954                     /lib/x86_64-linux-gnu/libnss_nis-2.19.so
7fded7593000-7fded75aa000 r-xp 00000000 08:03 687060                     /lib/x86_64-linux-gnu/libnsl-2.19.so
7fded75aa000-7fded77a9000 ---p 00017000 08:03 687060                     /lib/x86_64-linux-gnu/libnsl-2.19.so
7fded77a9000-7fded77aa000 r--p 00016000 08:03 687060                     /lib/x86_64-linux-gnu/libnsl-2.19.so
7fded77aa000-7fded77ab000 rw-p 00017000 08:03 687060                     /lib/x86_64-linux-gnu/libnsl-2.19.so
7fded77ab000-7fded77ad000 rw-p 00000000 00:00 0 
7fded77ad000-7fded77b6000 r-xp 00000000 08:03 687058                     /lib/x86_64-linux-gnu/libnss_compat-2.19.so
7fded77b6000-7fded79b5000 ---p 00009000 08:03 687058                     /lib/x86_64-linux-gnu/libnss_compat-2.19.so
7fded79b5000-7fded79b6000 r--p 00008000 08:03 687058                     /lib/x86_64-linux-gnu/libnss_compat-2.19.so
7fded79b6000-7fded79b7000 rw-p 00009000 08:03 687058                     /lib/x86_64-linux-gnu/libnss_compat-2.19.so
7fded79b7000-7fded79e4000 r-xp 00000000 08:03 2385100                    /home/harshitha/Desktop/android-studio/jre/jre/lib/amd64/libjava.so
7fded79e4000-7fded7be3000 ---p 0002d000 08:03 2385100                    /home/harshitha/Desktop/android-studio/jre/jre/lib/amd64/libjava.so
7fded7be3000-7fded7be4000 r--p 0002c000 08:03 2385100                    /home/harshitha/Desktop/android-studio/jre/jre/lib/amd64/libjava.so
7fded7be4000-7fded7be6000 rw-p 0002d000 08:03 2385100                    /home/harshitha/Desktop/android-studio/jre/jre/lib/amd64/libjava.so
7fded7be6000-7fded7bf6000 r-xp 00000000 08:03 2385116                    /home/harshitha/Desktop/android-studio/jre/jre/lib/amd64/libverify.so
7fded7bf6000-7fded7df5000 ---p 00010000 08:03 2385116                    /home/harshitha/Desktop/android-studio/jre/jre/lib/amd64/libverify.so
7fded7df5000-7fded7df7000 r--p 0000f000 08:03 2385116                    /home/harshitha/Desktop/android-studio/jre/jre/lib/amd64/libverify.so
7fded7df7000-7fded7df8000 rw-p 00011000 08:03 2385116                    /home/harshitha/Desktop/android-studio/jre/jre/lib/amd64/libverify.so
7fded7df8000-7fded7dff000 r-xp 00000000 08:03 672794                     /lib/x86_64-linux-gnu/librt-2.19.so
7fded7dff000-7fded7ffe000 ---p 00007000 08:03 672794                     /lib/x86_64-linux-gnu/librt-2.19.so
7fded7ffe000-7fded7fff000 r--p 00006000 08:03 672794                     /lib/x86_64-linux-gnu/librt-2.19.so
7fded7fff000-7fded8000000 rw-p 00007000 08:03 672794                     /lib/x86_64-linux-gnu/librt-2.19.so
7fded8000000-7fded8d03000 rw-p 00000000 00:00 0 
7fded8d03000-7fdedc000000 ---p 00000000 00:00 0 
7fdedc000000-7fdedc002000 r--s 00005000 08:03 21939                      /home/harshitha/.gradle/wrapper/dists/gradle-3.3-all/55gk2rcmfc6p2dg9u9ohc3hw9/gradle-3.3/lib/gradle-cli-3.3.jar
7fdedc002000-7fdedc004000 r--s 00007000 08:03 21950                      /home/harshitha/.gradle/wrapper/dists/gradle-3.3-all/55gk2rcmfc6p2dg9u9ohc3hw9/gradle-3.3/lib/gradle-model-groovy-3.3.jar
7fdedc004000-7fdedc006000 r--s 00006000 08:03 21957                      /home/harshitha/.gradle/wrapper/dists/gradle-3.3-all/55gk2rcmfc6p2dg9u9ohc3hw9/gradle-3.3/lib/gradle-base-services-groovy-3.3.jar
7fdedc006000-7fdedc007000 r--s 00002000 08:03 21960                      /home/harshitha/.gradle/wrapper/dists/gradle-3.3-all/55gk2rcmfc6p2dg9u9ohc3hw9/gradle-3.3/lib/gradle-docs-3.3.jar
7fdedc007000-7fdedc014000 r--s 00083000 08:03 21953                      /home/harshitha/.gradle/wrapper/dists/gradle-3.3-all/55gk2rcmfc6p2dg9u9ohc3hw9/gradle-3.3/lib/commons-collections-3.2.2.jar
7fdedc014000-7fdedc062000 rw-p 00000000 00:00 0 
7fdedc062000-7fdedc167000 r-xp 00000000 08:03 687061                     /lib/x86_64-linux-gnu/libm-2.19.so
7fdedc167000-7fdedc366000 ---p 00105000 08:03 687061                     /lib/x86_64-linux-gnu/libm-2.19.so
7fdedc366000-7fdedc367000 r--p 00104000 08:03 687061                     /lib/x86_64-linux-gnu/libm-2.19.so
7fdedc367000-7fdedc368000 rw-p 00105000 08:03 687061                     /lib/x86_64-linux-gnu/libm-2.19.so
7fdedc368000-7fdedcf59000 r-xp 00000000 08:03 2385120                    /home/harshitha/Desktop/android-studio/jre/jre/lib/amd64/server/libjvm.so
7fdedcf59000-7fdedd159000 ---p 00bf1000 08:03 2385120                    /home/harshitha/Desktop/android-studio/jre/jre/lib/amd64/server/libjvm.so
7fdedd159000-7fdedd1f8000 r--p 00bf1000 08:03 2385120                    /home/harshitha/Desktop/android-studio/jre/jre/lib/amd64/server/libjvm.so
7fdedd1f8000-7fdedd221000 rw-p 00c90000 08:03 2385120                    /home/harshitha/Desktop/android-studio/jre/jre/lib/amd64/server/libjvm.so
7fdedd221000-7fdedd265000 rw-p 00000000 00:00 0 
7fdedd265000-7fdedd27e000 r-xp 00000000 08:03 687068                     /lib/x86_64-linux-gnu/libpthread-2.19.so
7fdedd27e000-7fdedd47d000 ---p 00019000 08:03 687068                     /lib/x86_64-linux-gnu/libpthread-2.19.so
7fdedd47d000-7fdedd47e000 r--p 00018000 08:03 687068                     /lib/x86_64-linux-gnu/libpthread-2.19.so
7fdedd47e000-7fdedd47f000 rw-p 00019000 08:03 687068                     /lib/x86_64-linux-gnu/libpthread-2.19.so
7fdedd47f000-7fdedd483000 rw-p 00000000 00:00 0 
7fdedd483000-7fdedd486000 r-xp 00000000 08:03 687067                     /lib/x86_64-linux-gnu/libdl-2.19.so
7fdedd486000-7fdedd685000 ---p 00003000 08:03 687067                     /lib/x86_64-linux-gnu/libdl-2.19.so
7fdedd685000-7fdedd686000 r--p 00002000 08:03 687067                     /lib/x86_64-linux-gnu/libdl-2.19.so
7fdedd686000-7fdedd687000 rw-p 00003000 08:03 687067                     /lib/x86_64-linux-gnu/libdl-2.19.so
7fdedd687000-7fdedd845000 r-xp 00000000 08:03 687057                     /lib/x86_64-linux-gnu/libc-2.19.so
7fdedd845000-7fdedda44000 ---p 001be000 08:03 687057                     /lib/x86_64-linux-gnu/libc-2.19.so
7fdedda44000-7fdedda48000 r--p 001bd000 08:03 687057                     /lib/x86_64-linux-gnu/libc-2.19.so
7fdedda48000-7fdedda4a000 rw-p 001c1000 08:03 687057                     /lib/x86_64-linux-gnu/libc-2.19.so
7fdedda4a000-7fdedda4f000 rw-p 00000000 00:00 0 
7fdedda4f000-7fdedda65000 r-xp 00000000 08:03 2384980                    /home/harshitha/Desktop/android-studio/jre/lib/amd64/jli/libjli.so
7fdedda65000-7fdeddc64000 ---p 00016000 08:03 2384980                    /home/harshitha/Desktop/android-studio/jre/lib/amd64/jli/libjli.so
7fdeddc64000-7fdeddc65000 r--p 00015000 08:03 2384980                    /home/harshitha/Desktop/android-studio/jre/lib/amd64/jli/libjli.so
7fdeddc65000-7fdeddc66000 rw-p 00016000 08:03 2384980                    /home/harshitha/Desktop/android-studio/jre/lib/amd64/jli/libjli.so
7fdeddc66000-7fdeddc89000 r-xp 00000000 08:03 687065                     /lib/x86_64-linux-gnu/ld-2.19.so
7fdeddc89000-7fdeddc8a000 r--s 00000000 08:03 21956                      /home/harshitha/.gradle/wrapper/dists/gradle-3.3-all/55gk2rcmfc6p2dg9u9ohc3hw9/gradle-3.3/lib/javax.inject-1.jar
7fdeddc8a000-7fdeddc8b000 r--s 00000000 08:03 21955                      /home/harshitha/.gradle/wrapper/dists/gradle-3.3-all/55gk2rcmfc6p2dg9u9ohc3hw9/gradle-3.3/lib/jcip-annotations-1.0.jar
7fdeddc8b000-7fdeddc8f000 r--s 00027000 08:03 21954                      /home/harshitha/.gradle/wrapper/dists/gradle-3.3-all/55gk2rcmfc6p2dg9u9ohc3hw9/gradle-3.3/lib/commons-io-2.2.jar
7fdeddc8f000-7fdeddc94000 r--s 00038000 08:03 21951                      /home/harshitha/.gradle/wrapper/dists/gradle-3.3-all/55gk2rcmfc6p2dg9u9ohc3hw9/gradle-3.3/lib/asm-all-5.1.jar
7fdeddc94000-7fdeddc95000 r--s 00001000 08:03 21947                      /home/harshitha/.gradle/wrapper/dists/gradle-3.3-all/55gk2rcmfc6p2dg9u9ohc3hw9/gradle-3.3/lib/gradle-process-services-3.3.jar
7fdeddc95000-7fdeddc97000 r--s 00000000 08:03 21937                      /home/harshitha/.gradle/wrapper/dists/gradle-3.3-all/55gk2rcmfc6p2dg9u9ohc3hw9/gradle-3.3/lib/gradle-jvm-services-3.3.jar
7fdeddc97000-7fdeddc9c000 r--s 00041000 08:03 21946                      /home/harshitha/.gradle/wrapper/dists/gradle-3.3-all/55gk2rcmfc6p2dg9u9ohc3hw9/gradle-3.3/lib/commons-lang-2.6.jar
7fdeddc9c000-7fdeddd5e000 rw-p 00000000 00:00 0 
7fdeddd5e000-7fdeddd61000 ---p 00000000 00:00 0 
7fdeddd61000-7fdedde63000 rw-p 00000000 00:00 0                          [stack:5405]
7fdedde63000-7fdedde64000 r--s 00000000 08:03 22102                      /home/harshitha/.gradle/wrapper/dists/gradle-3.3-all/55gk2rcmfc6p2dg9u9ohc3hw9/gradle-3.3/lib/gradle-version-info-3.3.jar
7fdedde64000-7fdedde65000 r--s 00007000 08:03 21944                      /home/harshitha/.gradle/wrapper/dists/gradle-3.3-all/55gk2rcmfc6p2dg9u9ohc3hw9/gradle-3.3/lib/slf4j-api-1.7.10.jar
7fdedde65000-7fdedde66000 r--s 00004000 08:03 21969                      /home/harshitha/.gradle/wrapper/dists/gradle-3.3-all/55gk2rcmfc6p2dg9u9ohc3hw9/gradle-3.3/lib/ant-launcher-1.9.6.jar
7fdedde66000-7fdedde6f000 r--s 00042000 08:03 21936                      /home/harshitha/.gradle/wrapper/dists/gradle-3.3-all/55gk2rcmfc6p2dg9u9ohc3hw9/gradle-3.3/lib/gradle-base-services-3.3.jar
7fdedde6f000-7fdedde7c000 r--s 0005c000 08:03 21933                      /home/harshitha/.gradle/wrapper/dists/gradle-3.3-all/55gk2rcmfc6p2dg9u9ohc3hw9/gradle-3.3/lib/gradle-launcher-3.3.jar
7fdedde7c000-7fdedde84000 rw-s 00000000 08:03 1201020                    /tmp/hsperfdata_harshitha/5402
7fdedde84000-7fdedde85000 rw-p 00000000 00:00 0 
7fdedde85000-7fdedde86000 ---p 00000000 00:00 0 
7fdedde86000-7fdedde88000 rw-p 00000000 00:00 0 
7fdedde88000-7fdedde89000 r--p 00022000 08:03 687065                     /lib/x86_64-linux-gnu/ld-2.19.so
7fdedde89000-7fdedde8a000 rw-p 00023000 08:03 687065                     /lib/x86_64-linux-gnu/ld-2.19.so
7fdedde8a000-7fdedde8b000 rw-p 00000000 00:00 0 
7ffe1eef6000-7ffe1ef17000 rw-p 00000000 00:00 0                          [stack]
7ffe1efc8000-7ffe1efca000 r-xp 00000000 00:00 0                          [vdso]
ffffffffff600000-ffffffffff601000 r-xp 00000000 00:00 0                  [vsyscall]

VM Arguments:
jvm_args: -Xmx1536m -Dfile.encoding=UTF-8 -Duser.country=IN -Duser.language=en -Duser.variant 
java_command: org.gradle.launcher.daemon.bootstrap.GradleDaemon 3.3
java_class_path (initial): /home/harshitha/.gradle/wrapper/dists/gradle-3.3-all/55gk2rcmfc6p2dg9u9ohc3hw9/gradle-3.3/lib/gradle-launcher-3.3.jar
Launcher Type: SUN_STANDARD

Environment Variables:
JAVA_HOME=/usr/local/java/jdk1.8.0_121
PATH=/usr/local/java/jdk1.8.0_121/bin:/usr/local/sbin:/usr/local/bin:/usr/sbin:/usr/bin:/sbin:/bin:/usr/games:/usr/local/games
LD_LIBRARY_PATH=.:
SHELL=/bin/bash
DISPLAY=:0

Signal Handlers:
SIGSEGV: [libjvm.so+0x9e5150], sa_mask[0]=11111111011111111101111111111110, sa_flags=SA_RESTART|SA_SIGINFO
SIGBUS: [libjvm.so+0x9e5150], sa_mask[0]=11111111011111111101111111111110, sa_flags=SA_RESTART|SA_SIGINFO
SIGFPE: [libjvm.so+0x848450], sa_mask[0]=11111111011111111101111111111110, sa_flags=SA_RESTART|SA_SIGINFO
SIGPIPE: [libjvm.so+0x848450], sa_mask[0]=11111111011111111101111111111110, sa_flags=SA_RESTART|SA_SIGINFO
SIGXFSZ: [libjvm.so+0x848450], sa_mask[0]=11111111011111111101111111111110, sa_flags=SA_RESTART|SA_SIGINFO
SIGILL: [libjvm.so+0x848450], sa_mask[0]=11111111011111111101111111111110, sa_flags=SA_RESTART|SA_SIGINFO
SIGUSR1: SIG_DFL, sa_mask[0]=00000000000000000000000000000000, sa_flags=none
SIGUSR2: [libjvm.so+0x848320], sa_mask[0]=00100000000000000000000000000000, sa_flags=SA_RESTART|SA_SIGINFO
SIGHUP: [libjvm.so+0x848510], sa_mask[0]=11111111011111111101111111111110, sa_flags=SA_RESTART|SA_SIGINFO
SIGINT: [libjvm.so+0x848510], sa_mask[0]=11111111011111111101111111111110, sa_flags=SA_RESTART|SA_SIGINFO
SIGTERM: [libjvm.so+0x848510], sa_mask[0]=11111111011111111101111111111110, sa_flags=SA_RESTART|SA_SIGINFO
SIGQUIT: [libjvm.so+0x848510], sa_mask[0]=11111111011111111101111111111110, sa_flags=SA_RESTART|SA_SIGINFO


---------------  S Y S T E M  ---------------

OS:DISTRIB_ID=Ubuntu
DISTRIB_RELEASE=14.04
DISTRIB_CODENAME=trusty
DISTRIB_DESCRIPTION="Ubuntu 14.04.5 LTS"

uname:Linux 3.13.0-117-generic #164-Ubuntu SMP Fri Apr 7 11:05:26 UTC 2017 x86_64
libc:glibc 2.19 NPTL 2.19 
rlimit: STACK 8192k, CORE 0k, NPROC 30511, NOFILE 4096, AS infinity
load average:7.15 4.09 2.09

/proc/meminfo:
MemTotal:        3927876 kB
MemFree:          101864 kB
Buffers:             252 kB
Cached:           577436 kB
SwapCached:            0 kB
Active:          3101832 kB
Inactive:         573784 kB
Active(anon):    3100516 kB
Inactive(anon):   568532 kB
Active(file):       1316 kB
Inactive(file):     5252 kB
Unevictable:          84 kB
Mlocked:              84 kB
SwapTotal:             0 kB
SwapFree:              0 kB
Dirty:                16 kB
Writeback:             0 kB
AnonPages:       3098052 kB
Mapped:           199984 kB
Shmem:            571080 kB
Slab:              59508 kB
SReclaimable:      29336 kB
SUnreclaim:        30172 kB
KernelStack:        3712 kB
PageTables:        30560 kB
NFS_Unstable:          0 kB
Bounce:                0 kB
WritebackTmp:          0 kB
CommitLimit:     1963936 kB
Committed_AS:    5915916 kB
VmallocTotal:   34359738367 kB
VmallocUsed:      352536 kB
VmallocChunk:   34359326136 kB
HardwareCorrupted:     0 kB
AnonHugePages:   1124352 kB
HugePages_Total:       0
HugePages_Free:        0
HugePages_Rsvd:        0
HugePages_Surp:        0
Hugepagesize:       2048 kB
DirectMap4k:       63104 kB
DirectMap2M:     4012032 kB


CPU:total 4 (2 cores per cpu, 2 threads per core) family 6 model 42 stepping 7, cmov, cx8, fxsr, mmx, sse, sse2, sse3, ssse3, sse4.1, sse4.2, popcnt, avx, aes, clmul, ht, tsc, tscinvbit

/proc/cpuinfo:
processor	: 0
vendor_id	: GenuineIntel
cpu family	: 6
model		: 42
model name	: Intel(R) Core(TM) i7-2640M CPU @ 2.80GHz
stepping	: 7
microcode	: 0x29
cpu MHz		: 2801.000
cache size	: 4096 KB
physical id	: 0
siblings	: 4
core id		: 0
cpu cores	: 2
apicid		: 0
initial apicid	: 0
fpu		: yes
fpu_exception	: yes
cpuid level	: 13
wp		: yes
flags		: fpu vme de pse tsc msr pae mce cx8 apic sep mtrr pge mca cmov pat pse36 clflush dts acpi mmx fxsr sse sse2 ss ht tm pbe syscall nx rdtscp lm constant_tsc arch_perfmon pebs bts nopl xtopology nonstop_tsc aperfmperf eagerfpu pni pclmulqdq dtes64 monitor ds_cpl vmx smx est tm2 ssse3 cx16 xtpr pdcm pcid sse4_1 sse4_2 x2apic popcnt tsc_deadline_timer aes xsave avx lahf_lm ida arat epb xsaveopt pln pts dtherm tpr_shadow vnmi flexpriority ept vpid
bogomips	: 5581.90
clflush size	: 64
cache_alignment	: 64
address sizes	: 36 bits physical, 48 bits virtual
power management:

processor	: 1
vendor_id	: GenuineIntel
cpu family	: 6
model		: 42
model name	: Intel(R) Core(TM) i7-2640M CPU @ 2.80GHz
stepping	: 7
microcode	: 0x29
cpu MHz		: 2801.000
cache size	: 4096 KB
physical id	: 0
siblings	: 4
core id		: 0
cpu cores	: 2
apicid		: 1
initial apicid	: 1
fpu		: yes
fpu_exception	: yes
cpuid level	: 13
wp		: yes
flags		: fpu vme de pse tsc msr pae mce cx8 apic sep mtrr pge mca cmov pat pse36 clflush dts acpi mmx fxsr sse sse2 ss ht tm pbe syscall nx rdtscp lm constant_tsc arch_perfmon pebs bts nopl xtopology nonstop_tsc aperfmperf eagerfpu pni pclmulqdq dtes64 monitor ds_cpl vmx smx est tm2 ssse3 cx16 xtpr pdcm pcid sse4_1 sse4_2 x2apic popcnt tsc_deadline_timer aes xsave avx lahf_lm ida arat epb xsaveopt pln pts dtherm tpr_shadow vnmi flexpriority ept vpid
bogomips	: 5581.90
clflush size	: 64
cache_alignment	: 64
address sizes	: 36 bits physical, 48 bits virtual
power management:

processor	: 2
vendor_id	: GenuineIntel
cpu family	: 6
model		: 42
model name	: Intel(R) Core(TM) i7-2640M CPU @ 2.80GHz
stepping	: 7
microcode	: 0x29
cpu MHz		: 2801.000
cache size	: 4096 KB
physical id	: 0
siblings	: 4
core id		: 1
cpu cores	: 2
apicid		: 2
initial apicid	: 2
fpu		: yes
fpu_exception	: yes
cpuid level	: 13
wp		: yes
flags		: fpu vme de pse tsc msr pae mce cx8 apic sep mtrr pge mca cmov pat pse36 clflush dts acpi mmx fxsr sse sse2 ss ht tm pbe syscall nx rdtscp lm constant_tsc arch_perfmon pebs bts nopl xtopology nonstop_tsc aperfmperf eagerfpu pni pclmulqdq dtes64 monitor ds_cpl vmx smx est tm2 ssse3 cx16 xtpr pdcm pcid sse4_1 sse4_2 x2apic popcnt tsc_deadline_timer aes xsave avx lahf_lm ida arat epb xsaveopt pln pts dtherm tpr_shadow vnmi flexpriority ept vpid
bogomips	: 5581.90
clflush size	: 64
cache_alignment	: 64
address sizes	: 36 bits physical, 48 bits virtual
power management:

processor	: 3
vendor_id	: GenuineIntel
cpu family	: 6
model		: 42
model name	: Intel(R) Core(TM) i7-2640M CPU @ 2.80GHz
stepping	: 7
microcode	: 0x29
cpu MHz		: 800.000
cache size	: 4096 KB
physical id	: 0
siblings	: 4
core id		: 1
cpu cores	: 2
apicid		: 3
initial apicid	: 3
fpu		: yes
fpu_exception	: yes
cpuid level	: 13
wp		: yes
flags		: fpu vme de pse tsc msr pae mce cx8 apic sep mtrr pge mca cmov pat pse36 clflush dts acpi mmx fxsr sse sse2 ss ht tm pbe syscall nx rdtscp lm constant_tsc arch_perfmon pebs bts nopl xtopology nonstop_tsc aperfmperf eagerfpu pni pclmulqdq dtes64 monitor ds_cpl vmx smx est tm2 ssse3 cx16 xtpr pdcm pcid sse4_1 sse4_2 x2apic popcnt tsc_deadline_timer aes xsave avx lahf_lm ida arat epb xsaveopt pln pts dtherm tpr_shadow vnmi flexpriority ept vpid
bogomips	: 5581.90
clflush size	: 64
cache_alignment	: 64
address sizes	: 36 bits physical, 48 bits virtual
power management:



Memory: 4k page, physical 3927876k(101864k free), swap 0k(0k free)

vm_info: OpenJDK 64-Bit Server VM (25.112-b06) for linux-amd64 JRE (1.8.0_112-release-b06), built on Dec  6 2016 12:11:18 by "builder" with gcc 4.8.4

time: Mon Jun 19 21:17:40 2017
elapsed time: 37 seconds (0d 0h 0m 37s)

