#
# There is insufficient memory for the Java Runtime Environment to continue.
# Native memory allocation (mmap) failed to map 76546048 bytes for committing reserved memory.
# Possible reasons:
#   The system is out of physical RAM or swap space
#   In 32 bit mode, the process size limit was hit
# Possible solutions:
#   Reduce memory load on the system
#   Increase physical memory or swap space
#   Check if swap backing store is full
#   Use 64 bit Java on a 64 bit OS
#   Decrease Java heap size (-Xmx/-Xms)
#   Decrease number of Java threads
#   Decrease Java thread stack sizes (-Xss)
#   Set larger code cache with -XX:ReservedCodeCacheSize=
# This output file may be truncated or incomplete.
#
#  Out of Memory Error (os_linux.cpp:2627), pid=5465, tid=0x00007f6e4ccfc700
#
# JRE version: OpenJDK Runtime Environment (8.0_112-b06) (build 1.8.0_112-release-b06)
# Java VM: OpenJDK 64-Bit Server VM (25.112-b06 mixed mode linux-amd64 compressed oops)
# Failed to write core dump. Core dumps have been disabled. To enable core dumping, try "ulimit -c unlimited" before starting Java again
#

---------------  T H R E A D  ---------------

Current thread (0x00007f6e5c077800):  VMThread [stack: 0x00007f6e4cbfc000,0x00007f6e4ccfd000] [id=5473]

Stack: [0x00007f6e4cbfc000,0x00007f6e4ccfd000],  sp=0x00007f6e4ccfb460,  free space=1021k
Native frames: (J=compiled Java code, j=interpreted, Vv=VM code, C=native code)
V  [libjvm.so+0x9e465d]  VMError::report_and_die()+0x15d
V  [libjvm.so+0x4b6ada]  report_vm_out_of_memory(char const*, int, unsigned long, VMErrorType, char const*)+0x8a
V  [libjvm.so+0x84c860]  os::pd_commit_memory(char*, unsigned long, unsigned long, bool)+0xf0
V  [libjvm.so+0x84737f]  os::commit_memory(char*, unsigned long, unsigned long, bool)+0x1f
V  [libjvm.so+0x8bd3db]  PSVirtualSpace::expand_by(unsigned long)+0x5b
V  [libjvm.so+0x8be050]  PSYoungGen::resize_generation(unsigned long, unsigned long)+0xb0
V  [libjvm.so+0x8be36b]  PSYoungGen::resize(unsigned long, unsigned long)+0x1b
V  [libjvm.so+0x8baa5c]  PSScavenge::invoke_no_policy()+0xdac
V  [libjvm.so+0x8b4560]  PSParallelCompact::invoke(bool)+0x40
V  [libjvm.so+0x446d63]  CollectedHeap::collect_as_vm_thread(GCCause::Cause)+0x143
V  [libjvm.so+0x9e5a91]  VM_CollectForMetadataAllocation::doit()+0x141
V  [libjvm.so+0x9ea537]  VM_Operation::evaluate()+0x47
V  [libjvm.so+0x9e8ff8]  VMThread::evaluate_operation(VM_Operation*)+0x2c8
V  [libjvm.so+0x9e9479]  VMThread::loop()+0x219
V  [libjvm.so+0x9e98c2]  VMThread::run()+0x72
V  [libjvm.so+0x849c82]  java_start(Thread*)+0xf2

VM_Operation (0x00007f6e17231e30): CollectForMetadataAllocation, mode: safepoint, requested by thread 0x00007f6e04008000


---------------  P R O C E S S  ---------------

Java Threads: ( => current thread )
  0x00007f6e5cd06800 JavaThread "pool-1-thread-1" [_thread_blocked, id=5491, stack(0x00007f6e16e31000,0x00007f6e16f32000)]
  0x00007f6e00009800 JavaThread "Stdin handler" [_thread_blocked, id=5490, stack(0x00007f6e16f32000,0x00007f6e17033000)]
  0x00007f6e00008000 JavaThread "Asynchronous log dispatcher for DefaultDaemonConnection: socket connection from /127.0.0.1:53205 to /127.0.0.1:52523" [_thread_blocked, id=5489, stack(0x00007f6e17033000,0x00007f6e17134000)]
  0x00007f6e04008000 JavaThread "Daemon worker" [_thread_blocked, id=5486, stack(0x00007f6e17134000,0x00007f6e17235000)]
  0x00007f6e04006800 JavaThread "Cancel handler" [_thread_blocked, id=5485, stack(0x00007f6e17235000,0x00007f6e17336000)]
  0x00007f6e04005800 JavaThread "Handler for socket connection from /127.0.0.1:53205 to /127.0.0.1:52523" [_thread_in_native, id=5484, stack(0x00007f6e17536000,0x00007f6e17637000)]
  0x00007f6e0c013800 JavaThread "Daemon" [_thread_blocked, id=5483, stack(0x00007f6e17637000,0x00007f6e17738000)]
  0x00007f6e5cca2800 JavaThread "Incoming local TCP Connector on port 53205" [_thread_in_native, id=5482, stack(0x00007f6e1793f000,0x00007f6e17a40000)]
  0x00007f6e5c0bf800 JavaThread "Service Thread" daemon [_thread_blocked, id=5480, stack(0x00007f6e44dfe000,0x00007f6e44eff000)]
  0x00007f6e5c0bc800 JavaThread "C1 CompilerThread2" daemon [_thread_blocked, id=5479, stack(0x00007f6e44eff000,0x00007f6e45000000)]
  0x00007f6e5c0ba800 JavaThread "C2 CompilerThread1" daemon [_thread_blocked, id=5478, stack(0x00007f6e4c015000,0x00007f6e4c116000)]
  0x00007f6e5c0b8000 JavaThread "C2 CompilerThread0" daemon [_thread_blocked, id=5477, stack(0x00007f6e4c116000,0x00007f6e4c217000)]
  0x00007f6e5c0b6800 JavaThread "Signal Dispatcher" daemon [_thread_blocked, id=5476, stack(0x00007f6e4c217000,0x00007f6e4c318000)]
  0x00007f6e5c083800 JavaThread "Finalizer" daemon [_thread_blocked, id=5475, stack(0x00007f6e4c9fa000,0x00007f6e4cafb000)]
  0x00007f6e5c07f000 JavaThread "Reference Handler" daemon [_thread_blocked, id=5474, stack(0x00007f6e4cafb000,0x00007f6e4cbfc000)]
  0x00007f6e5c00a000 JavaThread "main" [_thread_blocked, id=5468, stack(0x00007f6e65505000,0x00007f6e65606000)]

Other Threads:
=>0x00007f6e5c077800 VMThread [stack: 0x00007f6e4cbfc000,0x00007f6e4ccfd000] [id=5473]
  0x00007f6e5c0c2000 WatcherThread [stack: 0x00007f6e44cfd000,0x00007f6e44dfe000] [id=5481]

VM state:at safepoint (normal execution)

VM Mutex/Monitor currently owned by a thread:  ([mutex/lock_event])
[0x00007f6e5c006460] Threads_lock - owner thread: 0x00007f6e5c077800
[0x00007f6e5c006960] Heap_lock - owner thread: 0x00007f6e04008000

Heap:
 PSYoungGen      total 64000K, used 2544K [0x00000000e0000000, 0x00000000e4100000, 0x0000000100000000)
  eden space 61440K, 0% used [0x00000000e0000000,0x00000000e0000000,0x00000000e3c00000)
  from space 2560K, 99% used [0x00000000e3c00000,0x00000000e3e7c030,0x00000000e3e80000)
  to   space 2560K, 0% used [0x00000000e3e80000,0x00000000e3e80000,0x00000000e4100000)
 ParOldGen       total 40960K, used 12411K [0x00000000a0000000, 0x00000000a2800000, 0x00000000e0000000)
  object space 40960K, 30% used [0x00000000a0000000,0x00000000a0c1ed68,0x00000000a2800000)
 Metaspace       used 20899K, capacity 21164K, committed 21296K, reserved 1067008K
  class space    used 2748K, capacity 2838K, committed 2864K, reserved 1048576K

Card table byte_map: [0x00007f6e620a8000,0x00007f6e623a9000] byte_map_base: 0x00007f6e61ba8000

Marking Bits: (ParMarkBitMap*) 0x00007f6e649dd340
 Begin Bits: [0x00007f6e45000000, 0x00007f6e46800000)
 End Bits:   [0x00007f6e46800000, 0x00007f6e48000000)

Polling page: 0x00007f6e6562c000

CodeCache: size=245760Kb used=6820Kb max_used=6820Kb free=238939Kb
 bounds [0x00007f6e4d000000, 0x00007f6e4d6b0000, 0x00007f6e5c000000]
 total_blobs=2302 nmethods=1676 adapters=540
 compilation: enabled

Compilation events (10 events):
Event: 16.810 Thread 0x00007f6e5c0bc800 1682       1       org.gradle.internal.reflect.MethodSet::getValues (5 bytes)
Event: 16.810 Thread 0x00007f6e5c0bc800 nmethod 1682 0x00007f6e4d6aa550 code [0x00007f6e4d6aa6a0, 0x00007f6e4d6aa7b0]
Event: 16.810 Thread 0x00007f6e5c0bc800 1684       3       java.util.AbstractCollection::isEmpty (13 bytes)
Event: 16.811 Thread 0x00007f6e5c0bc800 nmethod 1684 0x00007f6e4d6aa810 code [0x00007f6e4d6aa980, 0x00007f6e4d6aabe8]
Event: 16.811 Thread 0x00007f6e5c0bc800 1685       3       org.objectweb.asm.MethodWriter::visitMethodInsn (220 bytes)
Event: 16.812 Thread 0x00007f6e5c0bc800 nmethod 1685 0x00007f6e4d6aac90 code [0x00007f6e4d6aae80, 0x00007f6e4d6ab508]
Event: 16.812 Thread 0x00007f6e5c0bc800 1687       3       org.objectweb.asm.Type::a (269 bytes)
Event: 16.813 Thread 0x00007f6e5c0bc800 nmethod 1687 0x00007f6e4d6ab890 code [0x00007f6e4d6aba80, 0x00007f6e4d6ac370]
Event: 16.813 Thread 0x00007f6e5c0bc800 1686       3       org.objectweb.asm.ClassWriter::a (91 bytes)
Event: 16.813 Thread 0x00007f6e5c0bc800 nmethod 1686 0x00007f6e4d6ac750 code [0x00007f6e4d6ac960, 0x00007f6e4d6ad018]

GC Heap History (9 events):
Event: 0.568 GC heap before
{Heap before GC invocations=1 (full 0):
 PSYoungGen      total 17920K, used 15360K [0x00000000e0000000, 0x00000000e1400000, 0x0000000100000000)
  eden space 15360K, 100% used [0x00000000e0000000,0x00000000e0f00000,0x00000000e0f00000)
  from space 2560K, 0% used [0x00000000e1180000,0x00000000e1180000,0x00000000e1400000)
  to   space 2560K, 0% used [0x00000000e0f00000,0x00000000e0f00000,0x00000000e1180000)
 ParOldGen       total 40960K, used 0K [0x00000000a0000000, 0x00000000a2800000, 0x00000000e0000000)
  object space 40960K, 0% used [0x00000000a0000000,0x00000000a0000000,0x00000000a2800000)
 Metaspace       used 6081K, capacity 6216K, committed 6528K, reserved 1056768K
  class space    used 747K, capacity 792K, committed 896K, reserved 1048576K
Event: 0.628 GC heap after
Heap after GC invocations=1 (full 0):
 PSYoungGen      total 17920K, used 2552K [0x00000000e0000000, 0x00000000e2300000, 0x0000000100000000)
  eden space 15360K, 0% used [0x00000000e0000000,0x00000000e0000000,0x00000000e0f00000)
  from space 2560K, 99% used [0x00000000e0f00000,0x00000000e117e2a8,0x00000000e1180000)
  to   space 2560K, 0% used [0x00000000e2080000,0x00000000e2080000,0x00000000e2300000)
 ParOldGen       total 40960K, used 305K [0x00000000a0000000, 0x00000000a2800000, 0x00000000e0000000)
  object space 40960K, 0% used [0x00000000a0000000,0x00000000a004c6d8,0x00000000a2800000)
 Metaspace       used 6081K, capacity 6216K, committed 6528K, reserved 1056768K
  class space    used 747K, capacity 792K, committed 896K, reserved 1048576K
}
Event: 0.996 GC heap before
{Heap before GC invocations=2 (full 0):
 PSYoungGen      total 17920K, used 17912K [0x00000000e0000000, 0x00000000e2300000, 0x0000000100000000)
  eden space 15360K, 100% used [0x00000000e0000000,0x00000000e0f00000,0x00000000e0f00000)
  from space 2560K, 99% used [0x00000000e0f00000,0x00000000e117e2a8,0x00000000e1180000)
  to   space 2560K, 0% used [0x00000000e2080000,0x00000000e2080000,0x00000000e2300000)
 ParOldGen       total 40960K, used 305K [0x00000000a0000000, 0x00000000a2800000, 0x00000000e0000000)
  object space 40960K, 0% used [0x00000000a0000000,0x00000000a004c6d8,0x00000000a2800000)
 Metaspace       used 6674K, capacity 6792K, committed 7040K, reserved 1056768K
  class space    used 822K, capacity 856K, committed 896K, reserved 1048576K
Event: 1.000 GC heap after
Heap after GC invocations=2 (full 0):
 PSYoungGen      total 33280K, used 2430K [0x00000000e0000000, 0x00000000e2300000, 0x0000000100000000)
  eden space 30720K, 0% used [0x00000000e0000000,0x00000000e0000000,0x00000000e1e00000)
  from space 2560K, 94% used [0x00000000e2080000,0x00000000e22dfaf8,0x00000000e2300000)
  to   space 2560K, 0% used [0x00000000e1e00000,0x00000000e1e00000,0x00000000e2080000)
 ParOldGen       total 40960K, used 313K [0x00000000a0000000, 0x00000000a2800000, 0x00000000e0000000)
  object space 40960K, 0% used [0x00000000a0000000,0x00000000a004e6d8,0x00000000a2800000)
 Metaspace       used 6674K, capacity 6792K, committed 7040K, reserved 1056768K
  class space    used 822K, capacity 856K, committed 896K, reserved 1048576K
}
Event: 1.594 GC heap before
{Heap before GC invocations=3 (full 0):
 PSYoungGen      total 33280K, used 33150K [0x00000000e0000000, 0x00000000e2300000, 0x0000000100000000)
  eden space 30720K, 100% used [0x00000000e0000000,0x00000000e1e00000,0x00000000e1e00000)
  from space 2560K, 94% used [0x00000000e2080000,0x00000000e22dfaf8,0x00000000e2300000)
  to   space 2560K, 0% used [0x00000000e1e00000,0x00000000e1e00000,0x00000000e2080000)
 ParOldGen       total 40960K, used 313K [0x00000000a0000000, 0x00000000a2800000, 0x00000000e0000000)
  object space 40960K, 0% used [0x00000000a0000000,0x00000000a004e6d8,0x00000000a2800000)
 Metaspace       used 12501K, capacity 12804K, committed 13056K, reserved 1060864K
  class space    used 1670K, capacity 1767K, committed 1792K, reserved 1048576K
Event: 1.603 GC heap after
Heap after GC invocations=3 (full 0):
 PSYoungGen      total 33280K, used 2544K [0x00000000e0000000, 0x00000000e4100000, 0x0000000100000000)
  eden space 30720K, 0% used [0x00000000e0000000,0x00000000e0000000,0x00000000e1e00000)
  from space 2560K, 99% used [0x00000000e1e00000,0x00000000e207c010,0x00000000e2080000)
  to   space 2560K, 0% used [0x00000000e3e80000,0x00000000e3e80000,0x00000000e4100000)
 ParOldGen       total 40960K, used 3512K [0x00000000a0000000, 0x00000000a2800000, 0x00000000e0000000)
  object space 40960K, 8% used [0x00000000a0000000,0x00000000a036e1a0,0x00000000a2800000)
 Metaspace       used 12501K, capacity 12804K, committed 13056K, reserved 1060864K
  class space    used 1670K, capacity 1767K, committed 1792K, reserved 1048576K
}
Event: 2.532 GC heap before
{Heap before GC invocations=4 (full 0):
 PSYoungGen      total 33280K, used 33264K [0x00000000e0000000, 0x00000000e4100000, 0x0000000100000000)
  eden space 30720K, 100% used [0x00000000e0000000,0x00000000e1e00000,0x00000000e1e00000)
  from space 2560K, 99% used [0x00000000e1e00000,0x00000000e207c010,0x00000000e2080000)
  to   space 2560K, 0% used [0x00000000e3e80000,0x00000000e3e80000,0x00000000e4100000)
 ParOldGen       total 40960K, used 3512K [0x00000000a0000000, 0x00000000a2800000, 0x00000000e0000000)
  object space 40960K, 8% used [0x00000000a0000000,0x00000000a036e1a0,0x00000000a2800000)
 Metaspace       used 15567K, capacity 15900K, committed 16128K, reserved 1062912K
  class space    used 2178K, capacity 2283K, committed 2304K, reserved 1048576K
Event: 2.550 GC heap after
Heap after GC invocations=4 (full 0):
 PSYoungGen      total 64000K, used 2544K [0x00000000e0000000, 0x00000000e4100000, 0x0000000100000000)
  eden space 61440K, 0% used [0x00000000e0000000,0x00000000e0000000,0x00000000e3c00000)
  from space 2560K, 99% used [0x00000000e3e80000,0x00000000e40fc010,0x00000000e4100000)
  to   space 2560K, 0% used [0x00000000e3c00000,0x00000000e3c00000,0x00000000e3e80000)
 ParOldGen       total 40960K, used 7345K [0x00000000a0000000, 0x00000000a2800000, 0x00000000e0000000)
  object space 40960K, 17% used [0x00000000a0000000,0x00000000a072c500,0x00000000a2800000)
 Metaspace       used 15567K, capacity 15900K, committed 16128K, reserved 1062912K
  class space    used 2178K, capacity 2283K, committed 2304K, reserved 1048576K
}
Event: 16.815 GC heap before
{Heap before GC invocations=5 (full 0):
 PSYoungGen      total 64000K, used 33967K [0x00000000e0000000, 0x00000000e4100000, 0x0000000100000000)
  eden space 61440K, 51% used [0x00000000e0000000,0x00000000e1eafd00,0x00000000e3c00000)
  from space 2560K, 99% used [0x00000000e3e80000,0x00000000e40fc010,0x00000000e4100000)
  to   space 2560K, 0% used [0x00000000e3c00000,0x00000000e3c00000,0x00000000e3e80000)
 ParOldGen       total 40960K, used 7345K [0x00000000a0000000, 0x00000000a2800000, 0x00000000e0000000)
  object space 40960K, 17% used [0x00000000a0000000,0x00000000a072c500,0x00000000a2800000)
 Metaspace       used 20899K, capacity 21164K, committed 21296K, reserved 1067008K
  class space    used 2748K, capacity 2838K, committed 2864K, reserved 1048576K

Deoptimization events (10 events):
Event: 2.643 Thread 0x00007f6e04008000 Uncommon trap: reason=unstable_if action=reinterpret pc=0x00007f6e4d2a8d70 method=java.lang.AbstractStringBuilder.append(Ljava/lang/String;)Ljava/lang/AbstractStringBuilder; @ 1
Event: 2.644 Thread 0x00007f6e04008000 Uncommon trap: reason=unstable_if action=reinterpret pc=0x00007f6e4d19c1a0 method=java.lang.AbstractStringBuilder.append(Ljava/lang/String;)Ljava/lang/AbstractStringBuilder; @ 1
Event: 3.449 Thread 0x00007f6e04008000 Uncommon trap: reason=bimorphic action=maybe_recompile pc=0x00007f6e4d3c9c2c method=java.lang.ClassLoader.loadClass(Ljava/lang/String;Z)Ljava/lang/Class; @ 38
Event: 3.450 Thread 0x00007f6e04008000 Uncommon trap: reason=bimorphic action=maybe_recompile pc=0x00007f6e4d3c9c2c method=java.lang.ClassLoader.loadClass(Ljava/lang/String;Z)Ljava/lang/Class; @ 38
Event: 3.457 Thread 0x00007f6e04008000 Uncommon trap: reason=unstable_if action=reinterpret pc=0x00007f6e4d27c0d8 method=java.io.UnixFileSystem.normalize(Ljava/lang/String;)Ljava/lang/String; @ 60
Event: 3.457 Thread 0x00007f6e04008000 Uncommon trap: reason=class_check action=maybe_recompile pc=0x00007f6e4d1d8ec8 method=sun.misc.URLClassPath.getLoader(I)Lsun/misc/URLClassPath$Loader; @ 94
Event: 3.457 Thread 0x00007f6e04008000 Uncommon trap: reason=class_check action=maybe_recompile pc=0x00007f6e4d4557b8 method=sun.misc.URLClassPath.getResource(Ljava/lang/String;Z)Lsun/misc/Resource; @ 62
Event: 3.462 Thread 0x00007f6e04008000 Uncommon trap: reason=bimorphic action=maybe_recompile pc=0x00007f6e4d3c9c2c method=java.lang.ClassLoader.loadClass(Ljava/lang/String;Z)Ljava/lang/Class; @ 38
Event: 3.462 Thread 0x00007f6e04008000 Uncommon trap: reason=bimorphic action=maybe_recompile pc=0x00007f6e4d3c9c2c method=java.lang.ClassLoader.loadClass(Ljava/lang/String;Z)Ljava/lang/Class; @ 38
Event: 6.883 Thread 0x00007f6e04008000 Uncommon trap: reason=unstable_if action=reinterpret pc=0x00007f6e4d614744 method=java.lang.Class$MethodArray.addIfNotPresent(Ljava/lang/reflect/Method;)V @ 19

Internal exceptions (10 events):
Event: 7.520 Thread 0x00007f6e04008000 Exception <a 'java/lang/NoSuchMethodError': <clinit>> (0x00000000e1a675b8) thrown at [/ssd/Android/AOSP-openjdk/external/jetbrains/jdk/hotspot/src/share/vm/prims/jni.cpp, line 1613]
Event: 7.520 Thread 0x00007f6e04008000 Exception <a 'java/lang/NoSuchMethodError': <clinit>> (0x00000000e1a68f48) thrown at [/ssd/Android/AOSP-openjdk/external/jetbrains/jdk/hotspot/src/share/vm/prims/jni.cpp, line 1613]
Event: 13.420 Thread 0x00007f6e04008000 Exception <a 'java/lang/ClassNotFoundException': settings_668jg63blet26jm6lhdrfuh0gBeanInfo> (0x00000000e1c38c20) thrown at [/ssd/Android/AOSP-openjdk/external/jetbrains/jdk/hotspot/src/share/vm/classfile/systemDictionary.cpp, line 210]
Event: 13.420 Thread 0x00007f6e04008000 Exception <a 'java/lang/ClassNotFoundException': org/gradle/initialization/SettingsScriptBeanInfo> (0x00000000e1c48f10) thrown at [/ssd/Android/AOSP-openjdk/external/jetbrains/jdk/hotspot/src/share/vm/classfile/systemDictionary.cpp, line 210]
Event: 13.420 Thread 0x00007f6e04008000 Exception <a 'java/lang/ClassNotFoundException': org/gradle/initialization/SettingsScriptCustomizer> (0x00000000e1c594a0) thrown at [/ssd/Android/AOSP-openjdk/external/jetbrains/jdk/hotspot/src/share/vm/classfile/systemDictionary.cpp, line 210]
Event: 13.421 Thread 0x00007f6e04008000 Exception <a 'java/lang/ClassNotFoundException': settings_668jg63blet26jm6lhdrfuh0gCustomizer> (0x00000000e1c6be10) thrown at [/ssd/Android/AOSP-openjdk/external/jetbrains/jdk/hotspot/src/share/vm/classfile/systemDictionary.cpp, line 210]
Event: 13.425 Thread 0x00007f6e04008000 Exception <a 'java/lang/ClassNotFoundException': org/gradle/initialization/DefaultSettings_DecoratedBeanInfo> (0x00000000e1cda880) thrown at [/ssd/Android/AOSP-openjdk/external/jetbrains/jdk/hotspot/src/share/vm/classfile/systemDictionary.cpp, line 210]
Event: 13.427 Thread 0x00007f6e04008000 Exception <a 'java/lang/ClassNotFoundException': org/gradle/initialization/DefaultSettingsBeanInfo> (0x00000000e1cf8e60) thrown at [/ssd/Android/AOSP-openjdk/external/jetbrains/jdk/hotspot/src/share/vm/classfile/systemDictionary.cpp, line 210]
Event: 13.427 Thread 0x00007f6e04008000 Exception <a 'java/lang/ClassNotFoundException': org/gradle/initialization/DefaultSettingsCustomizer> (0x00000000e1d18bc8) thrown at [/ssd/Android/AOSP-openjdk/external/jetbrains/jdk/hotspot/src/share/vm/classfile/systemDictionary.cpp, line 210]
Event: 13.595 Thread 0x00007f6e04008000 Exception <a 'java/lang/ClassNotFoundException': org/gradle/initialization/DefaultSettings_DecoratedCustomizer> (0x00000000e1d6a880) thrown at [/ssd/Android/AOSP-openjdk/external/jetbrains/jdk/hotspot/src/share/vm/classfile/systemDictionary.cpp, line 210]

Events (10 events):
Event: 16.734 loading class org/gradle/internal/service/scopes/GradleScopeServices$4 done
Event: 16.789 loading class org/gradle/api/CircularReferenceException
Event: 16.789 loading class org/gradle/api/CircularReferenceException done
Event: 16.795 loading class org/gradle/api/internal/project/DeferredProjectConfiguration
Event: 16.795 loading class org/gradle/api/internal/project/DeferredProjectConfiguration done
Event: 16.797 loading class org/gradle/model/internal/type/ModelType
Event: 16.797 loading class org/gradle/model/internal/type/ModelType done
Event: 16.813 loading class org/gradle/api/internal/AsmBackedClassGenerator$ClassBuilderImpl$ReturnTypeEntry
Event: 16.813 loading class org/gradle/api/internal/AsmBackedClassGenerator$ClassBuilderImpl$ReturnTypeEntry done
Event: 16.815 Executing VM operation: CollectForMetadataAllocation


Dynamic libraries:
00400000-00401000 r-xp 00000000 08:03 2385006                            /home/harshitha/Desktop/android-studio/jre/bin/java
00600000-00601000 r--p 00000000 08:03 2385006                            /home/harshitha/Desktop/android-studio/jre/bin/java
00601000-00602000 rw-p 00001000 08:03 2385006                            /home/harshitha/Desktop/android-studio/jre/bin/java
0160b000-0162c000 rw-p 00000000 00:00 0                                  [heap]
a0000000-a2800000 rw-p 00000000 00:00 0 
a2800000-e0000000 ---p 00000000 00:00 0 
e0000000-e4100000 rw-p 00000000 00:00 0 
e8a00000-100000000 ---p 00000000 00:00 0 
100000000-1002cc000 rw-p 00000000 00:00 0 
1002cc000-140000000 ---p 00000000 00:00 0 
7f6dec000000-7f6dec021000 rw-p 00000000 00:00 0 
7f6dec021000-7f6df0000000 ---p 00000000 00:00 0 
7f6df4000000-7f6df4021000 rw-p 00000000 00:00 0 
7f6df4021000-7f6df8000000 ---p 00000000 00:00 0 
7f6df8000000-7f6df8021000 rw-p 00000000 00:00 0 
7f6df8021000-7f6dfc000000 ---p 00000000 00:00 0 
7f6dfc000000-7f6dfc021000 rw-p 00000000 00:00 0 
7f6dfc021000-7f6e00000000 ---p 00000000 00:00 0 
7f6e00000000-7f6e00907000 rw-p 00000000 00:00 0 
7f6e00907000-7f6e04000000 ---p 00000000 00:00 0 
7f6e04000000-7f6e04021000 rw-p 00000000 00:00 0 
7f6e04021000-7f6e08000000 ---p 00000000 00:00 0 
7f6e08000000-7f6e08021000 rw-p 00000000 00:00 0 
7f6e08021000-7f6e0c000000 ---p 00000000 00:00 0 
7f6e0c000000-7f6e0c065000 rw-p 00000000 00:00 0 
7f6e0c065000-7f6e10000000 ---p 00000000 00:00 0 
7f6e10000000-7f6e10021000 rw-p 00000000 00:00 0 
7f6e10021000-7f6e14000000 ---p 00000000 00:00 0 
7f6e167b7000-7f6e169b8000 rw-p 00000000 00:00 0 
7f6e169b8000-7f6e16bb8000 rw-p 00000000 00:00 0 
7f6e16bb8000-7f6e16c31000 r--s 010ed000 08:03 2384971                    /home/harshitha/Desktop/android-studio/jre/lib/tools.jar
7f6e16c31000-7f6e16e31000 rw-p 00000000 00:00 0 
7f6e16e31000-7f6e16e34000 ---p 00000000 00:00 0 
7f6e16e34000-7f6e16f32000 rw-p 00000000 00:00 0                          [stack:5491]
7f6e16f32000-7f6e16f35000 ---p 00000000 00:00 0 
7f6e16f35000-7f6e17033000 rw-p 00000000 00:00 0                          [stack:5490]
7f6e17033000-7f6e17036000 ---p 00000000 00:00 0 
7f6e17036000-7f6e17134000 rw-p 00000000 00:00 0                          [stack:5489]
7f6e17134000-7f6e17137000 ---p 00000000 00:00 0 
7f6e17137000-7f6e17235000 rw-p 00000000 00:00 0                          [stack:5486]
7f6e17235000-7f6e17238000 ---p 00000000 00:00 0 
7f6e17238000-7f6e17536000 rw-p 00000000 00:00 0                          [stack:5485]
7f6e17536000-7f6e17539000 ---p 00000000 00:00 0 
7f6e17539000-7f6e17637000 rw-p 00000000 00:00 0                          [stack:5484]
7f6e17637000-7f6e1763a000 ---p 00000000 00:00 0 
7f6e1763a000-7f6e17738000 rw-p 00000000 00:00 0                          [stack:5483]
7f6e17738000-7f6e1773f000 r--s 00000000 08:03 1999638                    /usr/lib/x86_64-linux-gnu/gconv/gconv-modules.cache
7f6e1773f000-7f6e1793f000 rw-p 00000000 00:00 0 
7f6e1793f000-7f6e17942000 ---p 00000000 00:00 0 
7f6e17942000-7f6e17a40000 rw-p 00000000 00:00 0                          [stack:5482]
7f6e17a40000-7f6e17a49000 r-xp 00000000 08:03 2385107                    /home/harshitha/Desktop/android-studio/jre/jre/lib/amd64/libmanagement.so
7f6e17a49000-7f6e17c48000 ---p 00009000 08:03 2385107                    /home/harshitha/Desktop/android-studio/jre/jre/lib/amd64/libmanagement.so
7f6e17c48000-7f6e17c49000 r--p 00008000 08:03 2385107                    /home/harshitha/Desktop/android-studio/jre/jre/lib/amd64/libmanagement.so
7f6e17c49000-7f6e17c4a000 rw-p 00009000 08:03 2385107                    /home/harshitha/Desktop/android-studio/jre/jre/lib/amd64/libmanagement.so
7f6e17c4a000-7f6e17c4f000 r--s 00098000 08:03 2385081                    /home/harshitha/Desktop/android-studio/jre/jre/lib/jsse.jar
7f6e17c4f000-7f6e17c51000 r--s 00007000 08:03 22027                      /home/harshitha/.gradle/wrapper/dists/gradle-3.3-all/55gk2rcmfc6p2dg9u9ohc3hw9/gradle-3.3/lib/plugins/gradle-tooling-api-builders-3.3.jar
7f6e17c51000-7f6e17c54000 r--s 00009000 08:03 22020                      /home/harshitha/.gradle/wrapper/dists/gradle-3.3-all/55gk2rcmfc6p2dg9u9ohc3hw9/gradle-3.3/lib/plugins/gradle-testing-native-3.3.jar
7f6e17c54000-7f6e17c5a000 r--s 00033000 08:03 22095                      /home/harshitha/.gradle/wrapper/dists/gradle-3.3-all/55gk2rcmfc6p2dg9u9ohc3hw9/gradle-3.3/lib/plugins/snakeyaml-1.6.jar
7f6e17c5a000-7f6e17c5c000 r--s 00006000 08:03 22094                      /home/harshitha/.gradle/wrapper/dists/gradle-3.3-all/55gk2rcmfc6p2dg9u9ohc3hw9/gradle-3.3/lib/plugins/jcommander-1.12.jar
7f6e17c5c000-7f6e17c61000 r--s 00040000 08:03 22093                      /home/harshitha/.gradle/wrapper/dists/gradle-3.3-all/55gk2rcmfc6p2dg9u9ohc3hw9/gradle-3.3/lib/plugins/bsh-2.0b4.jar
7f6e17c61000-7f6e17c63000 r--s 00009000 08:03 22101                      /home/harshitha/.gradle/wrapper/dists/gradle-3.3-all/55gk2rcmfc6p2dg9u9ohc3hw9/gradle-3.3/lib/plugins/hamcrest-core-1.3.jar
7f6e17c63000-7f6e17c6c000 r--s 00089000 08:03 22052                      /home/harshitha/.gradle/wrapper/dists/gradle-3.3-all/55gk2rcmfc6p2dg9u9ohc3hw9/gradle-3.3/lib/plugins/testng-6.3.1.jar
7f6e17c6c000-7f6e17c74000 r--s 00045000 08:03 22051                      /home/harshitha/.gradle/wrapper/dists/gradle-3.3-all/55gk2rcmfc6p2dg9u9ohc3hw9/gradle-3.3/lib/plugins/junit-4.12.jar
7f6e17c74000-7f6e17c7a000 r--s 0002e000 08:03 22021                      /home/harshitha/.gradle/wrapper/dists/gradle-3.3-all/55gk2rcmfc6p2dg9u9ohc3hw9/gradle-3.3/lib/plugins/gradle-testing-jvm-3.3.jar
7f6e17c7a000-7f6e17c7e000 r--s 00016000 08:03 22019                      /home/harshitha/.gradle/wrapper/dists/gradle-3.3-all/55gk2rcmfc6p2dg9u9ohc3hw9/gradle-3.3/lib/plugins/gradle-testing-base-3.3.jar
7f6e17c7e000-7f6e17c85000 r--s 00038000 08:03 22046                      /home/harshitha/.gradle/wrapper/dists/gradle-3.3-all/55gk2rcmfc6p2dg9u9ohc3hw9/gradle-3.3/lib/plugins/bcpg-jdk15on-1.51.jar
7f6e17c85000-7f6e17c87000 r--s 0000c000 08:03 21998                      /home/harshitha/.gradle/wrapper/dists/gradle-3.3-all/55gk2rcmfc6p2dg9u9ohc3hw9/gradle-3.3/lib/plugins/gradle-signing-3.3.jar
7f6e17c87000-7f6e17c89000 r--s 00007000 08:03 21997                      /home/harshitha/.gradle/wrapper/dists/gradle-3.3-all/55gk2rcmfc6p2dg9u9ohc3hw9/gradle-3.3/lib/plugins/gradle-scala-3.3.jar
7f6e17c89000-7f6e17c8a000 r--s 00004000 08:03 22025                      /home/harshitha/.gradle/wrapper/dists/gradle-3.3-all/55gk2rcmfc6p2dg9u9ohc3hw9/gradle-3.3/lib/plugins/gradle-resources-sftp-3.3.jar
7f6e17c8a000-7f6e17c9a000 r--s 00088000 08:03 22062                      /home/harshitha/.gradle/wrapper/dists/gradle-3.3-all/55gk2rcmfc6p2dg9u9ohc3hw9/gradle-3.3/lib/plugins/joda-time-2.8.2.jar
7f6e17c9a000-7f6e17cab000 r--s 0010d000 08:03 22061                      /home/harshitha/.gradle/wrapper/dists/gradle-3.3-all/55gk2rcmfc6p2dg9u9ohc3hw9/gradle-3.3/lib/plugins/jackson-databind-2.6.6.jar
7f6e17cab000-7f6e17cae000 r--s 00009000 08:03 22060                      /home/harshitha/.gradle/wrapper/dists/gradle-3.3-all/55gk2rcmfc6p2dg9u9ohc3hw9/gradle-3.3/lib/plugins/jackson-annotations-2.6.6.jar
7f6e17cae000-7f6e17cb2000 r--s 0003c000 08:03 22059                      /home/harshitha/.gradle/wrapper/dists/gradle-3.3-all/55gk2rcmfc6p2dg9u9ohc3hw9/gradle-3.3/lib/plugins/jackson-core-2.6.6.jar
7f6e17cb2000-7f6e17cc0000 r--s 00087000 08:03 22058                      /home/harshitha/.gradle/wrapper/dists/gradle-3.3-all/55gk2rcmfc6p2dg9u9ohc3hw9/gradle-3.3/lib/plugins/aws-java-sdk-core-1.11.6.jar
7f6e17cc0000-7f6e17cc7000 r--s 00057000 08:03 22057                      /home/harshitha/.gradle/wrapper/dists/gradle-3.3-all/55gk2rcmfc6p2dg9u9ohc3hw9/gradle-3.3/lib/plugins/aws-java-sdk-kms-1.11.6.jar
7f6e17cc7000-7f6e17cd4000 r--s 0008e000 08:03 22056                      /home/harshitha/.gradle/wrapper/dists/gradle-3.3-all/55gk2rcmfc6p2dg9u9ohc3hw9/gradle-3.3/lib/plugins/aws-java-sdk-s3-1.11.6.jar
7f6e17cd4000-7f6e17cd6000 r--s 00004000 08:03 22026                      /home/harshitha/.gradle/wrapper/dists/gradle-3.3-all/55gk2rcmfc6p2dg9u9ohc3hw9/gradle-3.3/lib/plugins/gradle-resources-s3-3.3.jar
7f6e17cd6000-7f6e17cd8000 r--s 00005000 08:03 22050                      /home/harshitha/.gradle/wrapper/dists/gradle-3.3-all/55gk2rcmfc6p2dg9u9ohc3hw9/gradle-3.3/lib/plugins/jatl-0.2.2.jar
7f6e17cd8000-7f6e17cda000 r--s 0000f000 08:03 22003                      /home/harshitha/.gradle/wrapper/dists/gradle-3.3-all/55gk2rcmfc6p2dg9u9ohc3hw9/gradle-3.3/lib/plugins/gradle-reporting-3.3.jar
7f6e17cda000-7f6e17cdc000 r--s 00002000 08:03 22004                      /home/harshitha/.gradle/wrapper/dists/gradle-3.3-all/55gk2rcmfc6p2dg9u9ohc3hw9/gradle-3.3/lib/plugins/gradle-publish-3.3.jar
7f6e17cdc000-7f6e17cde000 r--s 00009000 08:03 22033                      /home/harshitha/.gradle/wrapper/dists/gradle-3.3-all/55gk2rcmfc6p2dg9u9ohc3hw9/gradle-3.3/lib/plugins/commons-cli-1.2.jar
7f6e17cde000-7f6e17ce4000 r--s 00031000 08:03 21989                      /home/harshitha/.gradle/wrapper/dists/gradle-3.3-all/55gk2rcmfc6p2dg9u9ohc3hw9/gradle-3.3/lib/plugins/gradle-plugins-3.3.jar
7f6e17ce4000-7f6e17ce6000 r--s 00009000 08:03 22022                      /home/harshitha/.gradle/wrapper/dists/gradle-3.3-all/55gk2rcmfc6p2dg9u9ohc3hw9/gradle-3.3/lib/plugins/gradle-plugin-development-3.3.jar
7f6e17ce6000-7f6e17cec000 r--s 0002b000 08:03 22015                      /home/harshitha/.gradle/wrapper/dists/gradle-3.3-all/55gk2rcmfc6p2dg9u9ohc3hw9/gradle-3.3/lib/plugins/gradle-platform-play-3.3.jar
7f6e17cec000-7f6e17cfa000 r--s 00055000 08:03 22014                      /home/harshitha/.gradle/wrapper/dists/gradle-3.3-all/55gk2rcmfc6p2dg9u9ohc3hw9/gradle-3.3/lib/plugins/gradle-platform-native-3.3.jar
7f6e17cfa000-7f6e17cff000 r--s 0001f000 08:03 22009                      /home/harshitha/.gradle/wrapper/dists/gradle-3.3-all/55gk2rcmfc6p2dg9u9ohc3hw9/gradle-3.3/lib/plugins/gradle-platform-jvm-3.3.jar
7f6e17cff000-7f6e17d07000 r--s 00027000 08:03 22008                      /home/harshitha/.gradle/wrapper/dists/gradle-3.3-all/55gk2rcmfc6p2dg9u9ohc3hw9/gradle-3.3/lib/plugins/gradle-platform-base-3.3.jar
7f6e17d07000-7f6e17d2f000 r--s 0021c000 08:03 22041                      /home/harshitha/.gradle/wrapper/dists/gradle-3.3-all/55gk2rcmfc6p2dg9u9ohc3hw9/gradle-3.3/lib/plugins/biz.aQute.bndlib-3.2.0.jar
7f6e17d2f000-7f6e17d31000 r--s 00003000 08:03 21993                      /home/harshitha/.gradle/wrapper/dists/gradle-3.3-all/55gk2rcmfc6p2dg9u9ohc3hw9/gradle-3.3/lib/plugins/gradle-osgi-3.3.jar
7f6e17d31000-7f6e17d34000 r--s 0000c000 08:03 22044                      /home/harshitha/.gradle/wrapper/dists/gradle-3.3-all/55gk2rcmfc6p2dg9u9ohc3hw9/gradle-3.3/lib/plugins/pmaven-groovy-0.8-20100325.jar
7f6e17d34000-7f6e17d35000 r--s 00004000 08:03 22043                      /home/harshitha/.gradle/wrapper/dists/gradle-3.3-all/55gk2rcmfc6p2dg9u9ohc3hw9/gradle-3.3/lib/plugins/pmaven-common-0.8-20100325.jar
7f6e17d35000-7f6e17d3b000 r--s 00023000 08:03 21994                      /home/harshitha/.gradle/wrapper/dists/gradle-3.3-all/55gk2rcmfc6p2dg9u9ohc3hw9/gradle-3.3/lib/plugins/gradle-maven-3.3.jar
7f6e17d3b000-7f6e17d3e000 r--s 0000b000 08:03 22013                      /home/harshitha/.gradle/wrapper/dists/gradle-3.3-all/55gk2rcmfc6p2dg9u9ohc3hw9/gradle-3.3/lib/plugins/gradle-language-scala-3.3.jar
7f6e17d3e000-7f6e17d44000 r--s 0001a000 08:03 22017                      /home/harshitha/.gradle/wrapper/dists/gradle-3.3-all/55gk2rcmfc6p2dg9u9ohc3hw9/gradle-3.3/lib/plugins/gradle-language-native-3.3.jar
7f6e17d44000-7f6e17d47000 r--s 00005000 08:03 22010                      /home/harshitha/.gradle/wrapper/dists/gradle-3.3-all/55gk2rcmfc6p2dg9u9ohc3hw9/gradle-3.3/lib/plugins/gradle-language-jvm-3.3.jar
7f6e17d47000-7f6e17d4d000 r--s 00027000 08:03 22011                      /home/harshitha/.gradle/wrapper/dists/gradle-3.3-all/55gk2rcmfc6p2dg9u9ohc3hw9/gradle-3.3/lib/plugins/gradle-language-java-3.3.jar
7f6e17d4d000-7f6e17d4f000 r--s 0000a000 08:03 22012                      /home/harshitha/.gradle/wrapper/dists/gradle-3.3-all/55gk2rcmfc6p2dg9u9ohc3hw9/gradle-3.3/lib/plugins/gradle-language-groovy-3.3.jar
7f6e17d4f000-7f6e17d52000 r--s 0001e000 08:03 22068                      /home/harshitha/.gradle/wrapper/dists/gradle-3.3-all/55gk2rcmfc6p2dg9u9ohc3hw9/gradle-3.3/lib/plugins/jsp-api-2.1-6.1.14.jar
7f6e17d52000-7f6e17d75000 r--s 00344000 08:03 22067                      /home/harshitha/.gradle/wrapper/dists/gradle-3.3-all/55gk2rcmfc6p2dg9u9ohc3hw9/gradle-3.3/lib/plugins/core-3.1.1.jar
7f6e17d75000-7f6e17d76000 r--s 00006000 08:03 22066                      /home/harshitha/.gradle/wrapper/dists/gradle-3.3-all/55gk2rcmfc6p2dg9u9ohc3hw9/gradle-3.3/lib/plugins/jetty-naming-6.1.26.jar
7f6e17d76000-7f6e17d77000 r--s 00002000 08:03 22040                      /home/harshitha/.gradle/wrapper/dists/gradle-3.3-all/55gk2rcmfc6p2dg9u9ohc3hw9/gradle-3.3/lib/plugins/geronimo-annotation_1.0_spec-1.0.jar
7f6e17d77000-7f6e17d79000 r--s 00002000 08:03 22039                      /home/harshitha/.gradle/wrapper/dists/gradle-3.3-all/55gk2rcmfc6p2dg9u9ohc3hw9/gradle-3.3/lib/plugins/jetty-annotations-6.1.26.jar
7f6e17d79000-7f6e17d8a000 r--s 000ea000 08:03 22038                      /home/harshitha/.gradle/wrapper/dists/gradle-3.3-all/55gk2rcmfc6p2dg9u9ohc3hw9/gradle-3.3/lib/plugins/jsp-2.1-6.1.14.jar
7f6e17d8a000-7f6e17d8c000 r--s 0000d000 08:03 22037                      /home/harshitha/.gradle/wrapper/dists/gradle-3.3-all/55gk2rcmfc6p2dg9u9ohc3hw9/gradle-3.3/lib/plugins/jetty-plus-6.1.26.jar
7f6e17d8c000-7f6e17d8e000 r--s 0001f000 08:03 22036                      /home/harshitha/.gradle/wrapper/dists/gradle-3.3-all/55gk2rcmfc6p2dg9u9ohc3hw9/gradle-3.3/lib/plugins/servlet-api-2.5-20081211.jar
7f6e17d8e000-7f6e17d92000 r--s 00028000 08:03 22035                      /home/harshitha/.gradle/wrapper/dists/gradle-3.3-all/55gk2rcmfc6p2dg9u9ohc3hw9/gradle-3.3/lib/plugins/jetty-util-6.1.26.jar
7f6e17d92000-7f6e17d99000 r--s 0007d000 08:03 22034                      /home/harshitha/.gradle/wrapper/dists/gradle-3.3-all/55gk2rcmfc6p2dg9u9ohc3hw9/gradle-3.3/lib/plugins/jetty-6.1.26.jar
7f6e17d99000-7f6e17d9b000 r--s 0000a000 08:03 21991                      /home/harshitha/.gradle/wrapper/dists/gradle-3.3-all/55gk2rcmfc6p2dg9u9ohc3hw9/gradle-3.3/lib/plugins/gradle-jetty-3.3.jar
7f6e17d9b000-7f6e17da2000 r--s 00035000 08:03 22049                      /home/harshitha/.gradle/wrapper/dists/gradle-3.3-all/55gk2rcmfc6p2dg9u9ohc3hw9/gradle-3.3/lib/plugins/simple-4.1.21.jar
7f6e17da2000-7f6e17dae000 r--s 00100000 08:03 22047                      /home/harshitha/.gradle/wrapper/dists/gradle-3.3-all/55gk2rcmfc6p2dg9u9ohc3hw9/gradle-3.3/lib/plugins/rhino-1.7R3.jar
7f6e17dae000-7f6e17db2000 r--s 00012000 08:03 22000                      /home/harshitha/.gradle/wrapper/dists/gradle-3.3-all/55gk2rcmfc6p2dg9u9ohc3hw9/gradle-3.3/lib/plugins/gradle-javascript-3.3.jar
7f6e17db2000-7f6e17db4000 r--s 0000d000 08:03 22006                      /home/harshitha/.gradle/wrapper/dists/gradle-3.3-all/55gk2rcmfc6p2dg9u9ohc3hw9/gradle-3.3/lib/plugins/gradle-jacoco-3.3.jar
7f6e17db4000-7f6e17db7000 r--s 0000e000 08:03 22005                      /home/harshitha/.gradle/wrapper/dists/gradle-3.3-all/55gk2rcmfc6p2dg9u9ohc3hw9/gradle-3.3/lib/plugins/gradle-ivy-3.3.jar
7f6e17db7000-7f6e17db8000 r--s 00002000 08:03 22016                      /home/harshitha/.gradle/wrapper/dists/gradle-3.3-all/55gk2rcmfc6p2dg9u9ohc3hw9/gradle-3.3/lib/plugins/gradle-ide-play-3.3.jar
7f6e17db8000-7f6e17dbb000 r--s 00013000 08:03 22018                      /home/harshitha/.gradle/wrapper/dists/gradle-3.3-all/55gk2rcmfc6p2dg9u9ohc3hw9/gradle-3.3/lib/plugins/gradle-ide-native-3.3.jar
7f6e17dbb000-7f6e17dc4000 r--s 00055000 08:03 21995                      /home/harshitha/.gradle/wrapper/dists/gradle-3.3-all/55gk2rcmfc6p2dg9u9ohc3hw9/gradle-3.3/lib/plugins/gradle-ide-3.3.jar
7f6e17dc4000-7f6e17dca000 r--s 00039000 08:03 22002                      /home/harshitha/.gradle/wrapper/dists/gradle-3.3-all/55gk2rcmfc6p2dg9u9ohc3hw9/gradle-3.3/lib/plugins/gradle-diagnostics-3.3.jar
7f6e17dca000-7f6e17dce000 r--s 00023000 08:03 21990                      /home/harshitha/.gradle/wrapper/dists/gradle-3.3-all/55gk2rcmfc6p2dg9u9ohc3hw9/gradle-3.3/lib/plugins/gradle-code-quality-3.3.jar
7f6e17dce000-7f6e17dd2000 r--s 00022000 08:03 22007                      /home/harshitha/.gradle/wrapper/dists/gradle-3.3-all/55gk2rcmfc6p2dg9u9ohc3hw9/gradle-3.3/lib/plugins/gradle-build-init-3.3.jar
7f6e17dd2000-7f6e17dea000 r--s 00115000 08:03 22098                      /home/harshitha/.gradle/wrapper/dists/gradle-3.3-all/55gk2rcmfc6p2dg9u9ohc3hw9/gradle-3.3/lib/plugins/xercesImpl-2.9.1.jar
7f6e17dea000-7f6e17e00000 r-xp 00000000 08:03 659433                     /lib/x86_64-linux-gnu/libgcc_s.so.1
7f6e17e00000-7f6e17fff000 ---p 00016000 08:03 659433                     /lib/x86_64-linux-gnu/libgcc_s.so.1
7f6e17fff000-7f6e18000000 rw-p 00015000 08:03 659433                     /lib/x86_64-linux-gnu/libgcc_s.so.1
7f6e18000000-7f6e1851b000 rw-p 00000000 00:00 0 
7f6e1851b000-7f6e1c000000 ---p 00000000 00:00 0 
7f6e1c000000-7f6e1c021000 rw-p 00000000 00:00 0 
7f6e1c021000-7f6e20000000 ---p 00000000 00:00 0 
7f6e20000000-7f6e22468000 rw-p 00000000 00:00 0 
7f6e22468000-7f6e24000000 ---p 00000000 00:00 0 
7f6e24000000-7f6e25704000 rw-p 00000000 00:00 0 
7f6e25704000-7f6e28000000 ---p 00000000 00:00 0 
7f6e28000000-7f6e28021000 rw-p 00000000 00:00 0 
7f6e28021000-7f6e2c000000 ---p 00000000 00:00 0 
7f6e2c000000-7f6e2c021000 rw-p 00000000 00:00 0 
7f6e2c021000-7f6e30000000 ---p 00000000 00:00 0 
7f6e30000000-7f6e3027c000 rw-p 00000000 00:00 0 
7f6e3027c000-7f6e34000000 ---p 00000000 00:00 0 
7f6e34000000-7f6e34021000 rw-p 00000000 00:00 0 
7f6e34021000-7f6e38000000 ---p 00000000 00:00 0 
7f6e38000000-7f6e38021000 rw-p 00000000 00:00 0 
7f6e38021000-7f6e3c000000 ---p 00000000 00:00 0 
7f6e3c000000-7f6e3c021000 rw-p 00000000 00:00 0 
7f6e3c021000-7f6e40000000 ---p 00000000 00:00 0 
7f6e40000000-7f6e40021000 rw-p 00000000 00:00 0 
7f6e40021000-7f6e44000000 ---p 00000000 00:00 0 
7f6e44000000-7f6e44002000 r--s 00007000 08:03 21999                      /home/harshitha/.gradle/wrapper/dists/gradle-3.3-all/55gk2rcmfc6p2dg9u9ohc3hw9/gradle-3.3/lib/plugins/gradle-ear-3.3.jar
7f6e44002000-7f6e44003000 r--s 00009000 08:03 22028                      /home/harshitha/.gradle/wrapper/dists/gradle-3.3-all/55gk2rcmfc6p2dg9u9ohc3hw9/gradle-3.3/lib/plugins/gradle-composite-builds-3.3.jar
7f6e44003000-7f6e44009000 r--s 0008e000 08:03 22001                      /home/harshitha/.gradle/wrapper/dists/gradle-3.3-all/55gk2rcmfc6p2dg9u9ohc3hw9/gradle-3.3/lib/plugins/gradle-build-comparison-3.3.jar
7f6e44009000-7f6e4400a000 r--s 00001000 08:03 22029                      /home/harshitha/.gradle/wrapper/dists/gradle-3.3-all/55gk2rcmfc6p2dg9u9ohc3hw9/gradle-3.3/lib/plugins/gradle-build-cache-http-3.3.jar
7f6e4400a000-7f6e4400c000 r--s 00008000 08:03 21992                      /home/harshitha/.gradle/wrapper/dists/gradle-3.3-all/55gk2rcmfc6p2dg9u9ohc3hw9/gradle-3.3/lib/plugins/gradle-antlr-3.3.jar
7f6e4400c000-7f6e4400e000 r--s 00004000 08:03 21996                      /home/harshitha/.gradle/wrapper/dists/gradle-3.3-all/55gk2rcmfc6p2dg9u9ohc3hw9/gradle-3.3/lib/plugins/gradle-announce-3.3.jar
7f6e4400e000-7f6e44016000 r--s 00028000 08:03 22099                      /home/harshitha/.gradle/wrapper/dists/gradle-3.3-all/55gk2rcmfc6p2dg9u9ohc3hw9/gradle-3.3/lib/plugins/xml-apis-1.3.04.jar
7f6e44016000-7f6e4401c000 r--s 0005b000 08:03 22097                      /home/harshitha/.gradle/wrapper/dists/gradle-3.3-all/55gk2rcmfc6p2dg9u9ohc3hw9/gradle-3.3/lib/plugins/jcifs-1.3.17.jar
7f6e4401c000-7f6e44022000 r--s 00033000 08:03 22045                      /home/harshitha/.gradle/wrapper/dists/gradle-3.3-all/55gk2rcmfc6p2dg9u9ohc3hw9/gradle-3.3/lib/plugins/commons-codec-1.6.jar
7f6e44022000-7f6e44029000 r--s 00049000 08:03 22096                      /home/harshitha/.gradle/wrapper/dists/gradle-3.3-all/55gk2rcmfc6p2dg9u9ohc3hw9/gradle-3.3/lib/plugins/httpcore-4.4.4.jar
7f6e44029000-7f6e4402c000 r--s 0001c000 08:03 22054                      /home/harshitha/.gradle/wrapper/dists/gradle-3.3-all/55gk2rcmfc6p2dg9u9ohc3hw9/gradle-3.3/lib/plugins/nekohtml-1.9.14.jar
7f6e4402c000-7f6e44039000 r--s 000a4000 08:03 22053                      /home/harshitha/.gradle/wrapper/dists/gradle-3.3-all/55gk2rcmfc6p2dg9u9ohc3hw9/gradle-3.3/lib/plugins/httpclient-4.4.1.jar
7f6e44039000-7f6e4403c000 r--s 0000a000 08:03 22024                      /home/harshitha/.gradle/wrapper/dists/gradle-3.3-all/55gk2rcmfc6p2dg9u9ohc3hw9/gradle-3.3/lib/plugins/gradle-resources-http-3.3.jar
7f6e4403c000-7f6e44040000 r--s 00015000 08:03 22023                      /home/harshitha/.gradle/wrapper/dists/gradle-3.3-all/55gk2rcmfc6p2dg9u9ohc3hw9/gradle-3.3/lib/plugins/gradle-plugin-use-3.3.jar
7f6e44040000-7f6e44041000 r--s 00000000 08:03 21935                      /home/harshitha/.gradle/wrapper/dists/gradle-3.3-all/55gk2rcmfc6p2dg9u9ohc3hw9/gradle-3.3/lib/gradle-installation-beacon-3.3.jar
7f6e44041000-7f6e44043000 r--s 00006000 08:03 22092                      /home/harshitha/.gradle/wrapper/dists/gradle-3.3-all/55gk2rcmfc6p2dg9u9ohc3hw9/gradle-3.3/lib/plugins/aether-connector-wagon-1.13.1.jar
7f6e44043000-7f6e44047000 r--s 0001c000 08:03 22091                      /home/harshitha/.gradle/wrapper/dists/gradle-3.3-all/55gk2rcmfc6p2dg9u9ohc3hw9/gradle-3.3/lib/plugins/aether-util-1.13.1.jar
7f6e44047000-7f6e44048000 r--s 00003000 08:03 22090                      /home/harshitha/.gradle/wrapper/dists/gradle-3.3-all/55gk2rcmfc6p2dg9u9ohc3hw9/gradle-3.3/lib/plugins/aether-spi-1.13.1.jar
7f6e44048000-7f6e4404b000 r--s 0001d000 08:03 22089                      /home/harshitha/.gradle/wrapper/dists/gradle-3.3-all/55gk2rcmfc6p2dg9u9ohc3hw9/gradle-3.3/lib/plugins/aether-impl-1.13.1.jar
7f6e4404b000-7f6e4404e000 r--s 00013000 08:03 22088                      /home/harshitha/.gradle/wrapper/dists/gradle-3.3-all/55gk2rcmfc6p2dg9u9ohc3hw9/gradle-3.3/lib/plugins/aether-api-1.13.1.jar
7f6e4404e000-7f6e4404f000 r--s 00007000 08:03 22087                      /home/harshitha/.gradle/wrapper/dists/gradle-3.3-all/55gk2rcmfc6p2dg9u9ohc3hw9/gradle-3.3/lib/plugins/wagon-http-shared4-2.4.jar
7f6e4404f000-7f6e44051000 r--s 0000b000 08:03 22086                      /home/harshitha/.gradle/wrapper/dists/gradle-3.3-all/55gk2rcmfc6p2dg9u9ohc3hw9/gradle-3.3/lib/plugins/wagon-provider-api-2.4.jar
7f6e44051000-7f6e44052000 r--s 00002000 08:03 22085                      /home/harshitha/.gradle/wrapper/dists/gradle-3.3-all/55gk2rcmfc6p2dg9u9ohc3hw9/gradle-3.3/lib/plugins/wagon-http-2.4.jar
7f6e44052000-7f6e44053000 r--s 00002000 08:03 22084                      /home/harshitha/.gradle/wrapper/dists/gradle-3.3-all/55gk2rcmfc6p2dg9u9ohc3hw9/gradle-3.3/lib/plugins/wagon-file-2.4.jar
7f6e44053000-7f6e44055000 r--s 0000c000 08:03 22083                      /home/harshitha/.gradle/wrapper/dists/gradle-3.3-all/55gk2rcmfc6p2dg9u9ohc3hw9/gradle-3.3/lib/plugins/maven-aether-provider-3.0.4.jar
7f6e44055000-7f6e44057000 r--s 0000b000 08:03 22082                      /home/harshitha/.gradle/wrapper/dists/gradle-3.3-all/55gk2rcmfc6p2dg9u9ohc3hw9/gradle-3.3/lib/plugins/maven-plugin-api-3.0.4.jar
7f6e44057000-7f6e44059000 r--s 00006000 08:03 22081                      /home/harshitha/.gradle/wrapper/dists/gradle-3.3-all/55gk2rcmfc6p2dg9u9ohc3hw9/gradle-3.3/lib/plugins/maven-repository-metadata-3.0.4.jar
7f6e44059000-7f6e4405b000 r--s 0000b000 08:03 22080                      /home/harshitha/.gradle/wrapper/dists/gradle-3.3-all/55gk2rcmfc6p2dg9u9ohc3hw9/gradle-3.3/lib/plugins/maven-artifact-3.0.4.jar
7f6e4405b000-7f6e4405d000 r--s 00026000 08:03 22079                      /home/harshitha/.gradle/wrapper/dists/gradle-3.3-all/55gk2rcmfc6p2dg9u9ohc3hw9/gradle-3.3/lib/plugins/maven-model-3.0.4.jar
7f6e4405d000-7f6e44061000 r--s 00021000 08:03 22078                      /home/harshitha/.gradle/wrapper/dists/gradle-3.3-all/55gk2rcmfc6p2dg9u9ohc3hw9/gradle-3.3/lib/plugins/maven-model-builder-3.0.4.jar
7f6e44061000-7f6e44067000 r--s 0003f000 08:03 22077                      /home/harshitha/.gradle/wrapper/dists/gradle-3.3-all/55gk2rcmfc6p2dg9u9ohc3hw9/gradle-3.3/lib/plugins/maven-compat-3.0.4.jar
7f6e44067000-7f6e44068000 r--s 00006000 08:03 22076                      /home/harshitha/.gradle/wrapper/dists/gradle-3.3-all/55gk2rcmfc6p2dg9u9ohc3hw9/gradle-3.3/lib/plugins/plexus-sec-dispatcher-1.3.jar
7f6e44068000-7f6e4406a000 r--s 00002000 08:03 22075                      /home/harshitha/.gradle/wrapper/dists/gradle-3.3-all/55gk2rcmfc6p2dg9u9ohc3hw9/gradle-3.3/lib/plugins/plexus-cipher-1.7.jar
7f6e4406a000-7f6e4406c000 r--s 0000a000 08:03 22074                      /home/harshitha/.gradle/wrapper/dists/gradle-3.3-all/55gk2rcmfc6p2dg9u9ohc3hw9/gradle-3.3/lib/plugins/plexus-classworlds-2.4.jar
7f6e4406c000-7f6e44073000 r--s 0002e000 08:03 22073                      /home/harshitha/.gradle/wrapper/dists/gradle-3.3-all/55gk2rcmfc6p2dg9u9ohc3hw9/gradle-3.3/lib/plugins/plexus-container-default-1.5.5.jar
7f6e44073000-7f6e44075000 r--s 00000000 08:03 22100                      /home/harshitha/.gradle/wrapper/dists/gradle-3.3-all/55gk2rcmfc6p2dg9u9ohc3hw9/gradle-3.3/lib/plugins/plexus-component-annotations-1.5.5.jar
7f6e44075000-7f6e44077000 r--s 0000d000 08:03 22072                      /home/harshitha/.gradle/wrapper/dists/gradle-3.3-all/55gk2rcmfc6p2dg9u9ohc3hw9/gradle-3.3/lib/plugins/plexus-interpolation-1.14.jar
7f6e44077000-7f6e4407b000 r--s 00033000 08:03 22071                      /home/harshitha/.gradle/wrapper/dists/gradle-3.3-all/55gk2rcmfc6p2dg9u9ohc3hw9/gradle-3.3/lib/plugins/plexus-utils-2.0.6.jar
7f6e4407b000-7f6e4407e000 r--s 00008000 08:03 22070                      /home/harshitha/.gradle/wrapper/dists/gradle-3.3-all/55gk2rcmfc6p2dg9u9ohc3hw9/gradle-3.3/lib/plugins/maven-settings-builder-3.0.4.jar
7f6e4407e000-7f6e44083000 r--s 00040000 08:03 22055                      /home/harshitha/.gradle/wrapper/dists/gradle-3.3-all/55gk2rcmfc6p2dg9u9ohc3hw9/gradle-3.3/lib/plugins/jsch-0.1.53.jar
7f6e44083000-7f6e440c3000 r--s 00277000 08:03 22065                      /home/harshitha/.gradle/wrapper/dists/gradle-3.3-all/55gk2rcmfc6p2dg9u9ohc3hw9/gradle-3.3/lib/plugins/bcprov-jdk15on-1.51.jar
7f6e440c3000-7f6e440c7000 r--s 0001d000 08:03 22064                      /home/harshitha/.gradle/wrapper/dists/gradle-3.3-all/55gk2rcmfc6p2dg9u9ohc3hw9/gradle-3.3/lib/plugins/xbean-reflect-3.4.jar
7f6e440c7000-7f6e440d3000 r--s 0007d000 08:03 22042                      /home/harshitha/.gradle/wrapper/dists/gradle-3.3-all/55gk2rcmfc6p2dg9u9ohc3hw9/gradle-3.3/lib/plugins/maven-core-3.0.4.jar
7f6e440d3000-7f6e440d8000 r--s 00034000 08:03 22048                      /home/harshitha/.gradle/wrapper/dists/gradle-3.3-all/55gk2rcmfc6p2dg9u9ohc3hw9/gradle-3.3/lib/plugins/gson-2.7.jar
7f6e440d8000-7f6e440e7000 r--s 000d9000 08:03 22063                      /home/harshitha/.gradle/wrapper/dists/gradle-3.3-all/55gk2rcmfc6p2dg9u9ohc3hw9/gradle-3.3/lib/plugins/ivy-2.2.0.jar
7f6e440e7000-7f6e441cd000 r-xp 00000000 08:03 1706207                    /usr/lib/x86_64-linux-gnu/libstdc++.so.6.0.19
7f6e441cd000-7f6e443cc000 ---p 000e6000 08:03 1706207                    /usr/lib/x86_64-linux-gnu/libstdc++.so.6.0.19
7f6e443cc000-7f6e443d4000 r--p 000e5000 08:03 1706207                    /usr/lib/x86_64-linux-gnu/libstdc++.so.6.0.19
7f6e443d4000-7f6e443d6000 rw-p 000ed000 08:03 1706207                    /usr/lib/x86_64-linux-gnu/libstdc++.so.6.0.19
7f6e443d6000-7f6e443eb000 rw-p 00000000 00:00 0 
7f6e443eb000-7f6e443ed000 r--s 0000a000 08:03 22069                      /home/harshitha/.gradle/wrapper/dists/gradle-3.3-all/55gk2rcmfc6p2dg9u9ohc3hw9/gradle-3.3/lib/plugins/maven-settings-3.0.4.jar
7f6e443ed000-7f6e4440c000 r--s 000f6000 08:03 22031                      /home/harshitha/.gradle/wrapper/dists/gradle-3.3-all/55gk2rcmfc6p2dg9u9ohc3hw9/gradle-3.3/lib/plugins/gradle-dependency-management-3.3.jar
7f6e4440c000-7f6e4440e000 r--s 00005000 08:03 22030                      /home/harshitha/.gradle/wrapper/dists/gradle-3.3-all/55gk2rcmfc6p2dg9u9ohc3hw9/gradle-3.3/lib/plugins/gradle-workers-3.3.jar
7f6e4440e000-7f6e44413000 r-xp 00000000 08:03 2396711                    /home/harshitha/.gradle/native/23/linux-amd64/libnative-platform.so
7f6e44413000-7f6e44612000 ---p 00005000 08:03 2396711                    /home/harshitha/.gradle/native/23/linux-amd64/libnative-platform.so
7f6e44612000-7f6e44613000 rw-p 00004000 08:03 2396711                    /home/harshitha/.gradle/native/23/linux-amd64/libnative-platform.so
7f6e44613000-7f6e44624000 r-xp 00000000 08:03 2385095                    /home/harshitha/Desktop/android-studio/jre/jre/lib/amd64/libnio.so
7f6e44624000-7f6e44823000 ---p 00011000 08:03 2385095                    /home/harshitha/Desktop/android-studio/jre/jre/lib/amd64/libnio.so
7f6e44823000-7f6e44824000 r--p 00010000 08:03 2385095                    /home/harshitha/Desktop/android-studio/jre/jre/lib/amd64/libnio.so
7f6e44824000-7f6e44825000 rw-p 00011000 08:03 2385095                    /home/harshitha/Desktop/android-studio/jre/jre/lib/amd64/libnio.so
7f6e44825000-7f6e4483c000 r-xp 00000000 08:03 2385093                    /home/harshitha/Desktop/android-studio/jre/jre/lib/amd64/libnet.so
7f6e4483c000-7f6e44a3b000 ---p 00017000 08:03 2385093                    /home/harshitha/Desktop/android-studio/jre/jre/lib/amd64/libnet.so
7f6e44a3b000-7f6e44a3c000 r--p 00016000 08:03 2385093                    /home/harshitha/Desktop/android-studio/jre/jre/lib/amd64/libnet.so
7f6e44a3c000-7f6e44a3d000 rw-p 00017000 08:03 2385093                    /home/harshitha/Desktop/android-studio/jre/jre/lib/amd64/libnet.so
7f6e44a3d000-7f6e44a3e000 r--s 00006000 08:03 21934                      /home/harshitha/.gradle/wrapper/dists/gradle-3.3-all/55gk2rcmfc6p2dg9u9ohc3hw9/gradle-3.3/lib/gradle-wrapper-3.3.jar
7f6e44a3e000-7f6e44a4b000 r--s 00041000 08:03 21941                      /home/harshitha/.gradle/wrapper/dists/gradle-3.3-all/55gk2rcmfc6p2dg9u9ohc3hw9/gradle-3.3/lib/gradle-tooling-api-3.3.jar
7f6e44a4b000-7f6e44a4d000 r--s 00002000 08:03 21961                      /home/harshitha/.gradle/wrapper/dists/gradle-3.3-all/55gk2rcmfc6p2dg9u9ohc3hw9/gradle-3.3/lib/gradle-open-api-3.3.jar
7f6e44a4d000-7f6e44a53000 r--s 00032000 08:03 21963                      /home/harshitha/.gradle/wrapper/dists/gradle-3.3-all/55gk2rcmfc6p2dg9u9ohc3hw9/gradle-3.3/lib/jaxen-1.1.jar
7f6e44a53000-7f6e44a58000 r--s 00048000 08:03 21962                      /home/harshitha/.gradle/wrapper/dists/gradle-3.3-all/55gk2rcmfc6p2dg9u9ohc3hw9/gradle-3.3/lib/dom4j-1.6.1.jar
7f6e44a58000-7f6e44a63000 r--s 00059000 08:03 21940                      /home/harshitha/.gradle/wrapper/dists/gradle-3.3-all/55gk2rcmfc6p2dg9u9ohc3hw9/gradle-3.3/lib/gradle-ui-3.3.jar
7f6e44a63000-7f6e44a6c000 r--s 0008c000 08:03 21932                      /home/harshitha/.gradle/wrapper/dists/gradle-3.3-all/55gk2rcmfc6p2dg9u9ohc3hw9/gradle-3.3/lib/kotlin-stdlib-1.1-M02.jar
7f6e44a6c000-7f6e44a72000 r--s 0002a000 08:03 21931                      /home/harshitha/.gradle/wrapper/dists/gradle-3.3-all/55gk2rcmfc6p2dg9u9ohc3hw9/gradle-3.3/lib/kotlin-runtime-1.1-M02.jar
7f6e44a72000-7f6e44aa6000 r--s 00256000 08:03 21930                      /home/harshitha/.gradle/wrapper/dists/gradle-3.3-all/55gk2rcmfc6p2dg9u9ohc3hw9/gradle-3.3/lib/kotlin-reflect-1.1-M02.jar
7f6e44aa6000-7f6e44c3c000 r--s 0157e000 08:03 21929                      /home/harshitha/.gradle/wrapper/dists/gradle-3.3-all/55gk2rcmfc6p2dg9u9ohc3hw9/gradle-3.3/lib/kotlin-compiler-embeddable-1.1-M02.jar
7f6e44c3c000-7f6e44c44000 r--s 0004e000 08:03 21928                      /home/harshitha/.gradle/wrapper/dists/gradle-3.3-all/55gk2rcmfc6p2dg9u9ohc3hw9/gradle-3.3/lib/gradle-script-kotlin-0.5.1.jar
7f6e44c44000-7f6e44c47000 r--s 0000b000 08:03 21959                      /home/harshitha/.gradle/wrapper/dists/gradle-3.3-all/55gk2rcmfc6p2dg9u9ohc3hw9/gradle-3.3/lib/gradle-resources-3.3.jar
7f6e44c47000-7f6e44c49000 r--s 00003000 08:03 21968                      /home/harshitha/.gradle/wrapper/dists/gradle-3.3-all/55gk2rcmfc6p2dg9u9ohc3hw9/gradle-3.3/lib/jcl-over-slf4j-1.7.10.jar
7f6e44c49000-7f6e44c4a000 r--s 00005000 08:03 21967                      /home/harshitha/.gradle/wrapper/dists/gradle-3.3-all/55gk2rcmfc6p2dg9u9ohc3hw9/gradle-3.3/lib/log4j-over-slf4j-1.7.10.jar
7f6e44c4a000-7f6e44c4c000 r--s 00000000 08:03 21966                      /home/harshitha/.gradle/wrapper/dists/gradle-3.3-all/55gk2rcmfc6p2dg9u9ohc3hw9/gradle-3.3/lib/jul-to-slf4j-1.7.10.jar
7f6e44c4c000-7f6e44c51000 r--s 0001e000 08:03 21943                      /home/harshitha/.gradle/wrapper/dists/gradle-3.3-all/55gk2rcmfc6p2dg9u9ohc3hw9/gradle-3.3/lib/gradle-logging-3.3.jar
7f6e44c51000-7f6e44c53000 r--s 00007000 08:03 21987                      /home/harshitha/.gradle/wrapper/dists/gradle-3.3-all/55gk2rcmfc6p2dg9u9ohc3hw9/gradle-3.3/lib/objenesis-1.2.jar
7f6e44c53000-7f6e44c55000 r--s 00000000 08:03 21986                      /home/harshitha/.gradle/wrapper/dists/gradle-3.3-all/55gk2rcmfc6p2dg9u9ohc3hw9/gradle-3.3/lib/minlog-1.2.jar
7f6e44c55000-7f6e44c57000 r--s 0000f000 08:03 21985                      /home/harshitha/.gradle/wrapper/dists/gradle-3.3-all/55gk2rcmfc6p2dg9u9ohc3hw9/gradle-3.3/lib/reflectasm-1.07-shaded.jar
7f6e44c57000-7f6e44c5b000 r--s 00026000 08:03 21970                      /home/harshitha/.gradle/wrapper/dists/gradle-3.3-all/55gk2rcmfc6p2dg9u9ohc3hw9/gradle-3.3/lib/kryo-2.20.jar
7f6e44c5b000-7f6e44c61000 r--s 00027000 08:03 21958                      /home/harshitha/.gradle/wrapper/dists/gradle-3.3-all/55gk2rcmfc6p2dg9u9ohc3hw9/gradle-3.3/lib/gradle-messaging-3.3.jar
7f6e44c61000-7f6e44c62000 r--s 00001000 08:03 21984                      /home/harshitha/.gradle/wrapper/dists/gradle-3.3-all/55gk2rcmfc6p2dg9u9ohc3hw9/gradle-3.3/lib/native-platform-linux-i386-ncurses6-0.12.jar
7f6e44c62000-7f6e44c63000 r--s 00001000 08:03 21983                      /home/harshitha/.gradle/wrapper/dists/gradle-3.3-all/55gk2rcmfc6p2dg9u9ohc3hw9/gradle-3.3/lib/native-platform-linux-i386-ncurses5-0.12.jar
7f6e44c63000-7f6e44c64000 r--s 00001000 08:03 21982                      /home/harshitha/.gradle/wrapper/dists/gradle-3.3-all/55gk2rcmfc6p2dg9u9ohc3hw9/gradle-3.3/lib/native-platform-linux-amd64-ncurses6-0.12.jar
7f6e44c64000-7f6e44c65000 r--s 00001000 08:03 21981                      /home/harshitha/.gradle/wrapper/dists/gradle-3.3-all/55gk2rcmfc6p2dg9u9ohc3hw9/gradle-3.3/lib/native-platform-linux-amd64-ncurses5-0.12.jar
7f6e44c65000-7f6e44cd5000 r--s 00641000 08:03 21948                      /home/harshitha/.gradle/wrapper/dists/gradle-3.3-all/55gk2rcmfc6p2dg9u9ohc3hw9/gradle-3.3/lib/groovy-all-2.4.7.jar
7f6e44cd5000-7f6e44cfd000 r--s 001cf000 08:03 21945                      /home/harshitha/.gradle/wrapper/dists/gradle-3.3-all/55gk2rcmfc6p2dg9u9ohc3hw9/gradle-3.3/lib/guava-jdk5-17.0.jar
7f6e44cfd000-7f6e44cfe000 ---p 00000000 00:00 0 
7f6e44cfe000-7f6e44dfe000 rw-p 00000000 00:00 0                          [stack:5481]
7f6e44dfe000-7f6e44e01000 ---p 00000000 00:00 0 
7f6e44e01000-7f6e44eff000 rw-p 00000000 00:00 0                          [stack:5480]
7f6e44eff000-7f6e44f02000 ---p 00000000 00:00 0 
7f6e44f02000-7f6e48000000 rw-p 00000000 00:00 0                          [stack:5479]
7f6e48000000-7f6e48021000 rw-p 00000000 00:00 0 
7f6e48021000-7f6e4c000000 ---p 00000000 00:00 0 
7f6e4c000000-7f6e4c001000 r--s 0000b000 08:03 21980                      /home/harshitha/.gradle/wrapper/dists/gradle-3.3-all/55gk2rcmfc6p2dg9u9ohc3hw9/gradle-3.3/lib/native-platform-windows-i386-0.12.jar
7f6e4c001000-7f6e4c003000 r--s 0000b000 08:03 21979                      /home/harshitha/.gradle/wrapper/dists/gradle-3.3-all/55gk2rcmfc6p2dg9u9ohc3hw9/gradle-3.3/lib/native-platform-windows-amd64-0.12.jar
7f6e4c003000-7f6e4c005000 r--s 00002000 08:03 21978                      /home/harshitha/.gradle/wrapper/dists/gradle-3.3-all/55gk2rcmfc6p2dg9u9ohc3hw9/gradle-3.3/lib/native-platform-osx-i386-0.12.jar
7f6e4c005000-7f6e4c006000 r--s 00002000 08:03 21977                      /home/harshitha/.gradle/wrapper/dists/gradle-3.3-all/55gk2rcmfc6p2dg9u9ohc3hw9/gradle-3.3/lib/native-platform-osx-amd64-0.12.jar
7f6e4c006000-7f6e4c007000 r--s 00002000 08:03 21976                      /home/harshitha/.gradle/wrapper/dists/gradle-3.3-all/55gk2rcmfc6p2dg9u9ohc3hw9/gradle-3.3/lib/native-platform-linux-i386-0.12.jar
7f6e4c007000-7f6e4c008000 r--s 00002000 08:03 21975                      /home/harshitha/.gradle/wrapper/dists/gradle-3.3-all/55gk2rcmfc6p2dg9u9ohc3hw9/gradle-3.3/lib/native-platform-linux-amd64-0.12.jar
7f6e4c008000-7f6e4c009000 r--s 00003000 08:03 21974                      /home/harshitha/.gradle/wrapper/dists/gradle-3.3-all/55gk2rcmfc6p2dg9u9ohc3hw9/gradle-3.3/lib/native-platform-freebsd-i386-libstdcpp-0.12.jar
7f6e4c009000-7f6e4c00b000 r--s 00003000 08:03 21972                      /home/harshitha/.gradle/wrapper/dists/gradle-3.3-all/55gk2rcmfc6p2dg9u9ohc3hw9/gradle-3.3/lib/native-platform-freebsd-amd64-libstdcpp-0.12.jar
7f6e4c00b000-7f6e4c00e000 r--s 00023000 08:03 21965                      /home/harshitha/.gradle/wrapper/dists/gradle-3.3-all/55gk2rcmfc6p2dg9u9ohc3hw9/gradle-3.3/lib/jansi-1.14.jar
7f6e4c00e000-7f6e4c012000 r--s 00011000 08:03 21964                      /home/harshitha/.gradle/wrapper/dists/gradle-3.3-all/55gk2rcmfc6p2dg9u9ohc3hw9/gradle-3.3/lib/native-platform-0.12.jar
7f6e4c012000-7f6e4c015000 r--s 0000a000 08:03 21942                      /home/harshitha/.gradle/wrapper/dists/gradle-3.3-all/55gk2rcmfc6p2dg9u9ohc3hw9/gradle-3.3/lib/gradle-native-3.3.jar
7f6e4c015000-7f6e4c018000 ---p 00000000 00:00 0 
7f6e4c018000-7f6e4c116000 rw-p 00000000 00:00 0                          [stack:5478]
7f6e4c116000-7f6e4c119000 ---p 00000000 00:00 0 
7f6e4c119000-7f6e4c217000 rw-p 00000000 00:00 0                          [stack:5477]
7f6e4c217000-7f6e4c21a000 ---p 00000000 00:00 0 
7f6e4c21a000-7f6e4c318000 rw-p 00000000 00:00 0                          [stack:5476]
7f6e4c318000-7f6e4c9fa000 r--p 00000000 08:03 1711936                    /usr/lib/locale/locale-archive
7f6e4c9fa000-7f6e4c9fd000 ---p 00000000 00:00 0 
7f6e4c9fd000-7f6e4cafb000 rw-p 00000000 00:00 0                          [stack:5475]
7f6e4cafb000-7f6e4cafe000 ---p 00000000 00:00 0 
7f6e4cafe000-7f6e4cbfc000 rw-p 00000000 00:00 0                          [stack:5474]
7f6e4cbfc000-7f6e4cbfd000 ---p 00000000 00:00 0 
7f6e4cbfd000-7f6e4d000000 rw-p 00000000 00:00 0                          [stack:5473]
7f6e4d000000-7f6e4d6b0000 rwxp 00000000 00:00 0 
7f6e4d6b0000-7f6e5c000000 ---p 00000000 00:00 0 
7f6e5c000000-7f6e5cd10000 rw-p 00000000 00:00 0 
7f6e5cd10000-7f6e60000000 ---p 00000000 00:00 0 
7f6e60000000-7f6e60001000 r--s 00004000 08:03 21973                      /home/harshitha/.gradle/wrapper/dists/gradle-3.3-all/55gk2rcmfc6p2dg9u9ohc3hw9/gradle-3.3/lib/native-platform-freebsd-i386-libcpp-0.12.jar
7f6e60001000-7f6e60002000 r--s 00004000 08:03 21971                      /home/harshitha/.gradle/wrapper/dists/gradle-3.3-all/55gk2rcmfc6p2dg9u9ohc3hw9/gradle-3.3/lib/native-platform-freebsd-amd64-libcpp-0.12.jar
7f6e60002000-7f6e60004000 r--s 00005000 08:03 21939                      /home/harshitha/.gradle/wrapper/dists/gradle-3.3-all/55gk2rcmfc6p2dg9u9ohc3hw9/gradle-3.3/lib/gradle-cli-3.3.jar
7f6e60004000-7f6e60006000 r--s 00007000 08:03 21950                      /home/harshitha/.gradle/wrapper/dists/gradle-3.3-all/55gk2rcmfc6p2dg9u9ohc3hw9/gradle-3.3/lib/gradle-model-groovy-3.3.jar
7f6e60006000-7f6e60008000 r--s 00006000 08:03 21957                      /home/harshitha/.gradle/wrapper/dists/gradle-3.3-all/55gk2rcmfc6p2dg9u9ohc3hw9/gradle-3.3/lib/gradle-base-services-groovy-3.3.jar
7f6e60008000-7f6e60017000 r--s 0007f000 08:03 21949                      /home/harshitha/.gradle/wrapper/dists/gradle-3.3-all/55gk2rcmfc6p2dg9u9ohc3hw9/gradle-3.3/lib/gradle-model-core-3.3.jar
7f6e60017000-7f6e60018000 r--s 00002000 08:03 21960                      /home/harshitha/.gradle/wrapper/dists/gradle-3.3-all/55gk2rcmfc6p2dg9u9ohc3hw9/gradle-3.3/lib/gradle-docs-3.3.jar
7f6e60018000-7f6e60025000 r--s 00083000 08:03 21953                      /home/harshitha/.gradle/wrapper/dists/gradle-3.3-all/55gk2rcmfc6p2dg9u9ohc3hw9/gradle-3.3/lib/commons-collections-3.2.2.jar
7f6e60025000-7f6e60044000 r--s 001d1000 08:03 21952                      /home/harshitha/.gradle/wrapper/dists/gradle-3.3-all/55gk2rcmfc6p2dg9u9ohc3hw9/gradle-3.3/lib/ant-1.9.6.jar
7f6e60044000-7f6e60081000 r--s 001f8000 08:03 21938                      /home/harshitha/.gradle/wrapper/dists/gradle-3.3-all/55gk2rcmfc6p2dg9u9ohc3hw9/gradle-3.3/lib/gradle-core-3.3.jar
7f6e60081000-7f6e60d5f000 rw-p 00000000 00:00 0 
7f6e60d5f000-7f6e60f2e000 r--s 03c1b000 08:03 2385063                    /home/harshitha/Desktop/android-studio/jre/jre/lib/rt.jar
7f6e60f2e000-7f6e61aa4000 rw-p 00000000 00:00 0 
7f6e61aa4000-7f6e61aa5000 ---p 00000000 00:00 0 
7f6e61aa5000-7f6e61ba5000 rw-p 00000000 00:00 0                          [stack:5472]
7f6e61ba5000-7f6e61ba6000 ---p 00000000 00:00 0 
7f6e61ba6000-7f6e61ca6000 rw-p 00000000 00:00 0                          [stack:5471]
7f6e61ca6000-7f6e61ca7000 ---p 00000000 00:00 0 
7f6e61ca7000-7f6e61da7000 rw-p 00000000 00:00 0                          [stack:5470]
7f6e61da7000-7f6e61da8000 ---p 00000000 00:00 0 
7f6e61da8000-7f6e61ebc000 rw-p 00000000 00:00 0                          [stack:5469]
7f6e61ebc000-7f6e620a8000 ---p 00000000 00:00 0 
7f6e620a8000-7f6e620bc000 rw-p 00000000 00:00 0 
7f6e620bc000-7f6e622a8000 ---p 00000000 00:00 0 
7f6e622a8000-7f6e622c9000 rw-p 00000000 00:00 0 
7f6e622c9000-7f6e623a8000 ---p 00000000 00:00 0 
7f6e623a8000-7f6e623c4000 rw-p 00000000 00:00 0 
7f6e623c4000-7f6e62769000 ---p 00000000 00:00 0 
7f6e62769000-7f6e62783000 r-xp 00000000 08:03 2385090                    /home/harshitha/Desktop/android-studio/jre/jre/lib/amd64/libzip.so
7f6e62783000-7f6e62983000 ---p 0001a000 08:03 2385090                    /home/harshitha/Desktop/android-studio/jre/jre/lib/amd64/libzip.so
7f6e62983000-7f6e62984000 r--p 0001a000 08:03 2385090                    /home/harshitha/Desktop/android-studio/jre/jre/lib/amd64/libzip.so
7f6e62984000-7f6e62985000 rw-p 0001b000 08:03 2385090                    /home/harshitha/Desktop/android-studio/jre/jre/lib/amd64/libzip.so
7f6e62985000-7f6e6298f000 r-xp 00000000 08:03 687066                     /lib/x86_64-linux-gnu/libnss_files-2.19.so
7f6e6298f000-7f6e62b8e000 ---p 0000a000 08:03 687066                     /lib/x86_64-linux-gnu/libnss_files-2.19.so
7f6e62b8e000-7f6e62b8f000 r--p 00009000 08:03 687066                     /lib/x86_64-linux-gnu/libnss_files-2.19.so
7f6e62b8f000-7f6e62b90000 rw-p 0000a000 08:03 687066                     /lib/x86_64-linux-gnu/libnss_files-2.19.so
7f6e62b90000-7f6e62b9b000 r-xp 00000000 08:03 673954                     /lib/x86_64-linux-gnu/libnss_nis-2.19.so
7f6e62b9b000-7f6e62d9a000 ---p 0000b000 08:03 673954                     /lib/x86_64-linux-gnu/libnss_nis-2.19.so
7f6e62d9a000-7f6e62d9b000 r--p 0000a000 08:03 673954                     /lib/x86_64-linux-gnu/libnss_nis-2.19.so
7f6e62d9b000-7f6e62d9c000 rw-p 0000b000 08:03 673954                     /lib/x86_64-linux-gnu/libnss_nis-2.19.so
7f6e62d9c000-7f6e62db3000 r-xp 00000000 08:03 687060                     /lib/x86_64-linux-gnu/libnsl-2.19.so
7f6e62db3000-7f6e62fb2000 ---p 00017000 08:03 687060                     /lib/x86_64-linux-gnu/libnsl-2.19.so
7f6e62fb2000-7f6e62fb3000 r--p 00016000 08:03 687060                     /lib/x86_64-linux-gnu/libnsl-2.19.so
7f6e62fb3000-7f6e62fb4000 rw-p 00017000 08:03 687060                     /lib/x86_64-linux-gnu/libnsl-2.19.so
7f6e62fb4000-7f6e62fb6000 rw-p 00000000 00:00 0 
7f6e62fb6000-7f6e62fbf000 r-xp 00000000 08:03 687058                     /lib/x86_64-linux-gnu/libnss_compat-2.19.so
7f6e62fbf000-7f6e631be000 ---p 00009000 08:03 687058                     /lib/x86_64-linux-gnu/libnss_compat-2.19.so
7f6e631be000-7f6e631bf000 r--p 00008000 08:03 687058                     /lib/x86_64-linux-gnu/libnss_compat-2.19.so
7f6e631bf000-7f6e631c0000 rw-p 00009000 08:03 687058                     /lib/x86_64-linux-gnu/libnss_compat-2.19.so
7f6e631c0000-7f6e631ed000 r-xp 00000000 08:03 2385100                    /home/harshitha/Desktop/android-studio/jre/jre/lib/amd64/libjava.so
7f6e631ed000-7f6e633ec000 ---p 0002d000 08:03 2385100                    /home/harshitha/Desktop/android-studio/jre/jre/lib/amd64/libjava.so
7f6e633ec000-7f6e633ed000 r--p 0002c000 08:03 2385100                    /home/harshitha/Desktop/android-studio/jre/jre/lib/amd64/libjava.so
7f6e633ed000-7f6e633ef000 rw-p 0002d000 08:03 2385100                    /home/harshitha/Desktop/android-studio/jre/jre/lib/amd64/libjava.so
7f6e633ef000-7f6e633ff000 r-xp 00000000 08:03 2385116                    /home/harshitha/Desktop/android-studio/jre/jre/lib/amd64/libverify.so
7f6e633ff000-7f6e635fe000 ---p 00010000 08:03 2385116                    /home/harshitha/Desktop/android-studio/jre/jre/lib/amd64/libverify.so
7f6e635fe000-7f6e63600000 r--p 0000f000 08:03 2385116                    /home/harshitha/Desktop/android-studio/jre/jre/lib/amd64/libverify.so
7f6e63600000-7f6e63601000 rw-p 00011000 08:03 2385116                    /home/harshitha/Desktop/android-studio/jre/jre/lib/amd64/libverify.so
7f6e63601000-7f6e63608000 r-xp 00000000 08:03 672794                     /lib/x86_64-linux-gnu/librt-2.19.so
7f6e63608000-7f6e63807000 ---p 00007000 08:03 672794                     /lib/x86_64-linux-gnu/librt-2.19.so
7f6e63807000-7f6e63808000 r--p 00006000 08:03 672794                     /lib/x86_64-linux-gnu/librt-2.19.so
7f6e63808000-7f6e63809000 rw-p 00007000 08:03 672794                     /lib/x86_64-linux-gnu/librt-2.19.so
7f6e63809000-7f6e6390e000 r-xp 00000000 08:03 687061                     /lib/x86_64-linux-gnu/libm-2.19.so
7f6e6390e000-7f6e63b0d000 ---p 00105000 08:03 687061                     /lib/x86_64-linux-gnu/libm-2.19.so
7f6e63b0d000-7f6e63b0e000 r--p 00104000 08:03 687061                     /lib/x86_64-linux-gnu/libm-2.19.so
7f6e63b0e000-7f6e63b0f000 rw-p 00105000 08:03 687061                     /lib/x86_64-linux-gnu/libm-2.19.so
7f6e63b0f000-7f6e64700000 r-xp 00000000 08:03 2385120                    /home/harshitha/Desktop/android-studio/jre/jre/lib/amd64/server/libjvm.so
7f6e64700000-7f6e64900000 ---p 00bf1000 08:03 2385120                    /home/harshitha/Desktop/android-studio/jre/jre/lib/amd64/server/libjvm.so
7f6e64900000-7f6e6499f000 r--p 00bf1000 08:03 2385120                    /home/harshitha/Desktop/android-studio/jre/jre/lib/amd64/server/libjvm.so
7f6e6499f000-7f6e649c8000 rw-p 00c90000 08:03 2385120                    /home/harshitha/Desktop/android-studio/jre/jre/lib/amd64/server/libjvm.so
7f6e649c8000-7f6e64a0c000 rw-p 00000000 00:00 0 
7f6e64a0c000-7f6e64a25000 r-xp 00000000 08:03 687068                     /lib/x86_64-linux-gnu/libpthread-2.19.so
7f6e64a25000-7f6e64c24000 ---p 00019000 08:03 687068                     /lib/x86_64-linux-gnu/libpthread-2.19.so
7f6e64c24000-7f6e64c25000 r--p 00018000 08:03 687068                     /lib/x86_64-linux-gnu/libpthread-2.19.so
7f6e64c25000-7f6e64c26000 rw-p 00019000 08:03 687068                     /lib/x86_64-linux-gnu/libpthread-2.19.so
7f6e64c26000-7f6e64c2a000 rw-p 00000000 00:00 0 
7f6e64c2a000-7f6e64c2d000 r-xp 00000000 08:03 687067                     /lib/x86_64-linux-gnu/libdl-2.19.so
7f6e64c2d000-7f6e64e2c000 ---p 00003000 08:03 687067                     /lib/x86_64-linux-gnu/libdl-2.19.so
7f6e64e2c000-7f6e64e2d000 r--p 00002000 08:03 687067                     /lib/x86_64-linux-gnu/libdl-2.19.so
7f6e64e2d000-7f6e64e2e000 rw-p 00003000 08:03 687067                     /lib/x86_64-linux-gnu/libdl-2.19.so
7f6e64e2e000-7f6e64fec000 r-xp 00000000 08:03 687057                     /lib/x86_64-linux-gnu/libc-2.19.so
7f6e64fec000-7f6e651eb000 ---p 001be000 08:03 687057                     /lib/x86_64-linux-gnu/libc-2.19.so
7f6e651eb000-7f6e651ef000 r--p 001bd000 08:03 687057                     /lib/x86_64-linux-gnu/libc-2.19.so
7f6e651ef000-7f6e651f1000 rw-p 001c1000 08:03 687057                     /lib/x86_64-linux-gnu/libc-2.19.so
7f6e651f1000-7f6e651f6000 rw-p 00000000 00:00 0 
7f6e651f6000-7f6e6520c000 r-xp 00000000 08:03 2384980                    /home/harshitha/Desktop/android-studio/jre/lib/amd64/jli/libjli.so
7f6e6520c000-7f6e6540b000 ---p 00016000 08:03 2384980                    /home/harshitha/Desktop/android-studio/jre/lib/amd64/jli/libjli.so
7f6e6540b000-7f6e6540c000 r--p 00015000 08:03 2384980                    /home/harshitha/Desktop/android-studio/jre/lib/amd64/jli/libjli.so
7f6e6540c000-7f6e6540d000 rw-p 00016000 08:03 2384980                    /home/harshitha/Desktop/android-studio/jre/lib/amd64/jli/libjli.so
7f6e6540d000-7f6e65430000 r-xp 00000000 08:03 687065                     /lib/x86_64-linux-gnu/ld-2.19.so
7f6e65430000-7f6e65431000 r--s 00000000 08:03 21956                      /home/harshitha/.gradle/wrapper/dists/gradle-3.3-all/55gk2rcmfc6p2dg9u9ohc3hw9/gradle-3.3/lib/javax.inject-1.jar
7f6e65431000-7f6e65432000 r--s 00000000 08:03 21955                      /home/harshitha/.gradle/wrapper/dists/gradle-3.3-all/55gk2rcmfc6p2dg9u9ohc3hw9/gradle-3.3/lib/jcip-annotations-1.0.jar
7f6e65432000-7f6e65436000 r--s 00027000 08:03 21954                      /home/harshitha/.gradle/wrapper/dists/gradle-3.3-all/55gk2rcmfc6p2dg9u9ohc3hw9/gradle-3.3/lib/commons-io-2.2.jar
7f6e65436000-7f6e6543b000 r--s 00038000 08:03 21951                      /home/harshitha/.gradle/wrapper/dists/gradle-3.3-all/55gk2rcmfc6p2dg9u9ohc3hw9/gradle-3.3/lib/asm-all-5.1.jar
7f6e6543b000-7f6e6543c000 r--s 00001000 08:03 21947                      /home/harshitha/.gradle/wrapper/dists/gradle-3.3-all/55gk2rcmfc6p2dg9u9ohc3hw9/gradle-3.3/lib/gradle-process-services-3.3.jar
7f6e6543c000-7f6e6543e000 r--s 00000000 08:03 21937                      /home/harshitha/.gradle/wrapper/dists/gradle-3.3-all/55gk2rcmfc6p2dg9u9ohc3hw9/gradle-3.3/lib/gradle-jvm-services-3.3.jar
7f6e6543e000-7f6e65443000 r--s 00041000 08:03 21946                      /home/harshitha/.gradle/wrapper/dists/gradle-3.3-all/55gk2rcmfc6p2dg9u9ohc3hw9/gradle-3.3/lib/commons-lang-2.6.jar
7f6e65443000-7f6e65505000 rw-p 00000000 00:00 0 
7f6e65505000-7f6e65508000 ---p 00000000 00:00 0 
7f6e65508000-7f6e6560a000 rw-p 00000000 00:00 0                          [stack:5468]
7f6e6560a000-7f6e6560b000 r--s 00000000 08:03 22102                      /home/harshitha/.gradle/wrapper/dists/gradle-3.3-all/55gk2rcmfc6p2dg9u9ohc3hw9/gradle-3.3/lib/gradle-version-info-3.3.jar
7f6e6560b000-7f6e6560c000 r--s 00007000 08:03 21944                      /home/harshitha/.gradle/wrapper/dists/gradle-3.3-all/55gk2rcmfc6p2dg9u9ohc3hw9/gradle-3.3/lib/slf4j-api-1.7.10.jar
7f6e6560c000-7f6e6560d000 r--s 00004000 08:03 21969                      /home/harshitha/.gradle/wrapper/dists/gradle-3.3-all/55gk2rcmfc6p2dg9u9ohc3hw9/gradle-3.3/lib/ant-launcher-1.9.6.jar
7f6e6560d000-7f6e65616000 r--s 00042000 08:03 21936                      /home/harshitha/.gradle/wrapper/dists/gradle-3.3-all/55gk2rcmfc6p2dg9u9ohc3hw9/gradle-3.3/lib/gradle-base-services-3.3.jar
7f6e65616000-7f6e65623000 r--s 0005c000 08:03 21933                      /home/harshitha/.gradle/wrapper/dists/gradle-3.3-all/55gk2rcmfc6p2dg9u9ohc3hw9/gradle-3.3/lib/gradle-launcher-3.3.jar
7f6e65623000-7f6e6562b000 rw-s 00000000 08:03 1201029                    /tmp/hsperfdata_harshitha/5465
7f6e6562b000-7f6e6562c000 rw-p 00000000 00:00 0 
7f6e6562c000-7f6e6562d000 ---p 00000000 00:00 0 
7f6e6562d000-7f6e6562f000 rw-p 00000000 00:00 0 
7f6e6562f000-7f6e65630000 r--p 00022000 08:03 687065                     /lib/x86_64-linux-gnu/ld-2.19.so
7f6e65630000-7f6e65631000 rw-p 00023000 08:03 687065                     /lib/x86_64-linux-gnu/ld-2.19.so
7f6e65631000-7f6e65632000 rw-p 00000000 00:00 0 
7fffbb54e000-7fffbb56f000 rw-p 00000000 00:00 0                          [stack]
7fffbb594000-7fffbb596000 r-xp 00000000 00:00 0                          [vdso]
ffffffffff600000-ffffffffff601000 r-xp 00000000 00:00 0                  [vsyscall]

VM Arguments:
jvm_args: -Xmx1536m -Dfile.encoding=UTF-8 -Duser.country=IN -Duser.language=en -Duser.variant 
java_command: org.gradle.launcher.daemon.bootstrap.GradleDaemon 3.3
java_class_path (initial): /home/harshitha/.gradle/wrapper/dists/gradle-3.3-all/55gk2rcmfc6p2dg9u9ohc3hw9/gradle-3.3/lib/gradle-launcher-3.3.jar
Launcher Type: SUN_STANDARD

Environment Variables:
JAVA_HOME=/usr/local/java/jdk1.8.0_121
PATH=/usr/local/java/jdk1.8.0_121/bin:/usr/local/sbin:/usr/local/bin:/usr/sbin:/usr/bin:/sbin:/bin:/usr/games:/usr/local/games
LD_LIBRARY_PATH=.:
SHELL=/bin/bash
DISPLAY=:0

Signal Handlers:
SIGSEGV: [libjvm.so+0x9e5150], sa_mask[0]=11111111011111111101111111111110, sa_flags=SA_RESTART|SA_SIGINFO
SIGBUS: [libjvm.so+0x9e5150], sa_mask[0]=11111111011111111101111111111110, sa_flags=SA_RESTART|SA_SIGINFO
SIGFPE: [libjvm.so+0x848450], sa_mask[0]=11111111011111111101111111111110, sa_flags=SA_RESTART|SA_SIGINFO
SIGPIPE: [libjvm.so+0x848450], sa_mask[0]=11111111011111111101111111111110, sa_flags=SA_RESTART|SA_SIGINFO
SIGXFSZ: [libjvm.so+0x848450], sa_mask[0]=11111111011111111101111111111110, sa_flags=SA_RESTART|SA_SIGINFO
SIGILL: [libjvm.so+0x848450], sa_mask[0]=11111111011111111101111111111110, sa_flags=SA_RESTART|SA_SIGINFO
SIGUSR1: SIG_DFL, sa_mask[0]=00000000000000000000000000000000, sa_flags=none
SIGUSR2: [libjvm.so+0x848320], sa_mask[0]=00100000000000000000000000000000, sa_flags=SA_RESTART|SA_SIGINFO
SIGHUP: [libjvm.so+0x848510], sa_mask[0]=11111111011111111101111111111110, sa_flags=SA_RESTART|SA_SIGINFO
SIGINT: [libjvm.so+0x848510], sa_mask[0]=11111111011111111101111111111110, sa_flags=SA_RESTART|SA_SIGINFO
SIGTERM: [libjvm.so+0x848510], sa_mask[0]=11111111011111111101111111111110, sa_flags=SA_RESTART|SA_SIGINFO
SIGQUIT: [libjvm.so+0x848510], sa_mask[0]=11111111011111111101111111111110, sa_flags=SA_RESTART|SA_SIGINFO


---------------  S Y S T E M  ---------------

OS:DISTRIB_ID=Ubuntu
DISTRIB_RELEASE=14.04
DISTRIB_CODENAME=trusty
DISTRIB_DESCRIPTION="Ubuntu 14.04.5 LTS"

uname:Linux 3.13.0-117-generic #164-Ubuntu SMP Fri Apr 7 11:05:26 UTC 2017 x86_64
libc:glibc 2.19 NPTL 2.19 
rlimit: STACK 8192k, CORE 0k, NPROC 30511, NOFILE 4096, AS infinity
load average:7.32 4.33 2.22

/proc/meminfo:
MemTotal:        3927876 kB
MemFree:           97904 kB
Buffers:             140 kB
Cached:           600460 kB
SwapCached:            0 kB
Active:          3080300 kB
Inactive:         598180 kB
Active(anon):    3080028 kB
Inactive(anon):   595036 kB
Active(file):        272 kB
Inactive(file):     3144 kB
Unevictable:          84 kB
Mlocked:              84 kB
SwapTotal:             0 kB
SwapFree:              0 kB
Dirty:                20 kB
Writeback:             0 kB
AnonPages:       3077488 kB
Mapped:           190380 kB
Shmem:            597660 kB
Slab:              60168 kB
SReclaimable:      30124 kB
SUnreclaim:        30044 kB
KernelStack:        3696 kB
PageTables:        30504 kB
NFS_Unstable:          0 kB
Bounce:                0 kB
WritebackTmp:          0 kB
CommitLimit:     1963936 kB
Committed_AS:    5927764 kB
VmallocTotal:   34359738367 kB
VmallocUsed:      352536 kB
VmallocChunk:   34359326136 kB
HardwareCorrupted:     0 kB
AnonHugePages:   1136640 kB
HugePages_Total:       0
HugePages_Free:        0
HugePages_Rsvd:        0
HugePages_Surp:        0
Hugepagesize:       2048 kB
DirectMap4k:       63104 kB
DirectMap2M:     4012032 kB


CPU:total 4 (2 cores per cpu, 2 threads per core) family 6 model 42 stepping 7, cmov, cx8, fxsr, mmx, sse, sse2, sse3, ssse3, sse4.1, sse4.2, popcnt, avx, aes, clmul, ht, tsc, tscinvbit

/proc/cpuinfo:
processor	: 0
vendor_id	: GenuineIntel
cpu family	: 6
model		: 42
model name	: Intel(R) Core(TM) i7-2640M CPU @ 2.80GHz
stepping	: 7
microcode	: 0x29
cpu MHz		: 2801.000
cache size	: 4096 KB
physical id	: 0
siblings	: 4
core id		: 0
cpu cores	: 2
apicid		: 0
initial apicid	: 0
fpu		: yes
fpu_exception	: yes
cpuid level	: 13
wp		: yes
flags		: fpu vme de pse tsc msr pae mce cx8 apic sep mtrr pge mca cmov pat pse36 clflush dts acpi mmx fxsr sse sse2 ss ht tm pbe syscall nx rdtscp lm constant_tsc arch_perfmon pebs bts nopl xtopology nonstop_tsc aperfmperf eagerfpu pni pclmulqdq dtes64 monitor ds_cpl vmx smx est tm2 ssse3 cx16 xtpr pdcm pcid sse4_1 sse4_2 x2apic popcnt tsc_deadline_timer aes xsave avx lahf_lm ida arat epb xsaveopt pln pts dtherm tpr_shadow vnmi flexpriority ept vpid
bogomips	: 5581.90
clflush size	: 64
cache_alignment	: 64
address sizes	: 36 bits physical, 48 bits virtual
power management:

processor	: 1
vendor_id	: GenuineIntel
cpu family	: 6
model		: 42
model name	: Intel(R) Core(TM) i7-2640M CPU @ 2.80GHz
stepping	: 7
microcode	: 0x29
cpu MHz		: 2801.000
cache size	: 4096 KB
physical id	: 0
siblings	: 4
core id		: 0
cpu cores	: 2
apicid		: 1
initial apicid	: 1
fpu		: yes
fpu_exception	: yes
cpuid level	: 13
wp		: yes
flags		: fpu vme de pse tsc msr pae mce cx8 apic sep mtrr pge mca cmov pat pse36 clflush dts acpi mmx fxsr sse sse2 ss ht tm pbe syscall nx rdtscp lm constant_tsc arch_perfmon pebs bts nopl xtopology nonstop_tsc aperfmperf eagerfpu pni pclmulqdq dtes64 monitor ds_cpl vmx smx est tm2 ssse3 cx16 xtpr pdcm pcid sse4_1 sse4_2 x2apic popcnt tsc_deadline_timer aes xsave avx lahf_lm ida arat epb xsaveopt pln pts dtherm tpr_shadow vnmi flexpriority ept vpid
bogomips	: 5581.90
clflush size	: 64
cache_alignment	: 64
address sizes	: 36 bits physical, 48 bits virtual
power management:

processor	: 2
vendor_id	: GenuineIntel
cpu family	: 6
model		: 42
model name	: Intel(R) Core(TM) i7-2640M CPU @ 2.80GHz
stepping	: 7
microcode	: 0x29
cpu MHz		: 2801.000
cache size	: 4096 KB
physical id	: 0
siblings	: 4
core id		: 1
cpu cores	: 2
apicid		: 2
initial apicid	: 2
fpu		: yes
fpu_exception	: yes
cpuid level	: 13
wp		: yes
flags		: fpu vme de pse tsc msr pae mce cx8 apic sep mtrr pge mca cmov pat pse36 clflush dts acpi mmx fxsr sse sse2 ss ht tm pbe syscall nx rdtscp lm constant_tsc arch_perfmon pebs bts nopl xtopology nonstop_tsc aperfmperf eagerfpu pni pclmulqdq dtes64 monitor ds_cpl vmx smx est tm2 ssse3 cx16 xtpr pdcm pcid sse4_1 sse4_2 x2apic popcnt tsc_deadline_timer aes xsave avx lahf_lm ida arat epb xsaveopt pln pts dtherm tpr_shadow vnmi flexpriority ept vpid
bogomips	: 5581.90
clflush size	: 64
cache_alignment	: 64
address sizes	: 36 bits physical, 48 bits virtual
power management:

processor	: 3
vendor_id	: GenuineIntel
cpu family	: 6
model		: 42
model name	: Intel(R) Core(TM) i7-2640M CPU @ 2.80GHz
stepping	: 7
microcode	: 0x29
cpu MHz		: 2801.000
cache size	: 4096 KB
physical id	: 0
siblings	: 4
core id		: 1
cpu cores	: 2
apicid		: 3
initial apicid	: 3
fpu		: yes
fpu_exception	: yes
cpuid level	: 13
wp		: yes
flags		: fpu vme de pse tsc msr pae mce cx8 apic sep mtrr pge mca cmov pat pse36 clflush dts acpi mmx fxsr sse sse2 ss ht tm pbe syscall nx rdtscp lm constant_tsc arch_perfmon pebs bts nopl xtopology nonstop_tsc aperfmperf eagerfpu pni pclmulqdq dtes64 monitor ds_cpl vmx smx est tm2 ssse3 cx16 xtpr pdcm pcid sse4_1 sse4_2 x2apic popcnt tsc_deadline_timer aes xsave avx lahf_lm ida arat epb xsaveopt pln pts dtherm tpr_shadow vnmi flexpriority ept vpid
bogomips	: 5581.90
clflush size	: 64
cache_alignment	: 64
address sizes	: 36 bits physical, 48 bits virtual
power management:



Memory: 4k page, physical 3927876k(96416k free), swap 0k(0k free)

vm_info: OpenJDK 64-Bit Server VM (25.112-b06) for linux-amd64 JRE (1.8.0_112-release-b06), built on Dec  6 2016 12:11:18 by "builder" with gcc 4.8.4

time: Mon Jun 19 21:18:06 2017
elapsed time: 17 seconds (0d 0h 0m 17s)

