#
# There is insufficient memory for the Java Runtime Environment to continue.
# Native memory allocation (mmap) failed to map 81264640 bytes for committing reserved memory.
# Possible reasons:
#   The system is out of physical RAM or swap space
#   In 32 bit mode, the process size limit was hit
# Possible solutions:
#   Reduce memory load on the system
#   Increase physical memory or swap space
#   Check if swap backing store is full
#   Use 64 bit Java on a 64 bit OS
#   Decrease Java heap size (-Xmx/-Xms)
#   Decrease number of Java threads
#   Decrease Java thread stack sizes (-Xss)
#   Set larger code cache with -XX:ReservedCodeCacheSize=
# This output file may be truncated or incomplete.
#
#  Out of Memory Error (os_linux.cpp:2627), pid=5298, tid=0x00007f16b03f3700
#
# JRE version: OpenJDK Runtime Environment (8.0_112-b06) (build 1.8.0_112-release-b06)
# Java VM: OpenJDK 64-Bit Server VM (25.112-b06 mixed mode linux-amd64 compressed oops)
# Failed to write core dump. Core dumps have been disabled. To enable core dumping, try "ulimit -c unlimited" before starting Java again
#

---------------  T H R E A D  ---------------

Current thread (0x00007f16d0077800):  VMThread [stack: 0x00007f16b02f3000,0x00007f16b03f4000] [id=5307]

Stack: [0x00007f16b02f3000,0x00007f16b03f4000],  sp=0x00007f16b03f2480,  free space=1021k
Native frames: (J=compiled Java code, j=interpreted, Vv=VM code, C=native code)
V  [libjvm.so+0x9e465d]  VMError::report_and_die()+0x15d
V  [libjvm.so+0x4b6ada]  report_vm_out_of_memory(char const*, int, unsigned long, VMErrorType, char const*)+0x8a
V  [libjvm.so+0x84c860]  os::pd_commit_memory(char*, unsigned long, unsigned long, bool)+0xf0
V  [libjvm.so+0x84737f]  os::commit_memory(char*, unsigned long, unsigned long, bool)+0x1f
V  [libjvm.so+0x8bd3db]  PSVirtualSpace::expand_by(unsigned long)+0x5b
V  [libjvm.so+0x8be050]  PSYoungGen::resize_generation(unsigned long, unsigned long)+0xb0
V  [libjvm.so+0x8be36b]  PSYoungGen::resize(unsigned long, unsigned long)+0x1b
V  [libjvm.so+0x8baa5c]  PSScavenge::invoke_no_policy()+0xdac
V  [libjvm.so+0x8bb238]  PSScavenge::invoke()+0x38
V  [libjvm.so+0x86fcf3]  ParallelScavengeHeap::failed_mem_allocate(unsigned long)+0x63
V  [libjvm.so+0x9e6124]  VM_ParallelGCFailedAllocation::doit()+0x84
V  [libjvm.so+0x9ea537]  VM_Operation::evaluate()+0x47
V  [libjvm.so+0x9e8ff8]  VMThread::evaluate_operation(VM_Operation*)+0x2c8
V  [libjvm.so+0x9e9479]  VMThread::loop()+0x219
V  [libjvm.so+0x9e98c2]  VMThread::run()+0x72
V  [libjvm.so+0x849c82]  java_start(Thread*)+0xf2

VM_Operation (0x00007f169d90d410): ParallelGCFailedAllocation, mode: safepoint, requested by thread 0x00007f1678009000


---------------  P R O C E S S  ---------------

Java Threads: ( => current thread )
  0x00007f1675217800 JavaThread "Cache update executor" [_thread_blocked, id=5336, stack(0x00007f169c09d000,0x00007f169c19e000)]
  0x00007f16748b2000 JavaThread "File lock request listener" [_thread_in_native, id=5332, stack(0x00007f169c90c000,0x00007f169ca0d000)]
  0x00007f1674c29800 JavaThread "process reaper" daemon [_thread_blocked, id=5331, stack(0x00007f169ce5b000,0x00007f169ce94000)]
  0x00007f1674007800 JavaThread "Stdin handler" [_thread_blocked, id=5327, stack(0x00007f169d50e000,0x00007f169d60f000)]
  0x00007f1674006000 JavaThread "Asynchronous log dispatcher for DefaultDaemonConnection: socket connection from /127.0.0.1:48733 to /127.0.0.1:47962" [_thread_blocked, id=5326, stack(0x00007f169d60f000,0x00007f169d710000)]
  0x00007f16d0d13800 JavaThread "pool-1-thread-1" [_thread_blocked, id=5325, stack(0x00007f169d710000,0x00007f169d811000)]
  0x00007f1678009000 JavaThread "Daemon worker" [_thread_blocked, id=5324, stack(0x00007f169d811000,0x00007f169d912000)]
  0x00007f1678004000 JavaThread "Cancel handler" [_thread_blocked, id=5323, stack(0x00007f169d912000,0x00007f169da13000)]
  0x00007f1678005800 JavaThread "Handler for socket connection from /127.0.0.1:48733 to /127.0.0.1:47962" [_thread_in_native, id=5322, stack(0x00007f169dc13000,0x00007f169dd14000)]
  0x00007f1684036800 JavaThread "Daemon" [_thread_blocked, id=5321, stack(0x00007f169dd14000,0x00007f169de15000)]
  0x00007f16d0cc4800 JavaThread "Incoming local TCP Connector on port 48733" [_thread_in_native, id=5316, stack(0x00007f169e01c000,0x00007f169e11d000)]
  0x00007f16d00c7800 JavaThread "Service Thread" daemon [_thread_blocked, id=5314, stack(0x00007f169f419000,0x00007f169f51a000)]
  0x00007f16d00bc800 JavaThread "C1 CompilerThread2" daemon [_thread_blocked, id=5313, stack(0x00007f169f51a000,0x00007f169f61b000)]
  0x00007f16d00ba800 JavaThread "C2 CompilerThread1" daemon [_thread_blocked, id=5312, stack(0x00007f169f61b000,0x00007f169f71c000)]
  0x00007f16d00b8000 JavaThread "C2 CompilerThread0" daemon [_thread_blocked, id=5311, stack(0x00007f169f71c000,0x00007f169f81d000)]
  0x00007f16d00b6800 JavaThread "Signal Dispatcher" daemon [_thread_blocked, id=5310, stack(0x00007f169f81d000,0x00007f169f91e000)]
  0x00007f16d0083800 JavaThread "Finalizer" daemon [_thread_blocked, id=5309, stack(0x00007f16b00f1000,0x00007f16b01f2000)]
  0x00007f16d007f000 JavaThread "Reference Handler" daemon [_thread_blocked, id=5308, stack(0x00007f16b01f2000,0x00007f16b02f3000)]
  0x00007f16d000a000 JavaThread "main" [_thread_blocked, id=5302, stack(0x00007f16d7be2000,0x00007f16d7ce3000)]

Other Threads:
=>0x00007f16d0077800 VMThread [stack: 0x00007f16b02f3000,0x00007f16b03f4000] [id=5307]
  0x00007f16d00ca000 WatcherThread [stack: 0x00007f169f318000,0x00007f169f419000] [id=5315]

VM state:at safepoint (normal execution)

VM Mutex/Monitor currently owned by a thread:  ([mutex/lock_event])
[0x00007f16d0006460] Threads_lock - owner thread: 0x00007f16d0077800
[0x00007f16d0006960] Heap_lock - owner thread: 0x00007f1678009000

Heap:
 PSYoungGen      total 269824K, used 128K [0x00000000e0000000, 0x00000000f1c80000, 0x0000000100000000)
  eden space 248320K, 0% used [0x00000000e0000000,0x00000000e0000000,0x00000000ef280000)
  from space 21504K, 0% used [0x00000000ef280000,0x00000000ef2a0000,0x00000000f0780000)
  to   space 16384K, 0% used [0x00000000f0c80000,0x00000000f0c80000,0x00000000f1c80000)
 ParOldGen       total 93184K, used 44655K [0x00000000a0000000, 0x00000000a5b00000, 0x00000000e0000000)
  object space 93184K, 47% used [0x00000000a0000000,0x00000000a2b9bc00,0x00000000a5b00000)
 Metaspace       used 52361K, capacity 54184K, committed 54312K, reserved 1095680K
  class space    used 7073K, capacity 7470K, committed 7472K, reserved 1048576K

Card table byte_map: [0x00007f16d4785000,0x00007f16d4a86000] byte_map_base: 0x00007f16d4285000

Marking Bits: (ParMarkBitMap*) 0x00007f16d70ba340
 Begin Bits: [0x00007f16b1000000, 0x00007f16b2800000)
 End Bits:   [0x00007f16b2800000, 0x00007f16b4000000)

Polling page: 0x00007f16d7d09000

CodeCache: size=245760Kb used=21850Kb max_used=23498Kb free=223909Kb
 bounds [0x00007f16c1000000, 0x00007f16c2710000, 0x00007f16d0000000]
 total_blobs=7711 nmethods=6958 adapters=666
 compilation: enabled

Compilation events (10 events):
Event: 16.190 Thread 0x00007f16d00ba800 nmethod 8020 0x00007f16c1a47890 code [0x00007f16c1a47a80, 0x00007f16c1a48ed8]
Event: 16.191 Thread 0x00007f16d00ba800 8022       4       java.util.ArrayDeque::addFirst (53 bytes)
Event: 16.194 Thread 0x00007f16d00ba800 nmethod 8022 0x00007f16c116d610 code [0x00007f16c116d780, 0x00007f16c116d8c8]
Event: 16.195 Thread 0x00007f16d00ba800 8031       4       java.util.concurrent.TimeUnit$3::toNanos (11 bytes)
Event: 16.196 Thread 0x00007f16d00ba800 nmethod 8031 0x00007f16c11881d0 code [0x00007f16c1188320, 0x00007f16c11883f8]
Event: 16.205 Thread 0x00007f16d00ba800 8033       4       com.android.apkzlib.zip.ZipField::write (131 bytes)
Event: 16.225 Thread 0x00007f16d00ba800 nmethod 8033 0x00007f16c1cb56d0 code [0x00007f16c1cb58a0, 0x00007f16c1cb5f68]
Event: 16.226 Thread 0x00007f16d00ba800 8034       4       java.util.TreeMap::get (19 bytes)
Event: 16.232 Thread 0x00007f16d00ba800 nmethod 8034 0x00007f16c1258690 code [0x00007f16c1258800, 0x00007f16c1258b58]
Event: 16.245 Thread 0x00007f16d00b8000 nmethod 8021 0x00007f16c12dc610 code [0x00007f16c12dc900, 0x00007f16c12df8f0]

GC Heap History (10 events):
Event: 15.773 GC heap after
Heap after GC invocations=15 (full 2):
 PSYoungGen      total 157184K, used 12591K [0x00000000e0000000, 0x00000000ece80000, 0x0000000100000000)
  eden space 136192K, 0% used [0x00000000e0000000,0x00000000e0000000,0x00000000e8500000)
  from space 20992K, 59% used [0x00000000e8500000,0x00000000e914bfc8,0x00000000e9980000)
  to   space 20992K, 0% used [0x00000000eba00000,0x00000000eba00000,0x00000000ece80000)
 ParOldGen       total 54784K, used 38237K [0x00000000a0000000, 0x00000000a3580000, 0x00000000e0000000)
  object space 54784K, 69% used [0x00000000a0000000,0x00000000a25576a0,0x00000000a3580000)
 Metaspace       used 52346K, capacity 54190K, committed 54312K, reserved 1095680K
  class space    used 7074K, capacity 7471K, committed 7472K, reserved 1048576K
}
Event: 15.817 GC heap before
{Heap before GC invocations=16 (full 2):
 PSYoungGen      total 157184K, used 147971K [0x00000000e0000000, 0x00000000ece80000, 0x0000000100000000)
  eden space 136192K, 99% used [0x00000000e0000000,0x00000000e8434eb0,0x00000000e8500000)
  from space 20992K, 59% used [0x00000000e8500000,0x00000000e914bfc8,0x00000000e9980000)
  to   space 20992K, 0% used [0x00000000eba00000,0x00000000eba00000,0x00000000ece80000)
 ParOldGen       total 54784K, used 38237K [0x00000000a0000000, 0x00000000a3580000, 0x00000000e0000000)
  object space 54784K, 69% used [0x00000000a0000000,0x00000000a25576a0,0x00000000a3580000)
 Metaspace       used 52350K, capacity 54190K, committed 54312K, reserved 1095680K
  class space    used 7074K, capacity 7471K, committed 7472K, reserved 1048576K
Event: 15.831 GC heap after
Heap after GC invocations=16 (full 2):
 PSYoungGen      total 190464K, used 11358K [0x00000000e0000000, 0x00000000ee900000, 0x0000000100000000)
  eden space 169472K, 0% used [0x00000000e0000000,0x00000000e0000000,0x00000000ea580000)
  from space 20992K, 54% used [0x00000000eba00000,0x00000000ec517b20,0x00000000ece80000)
  to   space 20992K, 0% used [0x00000000ea580000,0x00000000ea580000,0x00000000eba00000)
 ParOldGen       total 54784K, used 38245K [0x00000000a0000000, 0x00000000a3580000, 0x00000000e0000000)
  object space 54784K, 69% used [0x00000000a0000000,0x00000000a25596a0,0x00000000a3580000)
 Metaspace       used 52350K, capacity 54190K, committed 54312K, reserved 1095680K
  class space    used 7074K, capacity 7471K, committed 7472K, reserved 1048576K
}
Event: 15.881 GC heap before
{Heap before GC invocations=17 (full 2):
 PSYoungGen      total 190464K, used 180715K [0x00000000e0000000, 0x00000000ee900000, 0x0000000100000000)
  eden space 169472K, 99% used [0x00000000e0000000,0x00000000ea5634d0,0x00000000ea580000)
  from space 20992K, 54% used [0x00000000eba00000,0x00000000ec517b20,0x00000000ece80000)
  to   space 20992K, 0% used [0x00000000ea580000,0x00000000ea580000,0x00000000eba00000)
 ParOldGen       total 54784K, used 38245K [0x00000000a0000000, 0x00000000a3580000, 0x00000000e0000000)
  object space 54784K, 69% used [0x00000000a0000000,0x00000000a25596a0,0x00000000a3580000)
 Metaspace       used 52363K, capacity 54190K, committed 54312K, reserved 1095680K
  class space    used 7074K, capacity 7471K, committed 7472K, reserved 1048576K
Event: 15.900 GC heap after
Heap after GC invocations=17 (full 2):
 PSYoungGen      total 190464K, used 64K [0x00000000e0000000, 0x00000000f2180000, 0x0000000100000000)
  eden space 169472K, 0% used [0x00000000e0000000,0x00000000e0000000,0x00000000ea580000)
  from space 20992K, 0% used [0x00000000ea580000,0x00000000ea590000,0x00000000eba00000)
  to   space 21504K, 0% used [0x00000000f0c80000,0x00000000f0c80000,0x00000000f2180000)
 ParOldGen       total 54784K, used 49481K [0x00000000a0000000, 0x00000000a3580000, 0x00000000e0000000)
  object space 54784K, 90% used [0x00000000a0000000,0x00000000a3052638,0x00000000a3580000)
 Metaspace       used 52363K, capacity 54190K, committed 54312K, reserved 1095680K
  class space    used 7074K, capacity 7471K, committed 7472K, reserved 1048576K
}
Event: 15.901 GC heap before
{Heap before GC invocations=18 (full 3):
 PSYoungGen      total 190464K, used 64K [0x00000000e0000000, 0x00000000f2180000, 0x0000000100000000)
  eden space 169472K, 0% used [0x00000000e0000000,0x00000000e0000000,0x00000000ea580000)
  from space 20992K, 0% used [0x00000000ea580000,0x00000000ea590000,0x00000000eba00000)
  to   space 21504K, 0% used [0x00000000f0c80000,0x00000000f0c80000,0x00000000f2180000)
 ParOldGen       total 54784K, used 49481K [0x00000000a0000000, 0x00000000a3580000, 0x00000000e0000000)
  object space 54784K, 90% used [0x00000000a0000000,0x00000000a3052638,0x00000000a3580000)
 Metaspace       used 52363K, capacity 54190K, committed 54312K, reserved 1095680K
  class space    used 7074K, capacity 7471K, committed 7472K, reserved 1048576K
Event: 16.111 GC heap after
Heap after GC invocations=18 (full 3):
 PSYoungGen      total 190464K, used 0K [0x00000000e0000000, 0x00000000f2180000, 0x0000000100000000)
  eden space 169472K, 0% used [0x00000000e0000000,0x00000000e0000000,0x00000000ea580000)
  from space 20992K, 0% used [0x00000000ea580000,0x00000000ea580000,0x00000000eba00000)
  to   space 21504K, 0% used [0x00000000f0c80000,0x00000000f0c80000,0x00000000f2180000)
 ParOldGen       total 93184K, used 44639K [0x00000000a0000000, 0x00000000a5b00000, 0x00000000e0000000)
  object space 93184K, 47% used [0x00000000a0000000,0x00000000a2b97c00,0x00000000a5b00000)
 Metaspace       used 52361K, capacity 54184K, committed 54312K, reserved 1095680K
  class space    used 7073K, capacity 7470K, committed 7472K, reserved 1048576K
}
Event: 16.161 GC heap before
{Heap before GC invocations=19 (full 3):
 PSYoungGen      total 190464K, used 168959K [0x00000000e0000000, 0x00000000f2180000, 0x0000000100000000)
  eden space 169472K, 99% used [0x00000000e0000000,0x00000000ea4ffe10,0x00000000ea580000)
  from space 20992K, 0% used [0x00000000ea580000,0x00000000ea580000,0x00000000eba00000)
  to   space 21504K, 0% used [0x00000000f0c80000,0x00000000f0c80000,0x00000000f2180000)
 ParOldGen       total 93184K, used 44639K [0x00000000a0000000, 0x00000000a5b00000, 0x00000000e0000000)
  object space 93184K, 47% used [0x00000000a0000000,0x00000000a2b97c00,0x00000000a5b00000)
 Metaspace       used 52361K, capacity 54184K, committed 54312K, reserved 1095680K
  class space    used 7073K, capacity 7470K, committed 7472K, reserved 1048576K
Event: 16.163 GC heap after
Heap after GC invocations=19 (full 3):
 PSYoungGen      total 264704K, used 64K [0x00000000e0000000, 0x00000000f1c80000, 0x0000000100000000)
  eden space 248320K, 0% used [0x00000000e0000000,0x00000000e0000000,0x00000000ef280000)
  from space 16384K, 0% used [0x00000000f0c80000,0x00000000f0c90000,0x00000000f1c80000)
  to   space 21504K, 0% used [0x00000000ef280000,0x00000000ef280000,0x00000000f0780000)
 ParOldGen       total 93184K, used 44639K [0x00000000a0000000, 0x00000000a5b00000, 0x00000000e0000000)
  object space 93184K, 47% used [0x00000000a0000000,0x00000000a2b97c00,0x00000000a5b00000)
 Metaspace       used 52361K, capacity 54184K, committed 54312K, reserved 1095680K
  class space    used 7073K, capacity 7470K, committed 7472K, reserved 1048576K
}
Event: 17.575 GC heap before
{Heap before GC invocations=20 (full 3):
 PSYoungGen      total 264704K, used 247441K [0x00000000e0000000, 0x00000000f1c80000, 0x0000000100000000)
  eden space 248320K, 99% used [0x00000000e0000000,0x00000000ef194768,0x00000000ef280000)
  from space 16384K, 0% used [0x00000000f0c80000,0x00000000f0c90000,0x00000000f1c80000)
  to   space 21504K, 0% used [0x00000000ef280000,0x00000000ef280000,0x00000000f0780000)
 ParOldGen       total 93184K, used 44639K [0x00000000a0000000, 0x00000000a5b00000, 0x00000000e0000000)
  object space 93184K, 47% used [0x00000000a0000000,0x00000000a2b97c00,0x00000000a5b00000)
 Metaspace       used 52361K, capacity 54184K, committed 54312K, reserved 1095680K
  class space    used 7073K, capacity 7470K, committed 7472K, reserved 1048576K

Deoptimization events (10 events):
Event: 15.127 Thread 0x00007f1675217800 Uncommon trap: reason=predicate action=maybe_recompile pc=0x00007f16c2515538 method=java.util.Collections.indexedBinarySearch(Ljava/util/List;Ljava/lang/Object;)I @ 16
Event: 15.145 Thread 0x00007f1678009000 Uncommon trap: reason=unstable_if action=reinterpret pc=0x00007f16c2474248 method=org.gradle.api.internal.file.pattern.PatternMatcherFactory$PathMatcherBackedSpec.isSatisfiedBy(Lorg/gradle/api/file/RelativePath;)Z @ 11
Event: 15.148 Thread 0x00007f1678009000 Uncommon trap: reason=unstable_if action=reinterpret pc=0x00007f16c2439e5c method=org.gradle.api.internal.file.pattern.FixedStepsPathMatcher.matches([Ljava/lang/String;I)Z @ 70
Event: 15.379 Thread 0x00007f1678009000 Uncommon trap: reason=speculate_class_check action=maybe_recompile pc=0x00007f16c2547508 method=java.nio.charset.CharsetDecoder.replaceWith(Ljava/lang/String;)Ljava/nio/charset/CharsetDecoder; @ 63
Event: 15.480 Thread 0x00007f1678009000 Uncommon trap: reason=unstable_if action=reinterpret pc=0x00007f16c25edd40 method=java.util.HashMap.keySet()Ljava/util/Set; @ 6
Event: 15.480 Thread 0x00007f1678009000 Uncommon trap: reason=unstable_if action=reinterpret pc=0x00007f16c25aa538 method=java.util.HashMap.keySet()Ljava/util/Set; @ 6
Event: 15.545 Thread 0x00007f1678009000 Uncommon trap: reason=predicate action=maybe_recompile pc=0x00007f16c116d1f8 method=com.google.common.collect.RegularImmutableMap.checkNoConflictInBucket(Ljava/lang/Object;Lcom/google/common/collect/ImmutableMapEntry;Lcom/google/common/collect/ImmutableMa
Event: 15.609 Thread 0x00007f1678009000 Uncommon trap: reason=class_check action=maybe_recompile pc=0x00007f16c261ca14 method=com.android.apkzlib.zip.ZipField.checkVerifiesInvariants(J)V @ 25
Event: 15.711 Thread 0x00007f1678009000 Uncommon trap: reason=unstable_if action=reinterpret pc=0x00007f16c233cdf8 method=java.lang.StringCoding.encode(Ljava/lang/String;[CII)[B @ 38
Event: 15.712 Thread 0x00007f1678009000 Uncommon trap: reason=unstable_if action=reinterpret pc=0x00007f16c243b7fc method=java.lang.StringCoding.encode(Ljava/lang/String;[CII)[B @ 38

Internal exceptions (10 events):
Event: 12.085 Thread 0x00007f1678009000 Exception <a 'java/lang/ClassNotFoundException': org/gradle/model/internal/core/NodeBackedModelMapCustomizer> (0x00000000e1950190) thrown at [/ssd/Android/AOSP-openjdk/external/jetbrains/jdk/hotspot/src/share/vm/classfile/systemDictionary.cpp, line 210]
Event: 12.088 Thread 0x00007f1678009000 Exception <a 'java/lang/ClassNotFoundException': org/gradle/platform/base/BinaryContainer_ImplCustomizer> (0x00000000e19af390) thrown at [/ssd/Android/AOSP-openjdk/external/jetbrains/jdk/hotspot/src/share/vm/classfile/systemDictionary.cpp, line 210]
Event: 12.334 Thread 0x00007f1678009000 Exception <a 'java/lang/NoSuchMethodError': <clinit>> (0x00000000e2268a40) thrown at [/ssd/Android/AOSP-openjdk/external/jetbrains/jdk/hotspot/src/share/vm/prims/jni.cpp, line 1613]
Event: 12.335 Thread 0x00007f1678009000 Exception <a 'java/lang/NoSuchMethodError': <clinit>> (0x00000000e22762e0) thrown at [/ssd/Android/AOSP-openjdk/external/jetbrains/jdk/hotspot/src/share/vm/prims/jni.cpp, line 1613]
Event: 12.345 Thread 0x00007f1678009000 Implicit null exception at 0x00007f16c204d0f7 to 0x00007f16c204d919
Event: 12.346 Thread 0x00007f1678009000 Implicit null exception at 0x00007f16c194ac0e to 0x00007f16c194d2ad
Event: 12.360 Thread 0x00007f1678009000 Exception <a 'java/lang/NoSuchMethodError': <clinit>> (0x00000000e232b270) thrown at [/ssd/Android/AOSP-openjdk/external/jetbrains/jdk/hotspot/src/share/vm/prims/jni.cpp, line 1613]
Event: 12.362 Thread 0x00007f1678009000 Exception <a 'java/lang/NoSuchMethodError': <clinit>> (0x00000000e2343fc8) thrown at [/ssd/Android/AOSP-openjdk/external/jetbrains/jdk/hotspot/src/share/vm/prims/jni.cpp, line 1613]
Event: 12.362 Thread 0x00007f1678009000 Exception <a 'java/lang/NoSuchMethodError': <clinit>> (0x00000000e2345c48) thrown at [/ssd/Android/AOSP-openjdk/external/jetbrains/jdk/hotspot/src/share/vm/prims/jni.cpp, line 1613]
Event: 13.813 Thread 0x00007f1678009000 Exception <a 'java/lang/NoSuchMethodError': java.lang.Object.lambda$negate$1(Ljava/lang/Object;)Z> (0x00000000e01d2e28) thrown at [/ssd/Android/AOSP-openjdk/external/jetbrains/jdk/hotspot/src/share/vm/interpreter/linkResolver.cpp, line 582]

Events (10 events):
Event: 16.245 Thread 0x00007f16d00b8000 flushing nmethod 0x00007f16c17cd910
Event: 16.245 Thread 0x00007f16d00b8000 flushing nmethod 0x00007f16c17e7910
Event: 16.246 Thread 0x00007f16d00b8000 flushing nmethod 0x00007f16c18226d0
Event: 16.246 Thread 0x00007f16d00b8000 flushing nmethod 0x00007f16c1823750
Event: 16.246 Thread 0x00007f16d00b8000 flushing nmethod 0x00007f16c1861410
Event: 16.246 Thread 0x00007f16d00b8000 flushing nmethod 0x00007f16c1881910
Event: 16.246 Thread 0x00007f16d00b8000 flushing nmethod 0x00007f16c18dc710
Event: 16.246 Thread 0x00007f16d00b8000 flushing nmethod 0x00007f16c18fd650
Event: 16.246 Thread 0x00007f16d00b8000 flushing nmethod 0x00007f16c1903e90
Event: 17.554 Executing VM operation: ParallelGCFailedAllocation


Dynamic libraries:
00400000-00401000 r-xp 00000000 08:03 2385006                            /home/harshitha/Desktop/android-studio/jre/bin/java
00600000-00601000 r--p 00000000 08:03 2385006                            /home/harshitha/Desktop/android-studio/jre/bin/java
00601000-00602000 rw-p 00001000 08:03 2385006                            /home/harshitha/Desktop/android-studio/jre/bin/java
016aa000-016cb000 rw-p 00000000 00:00 0                                  [heap]
a0000000-a5b00000 rw-p 00000000 00:00 0 
a5b00000-e0000000 ---p 00000000 00:00 0 
e0000000-f1c80000 rw-p 00000000 00:00 0 
f6a00000-100000000 ---p 00000000 00:00 0 
100000000-10074c000 rw-p 00000000 00:00 0 
10074c000-140000000 ---p 00000000 00:00 0 
7f163c000000-7f163c021000 rw-p 00000000 00:00 0 
7f163c021000-7f1640000000 ---p 00000000 00:00 0 
7f1644000000-7f1644021000 rw-p 00000000 00:00 0 
7f1644021000-7f1648000000 ---p 00000000 00:00 0 
7f1648000000-7f1648021000 rw-p 00000000 00:00 0 
7f1648021000-7f164c000000 ---p 00000000 00:00 0 
7f164c000000-7f164c056000 rw-p 00000000 00:00 0 
7f164c056000-7f1650000000 ---p 00000000 00:00 0 
7f1650000000-7f1650021000 rw-p 00000000 00:00 0 
7f1650021000-7f1654000000 ---p 00000000 00:00 0 
7f1654000000-7f165406a000 rw-p 00000000 00:00 0 
7f165406a000-7f1658000000 ---p 00000000 00:00 0 
7f1658000000-7f1658021000 rw-p 00000000 00:00 0 
7f1658021000-7f165c000000 ---p 00000000 00:00 0 
7f165e826000-7f165e829000 ---p 00000000 00:00 0 
7f165e829000-7f165e927000 rw-p 00000000 00:00 0 
7f165e927000-7f165e92a000 ---p 00000000 00:00 0 
7f165e92a000-7f165ea28000 rw-p 00000000 00:00 0 
7f165ea28000-7f165ea2b000 ---p 00000000 00:00 0 
7f165ea2b000-7f165eb29000 rw-p 00000000 00:00 0 
7f165eb29000-7f165eb2c000 ---p 00000000 00:00 0 
7f165eb2c000-7f165ec2a000 rw-p 00000000 00:00 0 
7f165ec2a000-7f165ec2d000 ---p 00000000 00:00 0 
7f165ec2d000-7f165ef2b000 rw-p 00000000 00:00 0 
7f165f000000-7f165f1c0000 rw-p 00000000 00:00 0 
7f165f1c0000-7f165f200000 ---p 00000000 00:00 0 
7f165f200000-7f165f400000 rw-p 00000000 00:00 0 
7f165f400000-7f165f600000 rw-p 00000000 00:00 0 
7f165f600000-7f165f800000 rw-p 00000000 00:00 0 
7f165f800000-7f165fa00000 rw-p 00000000 00:00 0 
7f165fa00000-7f165fc00000 rw-p 00000000 00:00 0 
7f165fc00000-7f165fe00000 rw-p 00000000 00:00 0 
7f165fe00000-7f165fffe000 rw-p 00000000 00:00 0 
7f165fffe000-7f1660000000 ---p 00000000 00:00 0 
7f1660000000-7f1660021000 rw-p 00000000 00:00 0 
7f1660021000-7f1664000000 ---p 00000000 00:00 0 
7f1664000000-7f1664021000 rw-p 00000000 00:00 0 
7f1664021000-7f1668000000 ---p 00000000 00:00 0 
7f1668000000-7f1668021000 rw-p 00000000 00:00 0 
7f1668021000-7f166c000000 ---p 00000000 00:00 0 
7f166c000000-7f166c021000 rw-p 00000000 00:00 0 
7f166c021000-7f1670000000 ---p 00000000 00:00 0 
7f1670000000-7f1670021000 rw-p 00000000 00:00 0 
7f1670021000-7f1674000000 ---p 00000000 00:00 0 
7f1674000000-7f1675425000 rw-p 00000000 00:00 0 
7f1675425000-7f1678000000 ---p 00000000 00:00 0 
7f1678000000-7f1678021000 rw-p 00000000 00:00 0 
7f1678021000-7f167c000000 ---p 00000000 00:00 0 
7f167c000000-7f167c021000 rw-p 00000000 00:00 0 
7f167c021000-7f1680000000 ---p 00000000 00:00 0 
7f1680000000-7f1680021000 rw-p 00000000 00:00 0 
7f1680021000-7f1684000000 ---p 00000000 00:00 0 
7f1684000000-7f168406b000 rw-p 00000000 00:00 0 
7f168406b000-7f1688000000 ---p 00000000 00:00 0 
7f1688000000-7f1688cd7000 rw-p 00000000 00:00 0 
7f1688cd7000-7f168c000000 ---p 00000000 00:00 0 
7f168c000000-7f168c021000 rw-p 00000000 00:00 0 
7f168c021000-7f1690000000 ---p 00000000 00:00 0 
7f1690000000-7f16927f6000 rw-p 00000000 00:00 0 
7f16927f6000-7f1694000000 ---p 00000000 00:00 0 
7f1694000000-7f1696123000 rw-p 00000000 00:00 0 
7f1696123000-7f1698000000 ---p 00000000 00:00 0 
7f1698000000-7f1698021000 rw-p 00000000 00:00 0 
7f1698021000-7f169c000000 ---p 00000000 00:00 0 
7f169c09d000-7f169c0a0000 ---p 00000000 00:00 0 
7f169c0a0000-7f169c19e000 rw-p 00000000 00:00 0                          [stack:5336]
7f169c19e000-7f169c1b1000 r--s 00344000 08:03 2385029                    /home/harshitha/Desktop/android-studio/jre/jre/lib/resources.jar
7f169c1b1000-7f169c3b1000 rw-p 00000000 00:00 0 
7f169c3b1000-7f169c3b2000 r--s 00001000 08:03 2537794                    /home/harshitha/.gradle/caches/jars-2/cmhx5eetujk7j30d3nllwxyrlnugzjw/annotations-25.3.3.jar
7f169c3b2000-7f169c3ba000 r--s 000a8000 08:03 2537792                    /home/harshitha/.gradle/caches/jars-2/lp0h431tl0554nh1vx6zomcvteflkp/lombok-ast-0.2.3.jar
7f169c3ba000-7f169c3ce000 r--s 000b4000 08:03 2537790                    /home/harshitha/.gradle/caches/jars-2/hgvw6szzawm3evod5l2d6iutfug31w0/uast-162.2228.14.jar
7f169c3ce000-7f169c3d0000 r--s 0000d000 08:03 2537788                    /home/harshitha/.gradle/caches/jars-2/7pwz1bowgakb1eux9ezb56jlturgsyi/commons-codec-1.4.jar
7f169c3d0000-7f169c3d2000 r--s 0000d000 08:03 2537786                    /home/harshitha/.gradle/caches/jars-2/9dj1m0eyooi5qt13735vz8fpkl3cnfy/commons-logging-1.1.1.jar
7f169c3d2000-7f169c3d7000 r--s 00028000 08:03 2537784                    /home/harshitha/.gradle/caches/jars-2/62lv0fe9b3xbqe57f6ljy5upwi7mf6k/httpcore-4.1.jar
7f169c3d7000-7f169c3db000 r--s 0002f000 08:03 2537782                    /home/harshitha/.gradle/caches/jars-2/gsg5n52frsvw6sx0swqqe2hwijwdcf0/jimfs-1.1.jar
7f169c3db000-7f169c3dc000 r--s 00004000 08:03 2537780                    /home/harshitha/.gradle/caches/jars-2/lxs252id0979odjrerlctkb26c2vj95/annotations-12.0.jar
7f169c3dc000-7f169c3dd000 r--s 00004000 08:03 2537778                    /home/harshitha/.gradle/caches/jars-2/9kn99dr0rulyl67sct1ephwcop56l61/asm-analysis-5.0.4.jar
7f169c3dd000-7f169c3e1000 r--s 00040000 08:03 2537776                    /home/harshitha/.gradle/caches/jars-2/ccvn7yglm4blceovs70fngoac1eyn4f/lint-api-25.3.3.jar
7f169c3e1000-7f169c3e2000 r--s 0000a000 08:03 2537774                    /home/harshitha/.gradle/caches/jars-2/nwyg9io65lv6jvmwit2wq82xnnxd7ia/kxml2-2.3.0.jar
7f169c3e2000-7f169c3e4000 r--s 00005000 08:03 2537772                    /home/harshitha/.gradle/caches/jars-2/i6hc1uuj8e9ck59slmzdyz78ydn8sr6/httpmime-4.1.jar
7f169c3e4000-7f169c3ec000 r--s 0004e000 08:03 2537770                    /home/harshitha/.gradle/caches/jars-2/7503wa5irssz0xxahv1xb82p2dl7rr2/httpclient-4.1.1.jar
7f169c3ec000-7f169c3f3000 r--s 00053000 08:03 2537768                    /home/harshitha/.gradle/caches/jars-2/jgkfvs4eqggj7qsyw1f5d3up57hanj1/commons-compress-1.8.1.jar
7f169c3f3000-7f169c3f8000 r--s 0002a000 08:03 2537766                    /home/harshitha/.gradle/caches/jars-2/je8f027qcr1z1egw08byp1ybxbp9kko/gson-2.2.4.jar
7f169c3f8000-7f169c3fd000 r--s 0002e000 08:03 2537764                    /home/harshitha/.gradle/caches/jars-2/s427p2wh0tfza0xa8qijgx107eeevyl/repository-25.3.3.jar
7f169c3fd000-7f169c3ff000 r--s 00006000 08:03 2537762                    /home/harshitha/.gradle/caches/jars-2/e2s952s6co8tps89l80r4riixwqo2oe/dvlib-25.3.3.jar
7f169c3ff000-7f169c401000 r--s 00013000 08:03 2537760                    /home/harshitha/.gradle/caches/jars-2/s02k517nvrh8cbp2c8dz4slqska6dj9/layoutlib-api-25.3.3.jar
7f169c401000-7f169c406000 r--s 00058000 08:03 2537758                    /home/harshitha/.gradle/caches/jars-2/st159835qgxm0l87oqrnhayxos4lc1n/asm-debug-all-5.0.1.jar
7f169c406000-7f169c416000 r--s 000d5000 08:03 2537755                    /home/harshitha/.gradle/caches/jars-2/qzf32gp9kej4w4hlbabft6tplu74cj3/proguard-base-5.3.2.jar
7f169c416000-7f169c419000 r--s 00033000 08:03 2537753                    /home/harshitha/.gradle/caches/jars-2/nz9sndmr8b4xbj4xulkaciy5kdbyfiz/juniversalchardet-1.0.3.jar
7f169c419000-7f169c41d000 r--s 0002a000 08:03 2537751                    /home/harshitha/.gradle/caches/jars-2/krbpn9xjn1qymukyx8cc5l799ty1v3h/commons-io-2.4.jar
7f169c41d000-7f169c434000 r--s 00154000 08:03 2537749                    /home/harshitha/.gradle/caches/jars-2/sfeivjswzitn6n0fnjx3ueszz8gv8o1/antlr4-4.5.3.jar
7f169c434000-7f169c436000 r--s 00002000 08:03 2537747                    /home/harshitha/.gradle/caches/jars-2/rh2ip1x2zziz26tr3qzudtz088pqsb2/baseLibrary-2.3.3.jar
7f169c436000-7f169c461000 r--s 001fc000 08:03 2537745                    /home/harshitha/.gradle/caches/jars-2/nxjrjftly2xksl8o0wqgivu5netfu2x/guava-18.0.jar
7f169c461000-7f169c474000 r--s 00241000 08:03 2537743                    /home/harshitha/.gradle/caches/jars-2/9yuekvg4qerfitq3xec0iyckuw3hwaq/ecj-4.6.1.jar
7f169c474000-7f169c47b000 r--s 000d9000 08:03 2537741                    /home/harshitha/.gradle/caches/jars-2/ak89aa8liqmr44u7r08njntn6oehe0z/lint-checks-25.3.3.jar
7f169c47b000-7f169c47d000 r--s 00006000 08:03 2537739                    /home/harshitha/.gradle/caches/jars-2/6phgj9ki3jl3p5epzkqoo8pr6kur40b/asm-tree-5.0.4.jar
7f169c47d000-7f169c4b0000 r--s 00203000 08:03 2396947                    /home/harshitha/.gradle/caches/jars-2/hj0bfvxu9cq7hkwmecvp0kg137or3hh/bcprov-jdk15on-1.48.jar
7f169c4b0000-7f169c4be000 r--s 00081000 08:03 2396945                    /home/harshitha/.gradle/caches/jars-2/4r7xli0tz94y0wfjrdyjxlxar3g1pb9/bcpkix-jdk15on-1.48.jar
7f169c4be000-7f169c4c0000 r--s 00002000 08:03 2396943                    /home/harshitha/.gradle/caches/jars-2/f32bh5uivuf69ecz2j8hl96ksnqdh7v/javawriter-2.5.0.jar
7f169c4c0000-7f169c4c2000 r--s 00004000 08:03 2396941                    /home/harshitha/.gradle/caches/jars-2/j6s1upogkwo00sygdsekzj4fx0i75uy/tracker-25.3.3.jar
7f169c4c2000-7f169c4c3000 r--s 00005000 08:03 2396939                    /home/harshitha/.gradle/caches/jars-2/4svya0t1s9wyo35ycd3atidsaoo6w7e/shared-25.3.3.jar
7f169c4c3000-7f169c4d1000 r--s 00147000 08:03 2396937                    /home/harshitha/.gradle/caches/jars-2/qx6695c5ocd9swxv7wqtxor3plyb4b7/protos-25.3.3.jar
7f169c4d1000-7f169c4d2000 r--s 00001000 08:03 2396935                    /home/harshitha/.gradle/caches/jars-2/bqo69msswbvaagsh45hf1tq02v21sml/jill-api-0.10.0.jar
7f169c4d2000-7f169c4d4000 r--s 00003000 08:03 2396933                    /home/harshitha/.gradle/caches/jars-2/7pldadygbci34ql8thws797g29k1uhh/jack-api-0.13.0.jar
7f169c4d4000-7f169c4da000 r--s 0004a000 08:03 2396931                    /home/harshitha/.gradle/caches/jars-2/euoqfzf5y1sibp9ul8mcz0wovj380eo/ddmlib-25.3.3.jar
7f169c4da000-7f169c4dd000 r--s 00022000 08:03 2396929                    /home/harshitha/.gradle/caches/jars-2/a81bg2yxzmumashablwecaj0ksz6tmj/manifest-merger-25.3.3.jar
7f169c4dd000-7f169c4e0000 r--s 0001c000 08:03 2396927                    /home/harshitha/.gradle/caches/jars-2/l6cnyee1vojrkkbpp6qwgpf30shmrja/common-25.3.3.jar
7f169c4e0000-7f169c4e9000 r--s 00089000 08:03 2396925                    /home/harshitha/.gradle/caches/jars-2/m0t6h8af70sdgxvkj522jy01i14mnb8/sdk-common-25.3.3.jar
7f169c4e9000-7f169c4f3000 r--s 00098000 08:03 2396923                    /home/harshitha/.gradle/caches/jars-2/28c9ykhc782k8jmlrnbnccai34hziki/sdklib-25.3.3.jar
7f169c4f3000-7f169c4f4000 r--s 00002000 08:03 2396921                    /home/harshitha/.gradle/caches/jars-2/4dod7a1p5hoai4v37pxbcg65bbahvg2/builder-test-api-2.3.3.jar
7f169c4f4000-7f169c4f7000 r--s 00006000 08:03 2396919                    /home/harshitha/.gradle/caches/jars-2/omk02asobup8sgd6qxom3ej5bg94z2r/builder-model-2.3.3.jar
7f169c4f7000-7f169c506000 r--s 00130000 08:03 2396917                    /home/harshitha/.gradle/caches/jars-2/cr6zkqpx14lor9zdtmo49qpc7y8r8p4/protobuf-java-3.0.0.jar
7f169c506000-7f169c508000 r--s 0000f000 08:03 2396915                    /home/harshitha/.gradle/caches/jars-2/rvfyugrlu5tbpz51p98og0qsxamjq4k/jopt-simple-4.9.jar
7f169c508000-7f169c50c000 r--s 0001f000 08:03 2396913                    /home/harshitha/.gradle/caches/jars-2/nq3fzqkrrm37ob61z4iu5qdbh368uat/org.jacoco.report-0.7.5.201505241946.jar
7f169c50c000-7f169c70c000 rw-p 00000000 00:00 0 
7f169c70c000-7f169c90c000 rw-p 00000000 00:00 0 
7f169c90c000-7f169c90f000 ---p 00000000 00:00 0 
7f169c90f000-7f169cc0d000 rw-p 00000000 00:00 0                          [stack:5332]
7f169cc0d000-7f169cc11000 r--s 0001d000 08:03 2396911                    /home/harshitha/.gradle/caches/jars-2/3kxkmcckmk40ron92zhbm0qjo9l4bkl/org.jacoco.core-0.7.5.201505241946.jar
7f169cc11000-7f169cc13000 r--s 00002000 08:03 2396909                    /home/harshitha/.gradle/caches/jars-2/m4m0pzb4gmaeh0in5g2xc4bxeuwt828/proguard-gradle-5.3.2.jar
7f169cc13000-7f169cc15000 r--s 00009000 08:03 2396907                    /home/harshitha/.gradle/caches/jars-2/ajvcvdu66lc9e3tvvipxtuq48i9bbkc/asm-commons-5.0.4.jar
7f169cc15000-7f169cc17000 r--s 0000c000 08:03 2396905                    /home/harshitha/.gradle/caches/jars-2/1laz1ygmxoc408r7nwqs1q8uk8r236d/asm-5.0.4.jar
7f169cc17000-7f169cc1c000 r--s 0002c000 08:03 2396903                    /home/harshitha/.gradle/caches/jars-2/3mlasgi8oo9o7oa12526198jui9zmp2/compilerCommon-2.3.3.jar
7f169cc1c000-7f169cc1d000 r--s 00002000 08:03 2396901                    /home/harshitha/.gradle/caches/jars-2/73l309uzm0ila7rdaaxteq0ng4ayf2y/gradle-api-2.3.3.jar
7f169cc1d000-7f169cc1e000 r--s 00000000 08:03 2396899                    /home/harshitha/.gradle/caches/jars-2/tlyajppf8woug00g686fx5mchf8iv3o/transform-api-2.0.0-deprecated-use-gradle-api.jar
7f169cc1e000-7f169cc23000 r--s 0005e000 08:03 2396897                    /home/harshitha/.gradle/caches/jars-2/k2xtosjt0in0zj7mpwvctw6iznt93uh/lint-25.3.3.jar
7f169cc23000-7f169cc39000 r--s 00163000 08:03 2396895                    /home/harshitha/.gradle/caches/jars-2/nyg71b5n2lzymmwh5vbtmvjiby07k4g/builder-2.3.3.jar
7f169cc39000-7f169cc58000 r--s 001ca000 08:03 2396893                    /home/harshitha/.gradle/caches/jars-2/5fwyvjq1ai8mdh1mluqxidj1wo7rls8/gradle-core-2.3.3.jar
7f169cc58000-7f169cc59000 r--s 00006000 08:03 1199371                    /home/harshitha/.gradle/caches/modules-2/files-2.1/com.google.gms/google-services/3.0.0/ee538ce9cf4148485e43017c5542202b8c78ff8e/google-services-3.0.0.jar
7f169cc59000-7f169cc5b000 r--s 0000d000 08:03 2396891                    /home/harshitha/.gradle/caches/jars-2/mel54vauze7hczg2p6nebauqz8s53sj/gradle-2.3.3.jar
7f169cc5b000-7f169ce5b000 rw-p 00000000 00:00 0 
7f169ce5b000-7f169ce5e000 ---p 00000000 00:00 0 
7f169ce5e000-7f169ce94000 rw-p 00000000 00:00 0                          [stack:5331]
7f169ce94000-7f169ce95000 r--p 00000000 00:00 0 
7f169ce95000-7f169d095000 rw-p 00000000 00:00 0 
7f169d095000-7f169d295000 rw-p 00000000 00:00 0 
7f169d295000-7f169d30e000 r--s 010ed000 08:03 2384971                    /home/harshitha/Desktop/android-studio/jre/lib/tools.jar
7f169d30e000-7f169d50e000 rw-p 00000000 00:00 0 
7f169d50e000-7f169d511000 ---p 00000000 00:00 0 
7f169d511000-7f169d60f000 rw-p 00000000 00:00 0                          [stack:5327]
7f169d60f000-7f169d612000 ---p 00000000 00:00 0 
7f169d612000-7f169d710000 rw-p 00000000 00:00 0                          [stack:5326]
7f169d710000-7f169d713000 ---p 00000000 00:00 0 
7f169d713000-7f169d811000 rw-p 00000000 00:00 0                          [stack:5325]
7f169d811000-7f169d814000 ---p 00000000 00:00 0 
7f169d814000-7f169d912000 rw-p 00000000 00:00 0                          [stack:5324]
7f169d912000-7f169d915000 ---p 00000000 00:00 0 
7f169d915000-7f169dc13000 rw-p 00000000 00:00 0                          [stack:5323]
7f169dc13000-7f169dc16000 ---p 00000000 00:00 0 
7f169dc16000-7f169dd14000 rw-p 00000000 00:00 0                          [stack:5322]
7f169dd14000-7f169dd17000 ---p 00000000 00:00 0 
7f169dd17000-7f169de15000 rw-p 00000000 00:00 0                          [stack:5321]
7f169de15000-7f169de1c000 r--s 00000000 08:03 1999638                    /usr/lib/x86_64-linux-gnu/gconv/gconv-modules.cache
7f169de1c000-7f169e01c000 rw-p 00000000 00:00 0 
7f169e01c000-7f169e01f000 ---p 00000000 00:00 0 
7f169e01f000-7f169e11d000 rw-p 00000000 00:00 0                          [stack:5316]
7f169e11d000-7f169e126000 r-xp 00000000 08:03 2385107                    /home/harshitha/Desktop/android-studio/jre/jre/lib/amd64/libmanagement.so
7f169e126000-7f169e325000 ---p 00009000 08:03 2385107                    /home/harshitha/Desktop/android-studio/jre/jre/lib/amd64/libmanagement.so
7f169e325000-7f169e326000 r--p 00008000 08:03 2385107                    /home/harshitha/Desktop/android-studio/jre/jre/lib/amd64/libmanagement.so
7f169e326000-7f169e327000 rw-p 00009000 08:03 2385107                    /home/harshitha/Desktop/android-studio/jre/jre/lib/amd64/libmanagement.so
7f169e327000-7f169e32c000 r--s 00098000 08:03 2385081                    /home/harshitha/Desktop/android-studio/jre/jre/lib/jsse.jar
7f169e32c000-7f169e32e000 r--s 00007000 08:03 22027                      /home/harshitha/.gradle/wrapper/dists/gradle-3.3-all/55gk2rcmfc6p2dg9u9ohc3hw9/gradle-3.3/lib/plugins/gradle-tooling-api-builders-3.3.jar
7f169e32e000-7f169e331000 r--s 00009000 08:03 22020                      /home/harshitha/.gradle/wrapper/dists/gradle-3.3-all/55gk2rcmfc6p2dg9u9ohc3hw9/gradle-3.3/lib/plugins/gradle-testing-native-3.3.jar
7f169e331000-7f169e337000 r--s 00033000 08:03 22095                      /home/harshitha/.gradle/wrapper/dists/gradle-3.3-all/55gk2rcmfc6p2dg9u9ohc3hw9/gradle-3.3/lib/plugins/snakeyaml-1.6.jar
7f169e337000-7f169e339000 r--s 00006000 08:03 22094                      /home/harshitha/.gradle/wrapper/dists/gradle-3.3-all/55gk2rcmfc6p2dg9u9ohc3hw9/gradle-3.3/lib/plugins/jcommander-1.12.jar
7f169e339000-7f169e33e000 r--s 00040000 08:03 22093                      /home/harshitha/.gradle/wrapper/dists/gradle-3.3-all/55gk2rcmfc6p2dg9u9ohc3hw9/gradle-3.3/lib/plugins/bsh-2.0b4.jar
7f169e33e000-7f169e340000 r--s 00009000 08:03 22101                      /home/harshitha/.gradle/wrapper/dists/gradle-3.3-all/55gk2rcmfc6p2dg9u9ohc3hw9/gradle-3.3/lib/plugins/hamcrest-core-1.3.jar
7f169e340000-7f169e349000 r--s 00089000 08:03 22052                      /home/harshitha/.gradle/wrapper/dists/gradle-3.3-all/55gk2rcmfc6p2dg9u9ohc3hw9/gradle-3.3/lib/plugins/testng-6.3.1.jar
7f169e349000-7f169e351000 r--s 00045000 08:03 22051                      /home/harshitha/.gradle/wrapper/dists/gradle-3.3-all/55gk2rcmfc6p2dg9u9ohc3hw9/gradle-3.3/lib/plugins/junit-4.12.jar
7f169e351000-7f169e357000 r--s 0002e000 08:03 22021                      /home/harshitha/.gradle/wrapper/dists/gradle-3.3-all/55gk2rcmfc6p2dg9u9ohc3hw9/gradle-3.3/lib/plugins/gradle-testing-jvm-3.3.jar
7f169e357000-7f169e35b000 r--s 00016000 08:03 22019                      /home/harshitha/.gradle/wrapper/dists/gradle-3.3-all/55gk2rcmfc6p2dg9u9ohc3hw9/gradle-3.3/lib/plugins/gradle-testing-base-3.3.jar
7f169e35b000-7f169e362000 r--s 00038000 08:03 22046                      /home/harshitha/.gradle/wrapper/dists/gradle-3.3-all/55gk2rcmfc6p2dg9u9ohc3hw9/gradle-3.3/lib/plugins/bcpg-jdk15on-1.51.jar
7f169e362000-7f169e364000 r--s 0000c000 08:03 21998                      /home/harshitha/.gradle/wrapper/dists/gradle-3.3-all/55gk2rcmfc6p2dg9u9ohc3hw9/gradle-3.3/lib/plugins/gradle-signing-3.3.jar
7f169e364000-7f169e366000 r--s 00007000 08:03 21997                      /home/harshitha/.gradle/wrapper/dists/gradle-3.3-all/55gk2rcmfc6p2dg9u9ohc3hw9/gradle-3.3/lib/plugins/gradle-scala-3.3.jar
7f169e366000-7f169e367000 r--s 00004000 08:03 22025                      /home/harshitha/.gradle/wrapper/dists/gradle-3.3-all/55gk2rcmfc6p2dg9u9ohc3hw9/gradle-3.3/lib/plugins/gradle-resources-sftp-3.3.jar
7f169e367000-7f169e377000 r--s 00088000 08:03 22062                      /home/harshitha/.gradle/wrapper/dists/gradle-3.3-all/55gk2rcmfc6p2dg9u9ohc3hw9/gradle-3.3/lib/plugins/joda-time-2.8.2.jar
7f169e377000-7f169e388000 r--s 0010d000 08:03 22061                      /home/harshitha/.gradle/wrapper/dists/gradle-3.3-all/55gk2rcmfc6p2dg9u9ohc3hw9/gradle-3.3/lib/plugins/jackson-databind-2.6.6.jar
7f169e388000-7f169e38b000 r--s 00009000 08:03 22060                      /home/harshitha/.gradle/wrapper/dists/gradle-3.3-all/55gk2rcmfc6p2dg9u9ohc3hw9/gradle-3.3/lib/plugins/jackson-annotations-2.6.6.jar
7f169e38b000-7f169e38f000 r--s 0003c000 08:03 22059                      /home/harshitha/.gradle/wrapper/dists/gradle-3.3-all/55gk2rcmfc6p2dg9u9ohc3hw9/gradle-3.3/lib/plugins/jackson-core-2.6.6.jar
7f169e38f000-7f169e39d000 r--s 00087000 08:03 22058                      /home/harshitha/.gradle/wrapper/dists/gradle-3.3-all/55gk2rcmfc6p2dg9u9ohc3hw9/gradle-3.3/lib/plugins/aws-java-sdk-core-1.11.6.jar
7f169e39d000-7f169e3a4000 r--s 00057000 08:03 22057                      /home/harshitha/.gradle/wrapper/dists/gradle-3.3-all/55gk2rcmfc6p2dg9u9ohc3hw9/gradle-3.3/lib/plugins/aws-java-sdk-kms-1.11.6.jar
7f169e3a4000-7f169e3b1000 r--s 0008e000 08:03 22056                      /home/harshitha/.gradle/wrapper/dists/gradle-3.3-all/55gk2rcmfc6p2dg9u9ohc3hw9/gradle-3.3/lib/plugins/aws-java-sdk-s3-1.11.6.jar
7f169e3b1000-7f169e3b3000 r--s 00004000 08:03 22026                      /home/harshitha/.gradle/wrapper/dists/gradle-3.3-all/55gk2rcmfc6p2dg9u9ohc3hw9/gradle-3.3/lib/plugins/gradle-resources-s3-3.3.jar
7f169e3b3000-7f169e3b5000 r--s 00005000 08:03 22050                      /home/harshitha/.gradle/wrapper/dists/gradle-3.3-all/55gk2rcmfc6p2dg9u9ohc3hw9/gradle-3.3/lib/plugins/jatl-0.2.2.jar
7f169e3b5000-7f169e3b7000 r--s 0000f000 08:03 22003                      /home/harshitha/.gradle/wrapper/dists/gradle-3.3-all/55gk2rcmfc6p2dg9u9ohc3hw9/gradle-3.3/lib/plugins/gradle-reporting-3.3.jar
7f169e3b7000-7f169e3b9000 r--s 00002000 08:03 22004                      /home/harshitha/.gradle/wrapper/dists/gradle-3.3-all/55gk2rcmfc6p2dg9u9ohc3hw9/gradle-3.3/lib/plugins/gradle-publish-3.3.jar
7f169e3b9000-7f169e3bb000 r--s 00009000 08:03 22033                      /home/harshitha/.gradle/wrapper/dists/gradle-3.3-all/55gk2rcmfc6p2dg9u9ohc3hw9/gradle-3.3/lib/plugins/commons-cli-1.2.jar
7f169e3bb000-7f169e3c1000 r--s 00031000 08:03 21989                      /home/harshitha/.gradle/wrapper/dists/gradle-3.3-all/55gk2rcmfc6p2dg9u9ohc3hw9/gradle-3.3/lib/plugins/gradle-plugins-3.3.jar
7f169e3c1000-7f169e3c3000 r--s 00009000 08:03 22022                      /home/harshitha/.gradle/wrapper/dists/gradle-3.3-all/55gk2rcmfc6p2dg9u9ohc3hw9/gradle-3.3/lib/plugins/gradle-plugin-development-3.3.jar
7f169e3c3000-7f169e3c9000 r--s 0002b000 08:03 22015                      /home/harshitha/.gradle/wrapper/dists/gradle-3.3-all/55gk2rcmfc6p2dg9u9ohc3hw9/gradle-3.3/lib/plugins/gradle-platform-play-3.3.jar
7f169e3c9000-7f169e3d7000 r--s 00055000 08:03 22014                      /home/harshitha/.gradle/wrapper/dists/gradle-3.3-all/55gk2rcmfc6p2dg9u9ohc3hw9/gradle-3.3/lib/plugins/gradle-platform-native-3.3.jar
7f169e3d7000-7f169e3dc000 r--s 0001f000 08:03 22009                      /home/harshitha/.gradle/wrapper/dists/gradle-3.3-all/55gk2rcmfc6p2dg9u9ohc3hw9/gradle-3.3/lib/plugins/gradle-platform-jvm-3.3.jar
7f169e3dc000-7f169e3e4000 r--s 00027000 08:03 22008                      /home/harshitha/.gradle/wrapper/dists/gradle-3.3-all/55gk2rcmfc6p2dg9u9ohc3hw9/gradle-3.3/lib/plugins/gradle-platform-base-3.3.jar
7f169e3e4000-7f169e40c000 r--s 0021c000 08:03 22041                      /home/harshitha/.gradle/wrapper/dists/gradle-3.3-all/55gk2rcmfc6p2dg9u9ohc3hw9/gradle-3.3/lib/plugins/biz.aQute.bndlib-3.2.0.jar
7f169e40c000-7f169e40e000 r--s 00003000 08:03 21993                      /home/harshitha/.gradle/wrapper/dists/gradle-3.3-all/55gk2rcmfc6p2dg9u9ohc3hw9/gradle-3.3/lib/plugins/gradle-osgi-3.3.jar
7f169e40e000-7f169e411000 r--s 0000c000 08:03 22044                      /home/harshitha/.gradle/wrapper/dists/gradle-3.3-all/55gk2rcmfc6p2dg9u9ohc3hw9/gradle-3.3/lib/plugins/pmaven-groovy-0.8-20100325.jar
7f169e411000-7f169e412000 r--s 00004000 08:03 22043                      /home/harshitha/.gradle/wrapper/dists/gradle-3.3-all/55gk2rcmfc6p2dg9u9ohc3hw9/gradle-3.3/lib/plugins/pmaven-common-0.8-20100325.jar
7f169e412000-7f169e418000 r--s 00023000 08:03 21994                      /home/harshitha/.gradle/wrapper/dists/gradle-3.3-all/55gk2rcmfc6p2dg9u9ohc3hw9/gradle-3.3/lib/plugins/gradle-maven-3.3.jar
7f169e418000-7f169e41b000 r--s 0000b000 08:03 22013                      /home/harshitha/.gradle/wrapper/dists/gradle-3.3-all/55gk2rcmfc6p2dg9u9ohc3hw9/gradle-3.3/lib/plugins/gradle-language-scala-3.3.jar
7f169e41b000-7f169e421000 r--s 0001a000 08:03 22017                      /home/harshitha/.gradle/wrapper/dists/gradle-3.3-all/55gk2rcmfc6p2dg9u9ohc3hw9/gradle-3.3/lib/plugins/gradle-language-native-3.3.jar
7f169e421000-7f169e424000 r--s 00005000 08:03 22010                      /home/harshitha/.gradle/wrapper/dists/gradle-3.3-all/55gk2rcmfc6p2dg9u9ohc3hw9/gradle-3.3/lib/plugins/gradle-language-jvm-3.3.jar
7f169e424000-7f169e42a000 r--s 00027000 08:03 22011                      /home/harshitha/.gradle/wrapper/dists/gradle-3.3-all/55gk2rcmfc6p2dg9u9ohc3hw9/gradle-3.3/lib/plugins/gradle-language-java-3.3.jar
7f169e42a000-7f169e42c000 r--s 0000a000 08:03 22012                      /home/harshitha/.gradle/wrapper/dists/gradle-3.3-all/55gk2rcmfc6p2dg9u9ohc3hw9/gradle-3.3/lib/plugins/gradle-language-groovy-3.3.jar
7f169e42c000-7f169e42f000 r--s 0001e000 08:03 22068                      /home/harshitha/.gradle/wrapper/dists/gradle-3.3-all/55gk2rcmfc6p2dg9u9ohc3hw9/gradle-3.3/lib/plugins/jsp-api-2.1-6.1.14.jar
7f169e42f000-7f169e452000 r--s 00344000 08:03 22067                      /home/harshitha/.gradle/wrapper/dists/gradle-3.3-all/55gk2rcmfc6p2dg9u9ohc3hw9/gradle-3.3/lib/plugins/core-3.1.1.jar
7f169e452000-7f169e453000 r--s 00006000 08:03 22066                      /home/harshitha/.gradle/wrapper/dists/gradle-3.3-all/55gk2rcmfc6p2dg9u9ohc3hw9/gradle-3.3/lib/plugins/jetty-naming-6.1.26.jar
7f169e453000-7f169e454000 r--s 00002000 08:03 22040                      /home/harshitha/.gradle/wrapper/dists/gradle-3.3-all/55gk2rcmfc6p2dg9u9ohc3hw9/gradle-3.3/lib/plugins/geronimo-annotation_1.0_spec-1.0.jar
7f169e454000-7f169e456000 r--s 00002000 08:03 22039                      /home/harshitha/.gradle/wrapper/dists/gradle-3.3-all/55gk2rcmfc6p2dg9u9ohc3hw9/gradle-3.3/lib/plugins/jetty-annotations-6.1.26.jar
7f169e456000-7f169e467000 r--s 000ea000 08:03 22038                      /home/harshitha/.gradle/wrapper/dists/gradle-3.3-all/55gk2rcmfc6p2dg9u9ohc3hw9/gradle-3.3/lib/plugins/jsp-2.1-6.1.14.jar
7f169e467000-7f169e469000 r--s 0000d000 08:03 22037                      /home/harshitha/.gradle/wrapper/dists/gradle-3.3-all/55gk2rcmfc6p2dg9u9ohc3hw9/gradle-3.3/lib/plugins/jetty-plus-6.1.26.jar
7f169e469000-7f169e46b000 r--s 0001f000 08:03 22036                      /home/harshitha/.gradle/wrapper/dists/gradle-3.3-all/55gk2rcmfc6p2dg9u9ohc3hw9/gradle-3.3/lib/plugins/servlet-api-2.5-20081211.jar
7f169e46b000-7f169e46f000 r--s 00028000 08:03 22035                      /home/harshitha/.gradle/wrapper/dists/gradle-3.3-all/55gk2rcmfc6p2dg9u9ohc3hw9/gradle-3.3/lib/plugins/jetty-util-6.1.26.jar
7f169e46f000-7f169e476000 r--s 0007d000 08:03 22034                      /home/harshitha/.gradle/wrapper/dists/gradle-3.3-all/55gk2rcmfc6p2dg9u9ohc3hw9/gradle-3.3/lib/plugins/jetty-6.1.26.jar
7f169e476000-7f169e478000 r--s 0000a000 08:03 21991                      /home/harshitha/.gradle/wrapper/dists/gradle-3.3-all/55gk2rcmfc6p2dg9u9ohc3hw9/gradle-3.3/lib/plugins/gradle-jetty-3.3.jar
7f169e478000-7f169e47f000 r--s 00035000 08:03 22049                      /home/harshitha/.gradle/wrapper/dists/gradle-3.3-all/55gk2rcmfc6p2dg9u9ohc3hw9/gradle-3.3/lib/plugins/simple-4.1.21.jar
7f169e47f000-7f169e48b000 r--s 00100000 08:03 22047                      /home/harshitha/.gradle/wrapper/dists/gradle-3.3-all/55gk2rcmfc6p2dg9u9ohc3hw9/gradle-3.3/lib/plugins/rhino-1.7R3.jar
7f169e48b000-7f169e48f000 r--s 00012000 08:03 22000                      /home/harshitha/.gradle/wrapper/dists/gradle-3.3-all/55gk2rcmfc6p2dg9u9ohc3hw9/gradle-3.3/lib/plugins/gradle-javascript-3.3.jar
7f169e48f000-7f169e491000 r--s 0000d000 08:03 22006                      /home/harshitha/.gradle/wrapper/dists/gradle-3.3-all/55gk2rcmfc6p2dg9u9ohc3hw9/gradle-3.3/lib/plugins/gradle-jacoco-3.3.jar
7f169e491000-7f169e494000 r--s 0000e000 08:03 22005                      /home/harshitha/.gradle/wrapper/dists/gradle-3.3-all/55gk2rcmfc6p2dg9u9ohc3hw9/gradle-3.3/lib/plugins/gradle-ivy-3.3.jar
7f169e494000-7f169e495000 r--s 00002000 08:03 22016                      /home/harshitha/.gradle/wrapper/dists/gradle-3.3-all/55gk2rcmfc6p2dg9u9ohc3hw9/gradle-3.3/lib/plugins/gradle-ide-play-3.3.jar
7f169e495000-7f169e498000 r--s 00013000 08:03 22018                      /home/harshitha/.gradle/wrapper/dists/gradle-3.3-all/55gk2rcmfc6p2dg9u9ohc3hw9/gradle-3.3/lib/plugins/gradle-ide-native-3.3.jar
7f169e498000-7f169e4a1000 r--s 00055000 08:03 21995                      /home/harshitha/.gradle/wrapper/dists/gradle-3.3-all/55gk2rcmfc6p2dg9u9ohc3hw9/gradle-3.3/lib/plugins/gradle-ide-3.3.jar
7f169e4a1000-7f169e4a3000 r--s 00007000 08:03 21999                      /home/harshitha/.gradle/wrapper/dists/gradle-3.3-all/55gk2rcmfc6p2dg9u9ohc3hw9/gradle-3.3/lib/plugins/gradle-ear-3.3.jar
7f169e4a3000-7f169e4a9000 r--s 00039000 08:03 22002                      /home/harshitha/.gradle/wrapper/dists/gradle-3.3-all/55gk2rcmfc6p2dg9u9ohc3hw9/gradle-3.3/lib/plugins/gradle-diagnostics-3.3.jar
7f169e4a9000-7f169e4aa000 r--s 00009000 08:03 22028                      /home/harshitha/.gradle/wrapper/dists/gradle-3.3-all/55gk2rcmfc6p2dg9u9ohc3hw9/gradle-3.3/lib/plugins/gradle-composite-builds-3.3.jar
7f169e4aa000-7f169e4ae000 r--s 00023000 08:03 21990                      /home/harshitha/.gradle/wrapper/dists/gradle-3.3-all/55gk2rcmfc6p2dg9u9ohc3hw9/gradle-3.3/lib/plugins/gradle-code-quality-3.3.jar
7f169e4ae000-7f169e4b2000 r--s 00022000 08:03 22007                      /home/harshitha/.gradle/wrapper/dists/gradle-3.3-all/55gk2rcmfc6p2dg9u9ohc3hw9/gradle-3.3/lib/plugins/gradle-build-init-3.3.jar
7f169e4b2000-7f169e4b8000 r--s 0008e000 08:03 22001                      /home/harshitha/.gradle/wrapper/dists/gradle-3.3-all/55gk2rcmfc6p2dg9u9ohc3hw9/gradle-3.3/lib/plugins/gradle-build-comparison-3.3.jar
7f169e4b8000-7f169e4b9000 r--s 00001000 08:03 22029                      /home/harshitha/.gradle/wrapper/dists/gradle-3.3-all/55gk2rcmfc6p2dg9u9ohc3hw9/gradle-3.3/lib/plugins/gradle-build-cache-http-3.3.jar
7f169e4b9000-7f169e4bb000 r--s 00008000 08:03 21992                      /home/harshitha/.gradle/wrapper/dists/gradle-3.3-all/55gk2rcmfc6p2dg9u9ohc3hw9/gradle-3.3/lib/plugins/gradle-antlr-3.3.jar
7f169e4bb000-7f169e4bd000 r--s 00004000 08:03 21996                      /home/harshitha/.gradle/wrapper/dists/gradle-3.3-all/55gk2rcmfc6p2dg9u9ohc3hw9/gradle-3.3/lib/plugins/gradle-announce-3.3.jar
7f169e4bd000-7f169e4d5000 r--s 00115000 08:03 22098                      /home/harshitha/.gradle/wrapper/dists/gradle-3.3-all/55gk2rcmfc6p2dg9u9ohc3hw9/gradle-3.3/lib/plugins/xercesImpl-2.9.1.jar
7f169e4d5000-7f169e4dd000 r--s 00028000 08:03 22099                      /home/harshitha/.gradle/wrapper/dists/gradle-3.3-all/55gk2rcmfc6p2dg9u9ohc3hw9/gradle-3.3/lib/plugins/xml-apis-1.3.04.jar
7f169e4dd000-7f169e4e3000 r--s 0005b000 08:03 22097                      /home/harshitha/.gradle/wrapper/dists/gradle-3.3-all/55gk2rcmfc6p2dg9u9ohc3hw9/gradle-3.3/lib/plugins/jcifs-1.3.17.jar
7f169e4e3000-7f169e4e9000 r--s 00033000 08:03 22045                      /home/harshitha/.gradle/wrapper/dists/gradle-3.3-all/55gk2rcmfc6p2dg9u9ohc3hw9/gradle-3.3/lib/plugins/commons-codec-1.6.jar
7f169e4e9000-7f169e4f0000 r--s 00049000 08:03 22096                      /home/harshitha/.gradle/wrapper/dists/gradle-3.3-all/55gk2rcmfc6p2dg9u9ohc3hw9/gradle-3.3/lib/plugins/httpcore-4.4.4.jar
7f169e4f0000-7f169e4f3000 r--s 0001c000 08:03 22054                      /home/harshitha/.gradle/wrapper/dists/gradle-3.3-all/55gk2rcmfc6p2dg9u9ohc3hw9/gradle-3.3/lib/plugins/nekohtml-1.9.14.jar
7f169e4f3000-7f169e500000 r--s 000a4000 08:03 22053                      /home/harshitha/.gradle/wrapper/dists/gradle-3.3-all/55gk2rcmfc6p2dg9u9ohc3hw9/gradle-3.3/lib/plugins/httpclient-4.4.1.jar
7f169e500000-7f169e503000 r--s 0000a000 08:03 22024                      /home/harshitha/.gradle/wrapper/dists/gradle-3.3-all/55gk2rcmfc6p2dg9u9ohc3hw9/gradle-3.3/lib/plugins/gradle-resources-http-3.3.jar
7f169e503000-7f169e507000 r--s 00015000 08:03 22023                      /home/harshitha/.gradle/wrapper/dists/gradle-3.3-all/55gk2rcmfc6p2dg9u9ohc3hw9/gradle-3.3/lib/plugins/gradle-plugin-use-3.3.jar
7f169e507000-7f169e508000 r--s 00000000 08:03 21935                      /home/harshitha/.gradle/wrapper/dists/gradle-3.3-all/55gk2rcmfc6p2dg9u9ohc3hw9/gradle-3.3/lib/gradle-installation-beacon-3.3.jar
7f169e508000-7f169e50a000 r--s 00006000 08:03 22092                      /home/harshitha/.gradle/wrapper/dists/gradle-3.3-all/55gk2rcmfc6p2dg9u9ohc3hw9/gradle-3.3/lib/plugins/aether-connector-wagon-1.13.1.jar
7f169e50a000-7f169e50e000 r--s 0001c000 08:03 22091                      /home/harshitha/.gradle/wrapper/dists/gradle-3.3-all/55gk2rcmfc6p2dg9u9ohc3hw9/gradle-3.3/lib/plugins/aether-util-1.13.1.jar
7f169e50e000-7f169e50f000 r--s 00003000 08:03 22090                      /home/harshitha/.gradle/wrapper/dists/gradle-3.3-all/55gk2rcmfc6p2dg9u9ohc3hw9/gradle-3.3/lib/plugins/aether-spi-1.13.1.jar
7f169e50f000-7f169e512000 r--s 0001d000 08:03 22089                      /home/harshitha/.gradle/wrapper/dists/gradle-3.3-all/55gk2rcmfc6p2dg9u9ohc3hw9/gradle-3.3/lib/plugins/aether-impl-1.13.1.jar
7f169e512000-7f169e515000 r--s 00013000 08:03 22088                      /home/harshitha/.gradle/wrapper/dists/gradle-3.3-all/55gk2rcmfc6p2dg9u9ohc3hw9/gradle-3.3/lib/plugins/aether-api-1.13.1.jar
7f169e515000-7f169e516000 r--s 00007000 08:03 22087                      /home/harshitha/.gradle/wrapper/dists/gradle-3.3-all/55gk2rcmfc6p2dg9u9ohc3hw9/gradle-3.3/lib/plugins/wagon-http-shared4-2.4.jar
7f169e516000-7f169e518000 r--s 0000b000 08:03 22086                      /home/harshitha/.gradle/wrapper/dists/gradle-3.3-all/55gk2rcmfc6p2dg9u9ohc3hw9/gradle-3.3/lib/plugins/wagon-provider-api-2.4.jar
7f169e518000-7f169e519000 r--s 00002000 08:03 22085                      /home/harshitha/.gradle/wrapper/dists/gradle-3.3-all/55gk2rcmfc6p2dg9u9ohc3hw9/gradle-3.3/lib/plugins/wagon-http-2.4.jar
7f169e519000-7f169e51a000 r--s 00002000 08:03 22084                      /home/harshitha/.gradle/wrapper/dists/gradle-3.3-all/55gk2rcmfc6p2dg9u9ohc3hw9/gradle-3.3/lib/plugins/wagon-file-2.4.jar
7f169e51a000-7f169e51c000 r--s 0000c000 08:03 22083                      /home/harshitha/.gradle/wrapper/dists/gradle-3.3-all/55gk2rcmfc6p2dg9u9ohc3hw9/gradle-3.3/lib/plugins/maven-aether-provider-3.0.4.jar
7f169e51c000-7f169e51e000 r--s 0000b000 08:03 22082                      /home/harshitha/.gradle/wrapper/dists/gradle-3.3-all/55gk2rcmfc6p2dg9u9ohc3hw9/gradle-3.3/lib/plugins/maven-plugin-api-3.0.4.jar
7f169e51e000-7f169e520000 r--s 00006000 08:03 22081                      /home/harshitha/.gradle/wrapper/dists/gradle-3.3-all/55gk2rcmfc6p2dg9u9ohc3hw9/gradle-3.3/lib/plugins/maven-repository-metadata-3.0.4.jar
7f169e520000-7f169e522000 r--s 0000b000 08:03 22080                      /home/harshitha/.gradle/wrapper/dists/gradle-3.3-all/55gk2rcmfc6p2dg9u9ohc3hw9/gradle-3.3/lib/plugins/maven-artifact-3.0.4.jar
7f169e522000-7f169e524000 r--s 00026000 08:03 22079                      /home/harshitha/.gradle/wrapper/dists/gradle-3.3-all/55gk2rcmfc6p2dg9u9ohc3hw9/gradle-3.3/lib/plugins/maven-model-3.0.4.jar
7f169e524000-7f169e528000 r--s 00021000 08:03 22078                      /home/harshitha/.gradle/wrapper/dists/gradle-3.3-all/55gk2rcmfc6p2dg9u9ohc3hw9/gradle-3.3/lib/plugins/maven-model-builder-3.0.4.jar
7f169e528000-7f169e52e000 r--s 0003f000 08:03 22077                      /home/harshitha/.gradle/wrapper/dists/gradle-3.3-all/55gk2rcmfc6p2dg9u9ohc3hw9/gradle-3.3/lib/plugins/maven-compat-3.0.4.jar
7f169e52e000-7f169e52f000 r--s 00006000 08:03 22076                      /home/harshitha/.gradle/wrapper/dists/gradle-3.3-all/55gk2rcmfc6p2dg9u9ohc3hw9/gradle-3.3/lib/plugins/plexus-sec-dispatcher-1.3.jar
7f169e52f000-7f169e531000 r--s 00002000 08:03 22075                      /home/harshitha/.gradle/wrapper/dists/gradle-3.3-all/55gk2rcmfc6p2dg9u9ohc3hw9/gradle-3.3/lib/plugins/plexus-cipher-1.7.jar
7f169e531000-7f169e533000 r--s 0000a000 08:03 22074                      /home/harshitha/.gradle/wrapper/dists/gradle-3.3-all/55gk2rcmfc6p2dg9u9ohc3hw9/gradle-3.3/lib/plugins/plexus-classworlds-2.4.jar
7f169e533000-7f169e53a000 r--s 0002e000 08:03 22073                      /home/harshitha/.gradle/wrapper/dists/gradle-3.3-all/55gk2rcmfc6p2dg9u9ohc3hw9/gradle-3.3/lib/plugins/plexus-container-default-1.5.5.jar
7f169e53a000-7f169e53c000 r--s 00000000 08:03 22100                      /home/harshitha/.gradle/wrapper/dists/gradle-3.3-all/55gk2rcmfc6p2dg9u9ohc3hw9/gradle-3.3/lib/plugins/plexus-component-annotations-1.5.5.jar
7f169e53c000-7f169e53e000 r--s 0000d000 08:03 22072                      /home/harshitha/.gradle/wrapper/dists/gradle-3.3-all/55gk2rcmfc6p2dg9u9ohc3hw9/gradle-3.3/lib/plugins/plexus-interpolation-1.14.jar
7f169e53e000-7f169e542000 r--s 00033000 08:03 22071                      /home/harshitha/.gradle/wrapper/dists/gradle-3.3-all/55gk2rcmfc6p2dg9u9ohc3hw9/gradle-3.3/lib/plugins/plexus-utils-2.0.6.jar
7f169e542000-7f169e545000 r--s 00008000 08:03 22070                      /home/harshitha/.gradle/wrapper/dists/gradle-3.3-all/55gk2rcmfc6p2dg9u9ohc3hw9/gradle-3.3/lib/plugins/maven-settings-builder-3.0.4.jar
7f169e545000-7f169e54a000 r--s 00040000 08:03 22055                      /home/harshitha/.gradle/wrapper/dists/gradle-3.3-all/55gk2rcmfc6p2dg9u9ohc3hw9/gradle-3.3/lib/plugins/jsch-0.1.53.jar
7f169e54a000-7f169e58a000 r--s 00277000 08:03 22065                      /home/harshitha/.gradle/wrapper/dists/gradle-3.3-all/55gk2rcmfc6p2dg9u9ohc3hw9/gradle-3.3/lib/plugins/bcprov-jdk15on-1.51.jar
7f169e58a000-7f169e58e000 r--s 0001d000 08:03 22064                      /home/harshitha/.gradle/wrapper/dists/gradle-3.3-all/55gk2rcmfc6p2dg9u9ohc3hw9/gradle-3.3/lib/plugins/xbean-reflect-3.4.jar
7f169e58e000-7f169e59a000 r--s 0007d000 08:03 22042                      /home/harshitha/.gradle/wrapper/dists/gradle-3.3-all/55gk2rcmfc6p2dg9u9ohc3hw9/gradle-3.3/lib/plugins/maven-core-3.0.4.jar
7f169e59a000-7f169e59f000 r--s 00034000 08:03 22048                      /home/harshitha/.gradle/wrapper/dists/gradle-3.3-all/55gk2rcmfc6p2dg9u9ohc3hw9/gradle-3.3/lib/plugins/gson-2.7.jar
7f169e59f000-7f169e5ae000 r--s 000d9000 08:03 22063                      /home/harshitha/.gradle/wrapper/dists/gradle-3.3-all/55gk2rcmfc6p2dg9u9ohc3hw9/gradle-3.3/lib/plugins/ivy-2.2.0.jar
7f169e5ae000-7f169e5c4000 r-xp 00000000 08:03 659433                     /lib/x86_64-linux-gnu/libgcc_s.so.1
7f169e5c4000-7f169e7c3000 ---p 00016000 08:03 659433                     /lib/x86_64-linux-gnu/libgcc_s.so.1
7f169e7c3000-7f169e7c4000 rw-p 00015000 08:03 659433                     /lib/x86_64-linux-gnu/libgcc_s.so.1
7f169e7c4000-7f169e8aa000 r-xp 00000000 08:03 1706207                    /usr/lib/x86_64-linux-gnu/libstdc++.so.6.0.19
7f169e8aa000-7f169eaa9000 ---p 000e6000 08:03 1706207                    /usr/lib/x86_64-linux-gnu/libstdc++.so.6.0.19
7f169eaa9000-7f169eab1000 r--p 000e5000 08:03 1706207                    /usr/lib/x86_64-linux-gnu/libstdc++.so.6.0.19
7f169eab1000-7f169eab3000 rw-p 000ed000 08:03 1706207                    /usr/lib/x86_64-linux-gnu/libstdc++.so.6.0.19
7f169eab3000-7f169eac8000 rw-p 00000000 00:00 0 
7f169eac8000-7f169eaca000 r--s 0000a000 08:03 22069                      /home/harshitha/.gradle/wrapper/dists/gradle-3.3-all/55gk2rcmfc6p2dg9u9ohc3hw9/gradle-3.3/lib/plugins/maven-settings-3.0.4.jar
7f169eaca000-7f169eae9000 r--s 000f6000 08:03 22031                      /home/harshitha/.gradle/wrapper/dists/gradle-3.3-all/55gk2rcmfc6p2dg9u9ohc3hw9/gradle-3.3/lib/plugins/gradle-dependency-management-3.3.jar
7f169eae9000-7f169eaeb000 r--s 00005000 08:03 22030                      /home/harshitha/.gradle/wrapper/dists/gradle-3.3-all/55gk2rcmfc6p2dg9u9ohc3hw9/gradle-3.3/lib/plugins/gradle-workers-3.3.jar
7f169eaeb000-7f169eaf0000 r-xp 00000000 08:03 2396711                    /home/harshitha/.gradle/native/23/linux-amd64/libnative-platform.so
7f169eaf0000-7f169ecef000 ---p 00005000 08:03 2396711                    /home/harshitha/.gradle/native/23/linux-amd64/libnative-platform.so
7f169ecef000-7f169ecf0000 rw-p 00004000 08:03 2396711                    /home/harshitha/.gradle/native/23/linux-amd64/libnative-platform.so
7f169ecf0000-7f169ed01000 r-xp 00000000 08:03 2385095                    /home/harshitha/Desktop/android-studio/jre/jre/lib/amd64/libnio.so
7f169ed01000-7f169ef00000 ---p 00011000 08:03 2385095                    /home/harshitha/Desktop/android-studio/jre/jre/lib/amd64/libnio.so
7f169ef00000-7f169ef01000 r--p 00010000 08:03 2385095                    /home/harshitha/Desktop/android-studio/jre/jre/lib/amd64/libnio.so
7f169ef01000-7f169ef02000 rw-p 00011000 08:03 2385095                    /home/harshitha/Desktop/android-studio/jre/jre/lib/amd64/libnio.so
7f169ef02000-7f169ef19000 r-xp 00000000 08:03 2385093                    /home/harshitha/Desktop/android-studio/jre/jre/lib/amd64/libnet.so
7f169ef19000-7f169f118000 ---p 00017000 08:03 2385093                    /home/harshitha/Desktop/android-studio/jre/jre/lib/amd64/libnet.so
7f169f118000-7f169f119000 r--p 00016000 08:03 2385093                    /home/harshitha/Desktop/android-studio/jre/jre/lib/amd64/libnet.so
7f169f119000-7f169f11a000 rw-p 00017000 08:03 2385093                    /home/harshitha/Desktop/android-studio/jre/jre/lib/amd64/libnet.so
7f169f11a000-7f169f127000 r--s 00041000 08:03 21941                      /home/harshitha/.gradle/wrapper/dists/gradle-3.3-all/55gk2rcmfc6p2dg9u9ohc3hw9/gradle-3.3/lib/gradle-tooling-api-3.3.jar
7f169f127000-7f169f129000 r--s 00002000 08:03 21961                      /home/harshitha/.gradle/wrapper/dists/gradle-3.3-all/55gk2rcmfc6p2dg9u9ohc3hw9/gradle-3.3/lib/gradle-open-api-3.3.jar
7f169f129000-7f169f12f000 r--s 00032000 08:03 21963                      /home/harshitha/.gradle/wrapper/dists/gradle-3.3-all/55gk2rcmfc6p2dg9u9ohc3hw9/gradle-3.3/lib/jaxen-1.1.jar
7f169f12f000-7f169f134000 r--s 00048000 08:03 21962                      /home/harshitha/.gradle/wrapper/dists/gradle-3.3-all/55gk2rcmfc6p2dg9u9ohc3hw9/gradle-3.3/lib/dom4j-1.6.1.jar
7f169f134000-7f169f13f000 r--s 00059000 08:03 21940                      /home/harshitha/.gradle/wrapper/dists/gradle-3.3-all/55gk2rcmfc6p2dg9u9ohc3hw9/gradle-3.3/lib/gradle-ui-3.3.jar
7f169f13f000-7f169f148000 r--s 0008c000 08:03 21932                      /home/harshitha/.gradle/wrapper/dists/gradle-3.3-all/55gk2rcmfc6p2dg9u9ohc3hw9/gradle-3.3/lib/kotlin-stdlib-1.1-M02.jar
7f169f148000-7f169f14e000 r--s 0002a000 08:03 21931                      /home/harshitha/.gradle/wrapper/dists/gradle-3.3-all/55gk2rcmfc6p2dg9u9ohc3hw9/gradle-3.3/lib/kotlin-runtime-1.1-M02.jar
7f169f14e000-7f169f182000 r--s 00256000 08:03 21930                      /home/harshitha/.gradle/wrapper/dists/gradle-3.3-all/55gk2rcmfc6p2dg9u9ohc3hw9/gradle-3.3/lib/kotlin-reflect-1.1-M02.jar
7f169f182000-7f169f318000 r--s 0157e000 08:03 21929                      /home/harshitha/.gradle/wrapper/dists/gradle-3.3-all/55gk2rcmfc6p2dg9u9ohc3hw9/gradle-3.3/lib/kotlin-compiler-embeddable-1.1-M02.jar
7f169f318000-7f169f319000 ---p 00000000 00:00 0 
7f169f319000-7f169f419000 rw-p 00000000 00:00 0                          [stack:5315]
7f169f419000-7f169f41c000 ---p 00000000 00:00 0 
7f169f41c000-7f169f51a000 rw-p 00000000 00:00 0                          [stack:5314]
7f169f51a000-7f169f51d000 ---p 00000000 00:00 0 
7f169f51d000-7f169f61b000 rw-p 00000000 00:00 0                          [stack:5313]
7f169f61b000-7f169f61e000 ---p 00000000 00:00 0 
7f169f61e000-7f169f71c000 rw-p 00000000 00:00 0                          [stack:5312]
7f169f71c000-7f169f71f000 ---p 00000000 00:00 0 
7f169f71f000-7f169f81d000 rw-p 00000000 00:00 0                          [stack:5311]
7f169f81d000-7f169f820000 ---p 00000000 00:00 0 
7f169f820000-7f169f91e000 rw-p 00000000 00:00 0                          [stack:5310]
7f169f91e000-7f16a0000000 r--p 00000000 08:03 1711936                    /usr/lib/locale/locale-archive
7f16a0000000-7f16a0021000 rw-p 00000000 00:00 0 
7f16a0021000-7f16a4000000 ---p 00000000 00:00 0 
7f16a4000000-7f16a4021000 rw-p 00000000 00:00 0 
7f16a4021000-7f16a8000000 ---p 00000000 00:00 0 
7f16a8000000-7f16a8288000 rw-p 00000000 00:00 0 
7f16a8288000-7f16ac000000 ---p 00000000 00:00 0 
7f16ac000000-7f16ac021000 rw-p 00000000 00:00 0 
7f16ac021000-7f16b0000000 ---p 00000000 00:00 0 
7f16b0000000-7f16b0001000 r--s 00006000 08:03 21934                      /home/harshitha/.gradle/wrapper/dists/gradle-3.3-all/55gk2rcmfc6p2dg9u9ohc3hw9/gradle-3.3/lib/gradle-wrapper-3.3.jar
7f16b0001000-7f16b0009000 r--s 0004e000 08:03 21928                      /home/harshitha/.gradle/wrapper/dists/gradle-3.3-all/55gk2rcmfc6p2dg9u9ohc3hw9/gradle-3.3/lib/gradle-script-kotlin-0.5.1.jar
7f16b0009000-7f16b000c000 r--s 0000b000 08:03 21959                      /home/harshitha/.gradle/wrapper/dists/gradle-3.3-all/55gk2rcmfc6p2dg9u9ohc3hw9/gradle-3.3/lib/gradle-resources-3.3.jar
7f16b000c000-7f16b000e000 r--s 00003000 08:03 21968                      /home/harshitha/.gradle/wrapper/dists/gradle-3.3-all/55gk2rcmfc6p2dg9u9ohc3hw9/gradle-3.3/lib/jcl-over-slf4j-1.7.10.jar
7f16b000e000-7f16b000f000 r--s 00005000 08:03 21967                      /home/harshitha/.gradle/wrapper/dists/gradle-3.3-all/55gk2rcmfc6p2dg9u9ohc3hw9/gradle-3.3/lib/log4j-over-slf4j-1.7.10.jar
7f16b000f000-7f16b0011000 r--s 00000000 08:03 21966                      /home/harshitha/.gradle/wrapper/dists/gradle-3.3-all/55gk2rcmfc6p2dg9u9ohc3hw9/gradle-3.3/lib/jul-to-slf4j-1.7.10.jar
7f16b0011000-7f16b0016000 r--s 0001e000 08:03 21943                      /home/harshitha/.gradle/wrapper/dists/gradle-3.3-all/55gk2rcmfc6p2dg9u9ohc3hw9/gradle-3.3/lib/gradle-logging-3.3.jar
7f16b0016000-7f16b0018000 r--s 00007000 08:03 21987                      /home/harshitha/.gradle/wrapper/dists/gradle-3.3-all/55gk2rcmfc6p2dg9u9ohc3hw9/gradle-3.3/lib/objenesis-1.2.jar
7f16b0018000-7f16b001a000 r--s 00000000 08:03 21986                      /home/harshitha/.gradle/wrapper/dists/gradle-3.3-all/55gk2rcmfc6p2dg9u9ohc3hw9/gradle-3.3/lib/minlog-1.2.jar
7f16b001a000-7f16b001c000 r--s 0000f000 08:03 21985                      /home/harshitha/.gradle/wrapper/dists/gradle-3.3-all/55gk2rcmfc6p2dg9u9ohc3hw9/gradle-3.3/lib/reflectasm-1.07-shaded.jar
7f16b001c000-7f16b0020000 r--s 00026000 08:03 21970                      /home/harshitha/.gradle/wrapper/dists/gradle-3.3-all/55gk2rcmfc6p2dg9u9ohc3hw9/gradle-3.3/lib/kryo-2.20.jar
7f16b0020000-7f16b0026000 r--s 00027000 08:03 21958                      /home/harshitha/.gradle/wrapper/dists/gradle-3.3-all/55gk2rcmfc6p2dg9u9ohc3hw9/gradle-3.3/lib/gradle-messaging-3.3.jar
7f16b0026000-7f16b0027000 r--s 00001000 08:03 21984                      /home/harshitha/.gradle/wrapper/dists/gradle-3.3-all/55gk2rcmfc6p2dg9u9ohc3hw9/gradle-3.3/lib/native-platform-linux-i386-ncurses6-0.12.jar
7f16b0027000-7f16b0028000 r--s 00001000 08:03 21983                      /home/harshitha/.gradle/wrapper/dists/gradle-3.3-all/55gk2rcmfc6p2dg9u9ohc3hw9/gradle-3.3/lib/native-platform-linux-i386-ncurses5-0.12.jar
7f16b0028000-7f16b0029000 r--s 00001000 08:03 21982                      /home/harshitha/.gradle/wrapper/dists/gradle-3.3-all/55gk2rcmfc6p2dg9u9ohc3hw9/gradle-3.3/lib/native-platform-linux-amd64-ncurses6-0.12.jar
7f16b0029000-7f16b002a000 r--s 00001000 08:03 21981                      /home/harshitha/.gradle/wrapper/dists/gradle-3.3-all/55gk2rcmfc6p2dg9u9ohc3hw9/gradle-3.3/lib/native-platform-linux-amd64-ncurses5-0.12.jar
7f16b002a000-7f16b002b000 r--s 0000b000 08:03 21980                      /home/harshitha/.gradle/wrapper/dists/gradle-3.3-all/55gk2rcmfc6p2dg9u9ohc3hw9/gradle-3.3/lib/native-platform-windows-i386-0.12.jar
7f16b002b000-7f16b002d000 r--s 0000b000 08:03 21979                      /home/harshitha/.gradle/wrapper/dists/gradle-3.3-all/55gk2rcmfc6p2dg9u9ohc3hw9/gradle-3.3/lib/native-platform-windows-amd64-0.12.jar
7f16b002d000-7f16b002f000 r--s 00002000 08:03 21978                      /home/harshitha/.gradle/wrapper/dists/gradle-3.3-all/55gk2rcmfc6p2dg9u9ohc3hw9/gradle-3.3/lib/native-platform-osx-i386-0.12.jar
7f16b002f000-7f16b0030000 r--s 00002000 08:03 21977                      /home/harshitha/.gradle/wrapper/dists/gradle-3.3-all/55gk2rcmfc6p2dg9u9ohc3hw9/gradle-3.3/lib/native-platform-osx-amd64-0.12.jar
7f16b0030000-7f16b0031000 r--s 00002000 08:03 21976                      /home/harshitha/.gradle/wrapper/dists/gradle-3.3-all/55gk2rcmfc6p2dg9u9ohc3hw9/gradle-3.3/lib/native-platform-linux-i386-0.12.jar
7f16b0031000-7f16b0032000 r--s 00002000 08:03 21975                      /home/harshitha/.gradle/wrapper/dists/gradle-3.3-all/55gk2rcmfc6p2dg9u9ohc3hw9/gradle-3.3/lib/native-platform-linux-amd64-0.12.jar
7f16b0032000-7f16b0033000 r--s 00003000 08:03 21974                      /home/harshitha/.gradle/wrapper/dists/gradle-3.3-all/55gk2rcmfc6p2dg9u9ohc3hw9/gradle-3.3/lib/native-platform-freebsd-i386-libstdcpp-0.12.jar
7f16b0033000-7f16b0035000 r--s 00003000 08:03 21972                      /home/harshitha/.gradle/wrapper/dists/gradle-3.3-all/55gk2rcmfc6p2dg9u9ohc3hw9/gradle-3.3/lib/native-platform-freebsd-amd64-libstdcpp-0.12.jar
7f16b0035000-7f16b0044000 r--s 0007f000 08:03 21949                      /home/harshitha/.gradle/wrapper/dists/gradle-3.3-all/55gk2rcmfc6p2dg9u9ohc3hw9/gradle-3.3/lib/gradle-model-core-3.3.jar
7f16b0044000-7f16b00b4000 r--s 00641000 08:03 21948                      /home/harshitha/.gradle/wrapper/dists/gradle-3.3-all/55gk2rcmfc6p2dg9u9ohc3hw9/gradle-3.3/lib/groovy-all-2.4.7.jar
7f16b00b4000-7f16b00f1000 r--s 001f8000 08:03 21938                      /home/harshitha/.gradle/wrapper/dists/gradle-3.3-all/55gk2rcmfc6p2dg9u9ohc3hw9/gradle-3.3/lib/gradle-core-3.3.jar
7f16b00f1000-7f16b00f4000 ---p 00000000 00:00 0 
7f16b00f4000-7f16b01f2000 rw-p 00000000 00:00 0                          [stack:5309]
7f16b01f2000-7f16b01f5000 ---p 00000000 00:00 0 
7f16b01f5000-7f16b02f3000 rw-p 00000000 00:00 0                          [stack:5308]
7f16b02f3000-7f16b02f4000 ---p 00000000 00:00 0 
7f16b02f4000-7f16b4000000 rw-p 00000000 00:00 0                          [stack:5307]
7f16b4000000-7f16b4022000 rw-p 00000000 00:00 0 
7f16b4022000-7f16b8000000 ---p 00000000 00:00 0 
7f16b8000000-7f16b8021000 rw-p 00000000 00:00 0 
7f16b8021000-7f16bc000000 ---p 00000000 00:00 0 
7f16bc000000-7f16bc02f000 rw-p 00000000 00:00 0 
7f16bc02f000-7f16c0000000 ---p 00000000 00:00 0 
7f16c0000000-7f16c0001000 r--s 00004000 08:03 21973                      /home/harshitha/.gradle/wrapper/dists/gradle-3.3-all/55gk2rcmfc6p2dg9u9ohc3hw9/gradle-3.3/lib/native-platform-freebsd-i386-libcpp-0.12.jar
7f16c0001000-7f16c0002000 r--s 00004000 08:03 21971                      /home/harshitha/.gradle/wrapper/dists/gradle-3.3-all/55gk2rcmfc6p2dg9u9ohc3hw9/gradle-3.3/lib/native-platform-freebsd-amd64-libcpp-0.12.jar
7f16c0002000-7f16c0006000 r--s 00011000 08:03 21964                      /home/harshitha/.gradle/wrapper/dists/gradle-3.3-all/55gk2rcmfc6p2dg9u9ohc3hw9/gradle-3.3/lib/native-platform-0.12.jar
7f16c0006000-7f16c002e000 r--s 001cf000 08:03 21945                      /home/harshitha/.gradle/wrapper/dists/gradle-3.3-all/55gk2rcmfc6p2dg9u9ohc3hw9/gradle-3.3/lib/guava-jdk5-17.0.jar
7f16c002e000-7f16c0331000 rw-p 00000000 00:00 0 
7f16c0331000-7f16c0500000 r--s 03c1b000 08:03 2385063                    /home/harshitha/Desktop/android-studio/jre/jre/lib/rt.jar
7f16c0500000-7f16c1000000 rw-p 00000000 00:00 0 
7f16c1000000-7f16c2710000 rwxp 00000000 00:00 0 
7f16c2710000-7f16d0000000 ---p 00000000 00:00 0 
7f16d0000000-7f16d0d25000 rw-p 00000000 00:00 0 
7f16d0d25000-7f16d4000000 ---p 00000000 00:00 0 
7f16d4000000-7f16d4003000 r--s 00023000 08:03 21965                      /home/harshitha/.gradle/wrapper/dists/gradle-3.3-all/55gk2rcmfc6p2dg9u9ohc3hw9/gradle-3.3/lib/jansi-1.14.jar
7f16d4003000-7f16d4006000 r--s 0000a000 08:03 21942                      /home/harshitha/.gradle/wrapper/dists/gradle-3.3-all/55gk2rcmfc6p2dg9u9ohc3hw9/gradle-3.3/lib/gradle-native-3.3.jar
7f16d4006000-7f16d4008000 r--s 00005000 08:03 21939                      /home/harshitha/.gradle/wrapper/dists/gradle-3.3-all/55gk2rcmfc6p2dg9u9ohc3hw9/gradle-3.3/lib/gradle-cli-3.3.jar
7f16d4008000-7f16d400a000 r--s 00007000 08:03 21950                      /home/harshitha/.gradle/wrapper/dists/gradle-3.3-all/55gk2rcmfc6p2dg9u9ohc3hw9/gradle-3.3/lib/gradle-model-groovy-3.3.jar
7f16d400a000-7f16d400c000 r--s 00006000 08:03 21957                      /home/harshitha/.gradle/wrapper/dists/gradle-3.3-all/55gk2rcmfc6p2dg9u9ohc3hw9/gradle-3.3/lib/gradle-base-services-groovy-3.3.jar
7f16d400c000-7f16d400d000 r--s 00002000 08:03 21960                      /home/harshitha/.gradle/wrapper/dists/gradle-3.3-all/55gk2rcmfc6p2dg9u9ohc3hw9/gradle-3.3/lib/gradle-docs-3.3.jar
7f16d400d000-7f16d401a000 r--s 00083000 08:03 21953                      /home/harshitha/.gradle/wrapper/dists/gradle-3.3-all/55gk2rcmfc6p2dg9u9ohc3hw9/gradle-3.3/lib/commons-collections-3.2.2.jar
7f16d401a000-7f16d4039000 r--s 001d1000 08:03 21952                      /home/harshitha/.gradle/wrapper/dists/gradle-3.3-all/55gk2rcmfc6p2dg9u9ohc3hw9/gradle-3.3/lib/ant-1.9.6.jar
7f16d4039000-7f16d4181000 rw-p 00000000 00:00 0 
7f16d4181000-7f16d4182000 ---p 00000000 00:00 0 
7f16d4182000-7f16d4282000 rw-p 00000000 00:00 0                          [stack:5306]
7f16d4282000-7f16d4283000 ---p 00000000 00:00 0 
7f16d4283000-7f16d4383000 rw-p 00000000 00:00 0                          [stack:5305]
7f16d4383000-7f16d4384000 ---p 00000000 00:00 0 
7f16d4384000-7f16d4484000 rw-p 00000000 00:00 0                          [stack:5304]
7f16d4484000-7f16d4485000 ---p 00000000 00:00 0 
7f16d4485000-7f16d45b3000 rw-p 00000000 00:00 0                          [stack:5303]
7f16d45b3000-7f16d4785000 ---p 00000000 00:00 0 
7f16d4785000-7f16d47b3000 rw-p 00000000 00:00 0 
7f16d47b3000-7f16d4985000 ---p 00000000 00:00 0 
7f16d4985000-7f16d4a14000 rw-p 00000000 00:00 0 
7f16d4a14000-7f16d4a85000 ---p 00000000 00:00 0 
7f16d4a85000-7f16d4ae3000 rw-p 00000000 00:00 0 
7f16d4ae3000-7f16d4e46000 ---p 00000000 00:00 0 
7f16d4e46000-7f16d4e60000 r-xp 00000000 08:03 2385090                    /home/harshitha/Desktop/android-studio/jre/jre/lib/amd64/libzip.so
7f16d4e60000-7f16d5060000 ---p 0001a000 08:03 2385090                    /home/harshitha/Desktop/android-studio/jre/jre/lib/amd64/libzip.so
7f16d5060000-7f16d5061000 r--p 0001a000 08:03 2385090                    /home/harshitha/Desktop/android-studio/jre/jre/lib/amd64/libzip.so
7f16d5061000-7f16d5062000 rw-p 0001b000 08:03 2385090                    /home/harshitha/Desktop/android-studio/jre/jre/lib/amd64/libzip.so
7f16d5062000-7f16d506c000 r-xp 00000000 08:03 687066                     /lib/x86_64-linux-gnu/libnss_files-2.19.so
7f16d506c000-7f16d526b000 ---p 0000a000 08:03 687066                     /lib/x86_64-linux-gnu/libnss_files-2.19.so
7f16d526b000-7f16d526c000 r--p 00009000 08:03 687066                     /lib/x86_64-linux-gnu/libnss_files-2.19.so
7f16d526c000-7f16d526d000 rw-p 0000a000 08:03 687066                     /lib/x86_64-linux-gnu/libnss_files-2.19.so
7f16d526d000-7f16d5278000 r-xp 00000000 08:03 673954                     /lib/x86_64-linux-gnu/libnss_nis-2.19.so
7f16d5278000-7f16d5477000 ---p 0000b000 08:03 673954                     /lib/x86_64-linux-gnu/libnss_nis-2.19.so
7f16d5477000-7f16d5478000 r--p 0000a000 08:03 673954                     /lib/x86_64-linux-gnu/libnss_nis-2.19.so
7f16d5478000-7f16d5479000 rw-p 0000b000 08:03 673954                     /lib/x86_64-linux-gnu/libnss_nis-2.19.so
7f16d5479000-7f16d5490000 r-xp 00000000 08:03 687060                     /lib/x86_64-linux-gnu/libnsl-2.19.so
7f16d5490000-7f16d568f000 ---p 00017000 08:03 687060                     /lib/x86_64-linux-gnu/libnsl-2.19.so
7f16d568f000-7f16d5690000 r--p 00016000 08:03 687060                     /lib/x86_64-linux-gnu/libnsl-2.19.so
7f16d5690000-7f16d5691000 rw-p 00017000 08:03 687060                     /lib/x86_64-linux-gnu/libnsl-2.19.so
7f16d5691000-7f16d5693000 rw-p 00000000 00:00 0 
7f16d5693000-7f16d569c000 r-xp 00000000 08:03 687058                     /lib/x86_64-linux-gnu/libnss_compat-2.19.so
7f16d569c000-7f16d589b000 ---p 00009000 08:03 687058                     /lib/x86_64-linux-gnu/libnss_compat-2.19.so
7f16d589b000-7f16d589c000 r--p 00008000 08:03 687058                     /lib/x86_64-linux-gnu/libnss_compat-2.19.so
7f16d589c000-7f16d589d000 rw-p 00009000 08:03 687058                     /lib/x86_64-linux-gnu/libnss_compat-2.19.so
7f16d589d000-7f16d58ca000 r-xp 00000000 08:03 2385100                    /home/harshitha/Desktop/android-studio/jre/jre/lib/amd64/libjava.so
7f16d58ca000-7f16d5ac9000 ---p 0002d000 08:03 2385100                    /home/harshitha/Desktop/android-studio/jre/jre/lib/amd64/libjava.so
7f16d5ac9000-7f16d5aca000 r--p 0002c000 08:03 2385100                    /home/harshitha/Desktop/android-studio/jre/jre/lib/amd64/libjava.so
7f16d5aca000-7f16d5acc000 rw-p 0002d000 08:03 2385100                    /home/harshitha/Desktop/android-studio/jre/jre/lib/amd64/libjava.so
7f16d5acc000-7f16d5adc000 r-xp 00000000 08:03 2385116                    /home/harshitha/Desktop/android-studio/jre/jre/lib/amd64/libverify.so
7f16d5adc000-7f16d5cdb000 ---p 00010000 08:03 2385116                    /home/harshitha/Desktop/android-studio/jre/jre/lib/amd64/libverify.so
7f16d5cdb000-7f16d5cdd000 r--p 0000f000 08:03 2385116                    /home/harshitha/Desktop/android-studio/jre/jre/lib/amd64/libverify.so
7f16d5cdd000-7f16d5cde000 rw-p 00011000 08:03 2385116                    /home/harshitha/Desktop/android-studio/jre/jre/lib/amd64/libverify.so
7f16d5cde000-7f16d5ce5000 r-xp 00000000 08:03 672794                     /lib/x86_64-linux-gnu/librt-2.19.so
7f16d5ce5000-7f16d5ee4000 ---p 00007000 08:03 672794                     /lib/x86_64-linux-gnu/librt-2.19.so
7f16d5ee4000-7f16d5ee5000 r--p 00006000 08:03 672794                     /lib/x86_64-linux-gnu/librt-2.19.so
7f16d5ee5000-7f16d5ee6000 rw-p 00007000 08:03 672794                     /lib/x86_64-linux-gnu/librt-2.19.so
7f16d5ee6000-7f16d5feb000 r-xp 00000000 08:03 687061                     /lib/x86_64-linux-gnu/libm-2.19.so
7f16d5feb000-7f16d61ea000 ---p 00105000 08:03 687061                     /lib/x86_64-linux-gnu/libm-2.19.so
7f16d61ea000-7f16d61eb000 r--p 00104000 08:03 687061                     /lib/x86_64-linux-gnu/libm-2.19.so
7f16d61eb000-7f16d61ec000 rw-p 00105000 08:03 687061                     /lib/x86_64-linux-gnu/libm-2.19.so
7f16d61ec000-7f16d6ddd000 r-xp 00000000 08:03 2385120                    /home/harshitha/Desktop/android-studio/jre/jre/lib/amd64/server/libjvm.so
7f16d6ddd000-7f16d6fdd000 ---p 00bf1000 08:03 2385120                    /home/harshitha/Desktop/android-studio/jre/jre/lib/amd64/server/libjvm.so
7f16d6fdd000-7f16d707c000 r--p 00bf1000 08:03 2385120                    /home/harshitha/Desktop/android-studio/jre/jre/lib/amd64/server/libjvm.so
7f16d707c000-7f16d70a5000 rw-p 00c90000 08:03 2385120                    /home/harshitha/Desktop/android-studio/jre/jre/lib/amd64/server/libjvm.so
7f16d70a5000-7f16d70e9000 rw-p 00000000 00:00 0 
7f16d70e9000-7f16d7102000 r-xp 00000000 08:03 687068                     /lib/x86_64-linux-gnu/libpthread-2.19.so
7f16d7102000-7f16d7301000 ---p 00019000 08:03 687068                     /lib/x86_64-linux-gnu/libpthread-2.19.so
7f16d7301000-7f16d7302000 r--p 00018000 08:03 687068                     /lib/x86_64-linux-gnu/libpthread-2.19.so
7f16d7302000-7f16d7303000 rw-p 00019000 08:03 687068                     /lib/x86_64-linux-gnu/libpthread-2.19.so
7f16d7303000-7f16d7307000 rw-p 00000000 00:00 0 
7f16d7307000-7f16d730a000 r-xp 00000000 08:03 687067                     /lib/x86_64-linux-gnu/libdl-2.19.so
7f16d730a000-7f16d7509000 ---p 00003000 08:03 687067                     /lib/x86_64-linux-gnu/libdl-2.19.so
7f16d7509000-7f16d750a000 r--p 00002000 08:03 687067                     /lib/x86_64-linux-gnu/libdl-2.19.so
7f16d750a000-7f16d750b000 rw-p 00003000 08:03 687067                     /lib/x86_64-linux-gnu/libdl-2.19.so
7f16d750b000-7f16d76c9000 r-xp 00000000 08:03 687057                     /lib/x86_64-linux-gnu/libc-2.19.so
7f16d76c9000-7f16d78c8000 ---p 001be000 08:03 687057                     /lib/x86_64-linux-gnu/libc-2.19.so
7f16d78c8000-7f16d78cc000 r--p 001bd000 08:03 687057                     /lib/x86_64-linux-gnu/libc-2.19.so
7f16d78cc000-7f16d78ce000 rw-p 001c1000 08:03 687057                     /lib/x86_64-linux-gnu/libc-2.19.so
7f16d78ce000-7f16d78d3000 rw-p 00000000 00:00 0 
7f16d78d3000-7f16d78e9000 r-xp 00000000 08:03 2384980                    /home/harshitha/Desktop/android-studio/jre/lib/amd64/jli/libjli.so
7f16d78e9000-7f16d7ae8000 ---p 00016000 08:03 2384980                    /home/harshitha/Desktop/android-studio/jre/lib/amd64/jli/libjli.so
7f16d7ae8000-7f16d7ae9000 r--p 00015000 08:03 2384980                    /home/harshitha/Desktop/android-studio/jre/lib/amd64/jli/libjli.so
7f16d7ae9000-7f16d7aea000 rw-p 00016000 08:03 2384980                    /home/harshitha/Desktop/android-studio/jre/lib/amd64/jli/libjli.so
7f16d7aea000-7f16d7b0d000 r-xp 00000000 08:03 687065                     /lib/x86_64-linux-gnu/ld-2.19.so
7f16d7b0d000-7f16d7b0e000 r--s 00000000 08:03 21956                      /home/harshitha/.gradle/wrapper/dists/gradle-3.3-all/55gk2rcmfc6p2dg9u9ohc3hw9/gradle-3.3/lib/javax.inject-1.jar
7f16d7b0e000-7f16d7b0f000 r--s 00000000 08:03 21955                      /home/harshitha/.gradle/wrapper/dists/gradle-3.3-all/55gk2rcmfc6p2dg9u9ohc3hw9/gradle-3.3/lib/jcip-annotations-1.0.jar
7f16d7b0f000-7f16d7b13000 r--s 00027000 08:03 21954                      /home/harshitha/.gradle/wrapper/dists/gradle-3.3-all/55gk2rcmfc6p2dg9u9ohc3hw9/gradle-3.3/lib/commons-io-2.2.jar
7f16d7b13000-7f16d7b18000 r--s 00038000 08:03 21951                      /home/harshitha/.gradle/wrapper/dists/gradle-3.3-all/55gk2rcmfc6p2dg9u9ohc3hw9/gradle-3.3/lib/asm-all-5.1.jar
7f16d7b18000-7f16d7b19000 r--s 00001000 08:03 21947                      /home/harshitha/.gradle/wrapper/dists/gradle-3.3-all/55gk2rcmfc6p2dg9u9ohc3hw9/gradle-3.3/lib/gradle-process-services-3.3.jar
7f16d7b19000-7f16d7b1b000 r--s 00000000 08:03 21937                      /home/harshitha/.gradle/wrapper/dists/gradle-3.3-all/55gk2rcmfc6p2dg9u9ohc3hw9/gradle-3.3/lib/gradle-jvm-services-3.3.jar
7f16d7b1b000-7f16d7b20000 r--s 00041000 08:03 21946                      /home/harshitha/.gradle/wrapper/dists/gradle-3.3-all/55gk2rcmfc6p2dg9u9ohc3hw9/gradle-3.3/lib/commons-lang-2.6.jar
7f16d7b20000-7f16d7be2000 rw-p 00000000 00:00 0 
7f16d7be2000-7f16d7be5000 ---p 00000000 00:00 0 
7f16d7be5000-7f16d7ce7000 rw-p 00000000 00:00 0                          [stack:5302]
7f16d7ce7000-7f16d7ce8000 r--s 00000000 08:03 22102                      /home/harshitha/.gradle/wrapper/dists/gradle-3.3-all/55gk2rcmfc6p2dg9u9ohc3hw9/gradle-3.3/lib/gradle-version-info-3.3.jar
7f16d7ce8000-7f16d7ce9000 r--s 00007000 08:03 21944                      /home/harshitha/.gradle/wrapper/dists/gradle-3.3-all/55gk2rcmfc6p2dg9u9ohc3hw9/gradle-3.3/lib/slf4j-api-1.7.10.jar
7f16d7ce9000-7f16d7cea000 r--s 00004000 08:03 21969                      /home/harshitha/.gradle/wrapper/dists/gradle-3.3-all/55gk2rcmfc6p2dg9u9ohc3hw9/gradle-3.3/lib/ant-launcher-1.9.6.jar
7f16d7cea000-7f16d7cf3000 r--s 00042000 08:03 21936                      /home/harshitha/.gradle/wrapper/dists/gradle-3.3-all/55gk2rcmfc6p2dg9u9ohc3hw9/gradle-3.3/lib/gradle-base-services-3.3.jar
7f16d7cf3000-7f16d7d00000 r--s 0005c000 08:03 21933                      /home/harshitha/.gradle/wrapper/dists/gradle-3.3-all/55gk2rcmfc6p2dg9u9ohc3hw9/gradle-3.3/lib/gradle-launcher-3.3.jar
7f16d7d00000-7f16d7d08000 rw-s 00000000 08:03 1201011                    /tmp/hsperfdata_harshitha/5298
7f16d7d08000-7f16d7d09000 rw-p 00000000 00:00 0 
7f16d7d09000-7f16d7d0a000 ---p 00000000 00:00 0 
7f16d7d0a000-7f16d7d0c000 rw-p 00000000 00:00 0 
7f16d7d0c000-7f16d7d0d000 r--p 00022000 08:03 687065                     /lib/x86_64-linux-gnu/ld-2.19.so
7f16d7d0d000-7f16d7d0e000 rw-p 00023000 08:03 687065                     /lib/x86_64-linux-gnu/ld-2.19.so
7f16d7d0e000-7f16d7d0f000 rw-p 00000000 00:00 0 
7ffdd1662000-7ffdd1683000 rw-p 00000000 00:00 0                          [stack]
7ffdd17c5000-7ffdd17c7000 r-xp 00000000 00:00 0                          [vdso]
ffffffffff600000-ffffffffff601000 r-xp 00000000 00:00 0                  [vsyscall]

VM Arguments:
jvm_args: -Xmx1536m -Dfile.encoding=UTF-8 -Duser.country=IN -Duser.language=en -Duser.variant 
java_command: org.gradle.launcher.daemon.bootstrap.GradleDaemon 3.3
java_class_path (initial): /home/harshitha/.gradle/wrapper/dists/gradle-3.3-all/55gk2rcmfc6p2dg9u9ohc3hw9/gradle-3.3/lib/gradle-launcher-3.3.jar
Launcher Type: SUN_STANDARD

Environment Variables:
JAVA_HOME=/usr/local/java/jdk1.8.0_121
PATH=/usr/local/java/jdk1.8.0_121/bin:/usr/local/sbin:/usr/local/bin:/usr/sbin:/usr/bin:/sbin:/bin:/usr/games:/usr/local/games
LD_LIBRARY_PATH=.:
SHELL=/bin/bash
DISPLAY=:0

Signal Handlers:
SIGSEGV: [libjvm.so+0x9e5150], sa_mask[0]=11111111011111111101111111111110, sa_flags=SA_RESTART|SA_SIGINFO
SIGBUS: [libjvm.so+0x9e5150], sa_mask[0]=11111111011111111101111111111110, sa_flags=SA_RESTART|SA_SIGINFO
SIGFPE: [libjvm.so+0x848450], sa_mask[0]=11111111011111111101111111111110, sa_flags=SA_RESTART|SA_SIGINFO
SIGPIPE: [libjvm.so+0x848450], sa_mask[0]=11111111011111111101111111111110, sa_flags=SA_RESTART|SA_SIGINFO
SIGXFSZ: [libjvm.so+0x848450], sa_mask[0]=11111111011111111101111111111110, sa_flags=SA_RESTART|SA_SIGINFO
SIGILL: [libjvm.so+0x848450], sa_mask[0]=11111111011111111101111111111110, sa_flags=SA_RESTART|SA_SIGINFO
SIGUSR1: SIG_DFL, sa_mask[0]=00000000000000000000000000000000, sa_flags=none
SIGUSR2: [libjvm.so+0x848320], sa_mask[0]=00100000000000000000000000000000, sa_flags=SA_RESTART|SA_SIGINFO
SIGHUP: [libjvm.so+0x848510], sa_mask[0]=11111111011111111101111111111110, sa_flags=SA_RESTART|SA_SIGINFO
SIGINT: [libjvm.so+0x848510], sa_mask[0]=11111111011111111101111111111110, sa_flags=SA_RESTART|SA_SIGINFO
SIGTERM: [libjvm.so+0x848510], sa_mask[0]=11111111011111111101111111111110, sa_flags=SA_RESTART|SA_SIGINFO
SIGQUIT: [libjvm.so+0x848510], sa_mask[0]=11111111011111111101111111111110, sa_flags=SA_RESTART|SA_SIGINFO


---------------  S Y S T E M  ---------------

OS:DISTRIB_ID=Ubuntu
DISTRIB_RELEASE=14.04
DISTRIB_CODENAME=trusty
DISTRIB_DESCRIPTION="Ubuntu 14.04.5 LTS"

uname:Linux 3.13.0-117-generic #164-Ubuntu SMP Fri Apr 7 11:05:26 UTC 2017 x86_64
libc:glibc 2.19 NPTL 2.19 
rlimit: STACK 8192k, CORE 0k, NPROC 30511, NOFILE 4096, AS infinity
load average:2.61 2.91 1.60

/proc/meminfo:
MemTotal:        3927876 kB
MemFree:           84428 kB
Buffers:             356 kB
Cached:           426644 kB
SwapCached:            0 kB
Active:          3272164 kB
Inactive:         423856 kB
Active(anon):    3271752 kB
Inactive(anon):   413600 kB
Active(file):        412 kB
Inactive(file):    10256 kB
Unevictable:          84 kB
Mlocked:              84 kB
SwapTotal:             0 kB
SwapFree:              0 kB
Dirty:                12 kB
Writeback:             0 kB
AnonPages:       3269528 kB
Mapped:           151292 kB
Shmem:            415908 kB
Slab:              59316 kB
SReclaimable:      29060 kB
SUnreclaim:        30256 kB
KernelStack:        3712 kB
PageTables:        30772 kB
NFS_Unstable:          0 kB
Bounce:                0 kB
WritebackTmp:          0 kB
CommitLimit:     1963936 kB
Committed_AS:    5985156 kB
VmallocTotal:   34359738367 kB
VmallocUsed:      352536 kB
VmallocChunk:   34359326136 kB
HardwareCorrupted:     0 kB
AnonHugePages:   1110016 kB
HugePages_Total:       0
HugePages_Free:        0
HugePages_Rsvd:        0
HugePages_Surp:        0
Hugepagesize:       2048 kB
DirectMap4k:       63104 kB
DirectMap2M:     4012032 kB


CPU:total 4 (2 cores per cpu, 2 threads per core) family 6 model 42 stepping 7, cmov, cx8, fxsr, mmx, sse, sse2, sse3, ssse3, sse4.1, sse4.2, popcnt, avx, aes, clmul, ht, tsc, tscinvbit

/proc/cpuinfo:
processor	: 0
vendor_id	: GenuineIntel
cpu family	: 6
model		: 42
model name	: Intel(R) Core(TM) i7-2640M CPU @ 2.80GHz
stepping	: 7
microcode	: 0x29
cpu MHz		: 2801.000
cache size	: 4096 KB
physical id	: 0
siblings	: 4
core id		: 0
cpu cores	: 2
apicid		: 0
initial apicid	: 0
fpu		: yes
fpu_exception	: yes
cpuid level	: 13
wp		: yes
flags		: fpu vme de pse tsc msr pae mce cx8 apic sep mtrr pge mca cmov pat pse36 clflush dts acpi mmx fxsr sse sse2 ss ht tm pbe syscall nx rdtscp lm constant_tsc arch_perfmon pebs bts nopl xtopology nonstop_tsc aperfmperf eagerfpu pni pclmulqdq dtes64 monitor ds_cpl vmx smx est tm2 ssse3 cx16 xtpr pdcm pcid sse4_1 sse4_2 x2apic popcnt tsc_deadline_timer aes xsave avx lahf_lm ida arat epb xsaveopt pln pts dtherm tpr_shadow vnmi flexpriority ept vpid
bogomips	: 5581.90
clflush size	: 64
cache_alignment	: 64
address sizes	: 36 bits physical, 48 bits virtual
power management:

processor	: 1
vendor_id	: GenuineIntel
cpu family	: 6
model		: 42
model name	: Intel(R) Core(TM) i7-2640M CPU @ 2.80GHz
stepping	: 7
microcode	: 0x29
cpu MHz		: 800.000
cache size	: 4096 KB
physical id	: 0
siblings	: 4
core id		: 0
cpu cores	: 2
apicid		: 1
initial apicid	: 1
fpu		: yes
fpu_exception	: yes
cpuid level	: 13
wp		: yes
flags		: fpu vme de pse tsc msr pae mce cx8 apic sep mtrr pge mca cmov pat pse36 clflush dts acpi mmx fxsr sse sse2 ss ht tm pbe syscall nx rdtscp lm constant_tsc arch_perfmon pebs bts nopl xtopology nonstop_tsc aperfmperf eagerfpu pni pclmulqdq dtes64 monitor ds_cpl vmx smx est tm2 ssse3 cx16 xtpr pdcm pcid sse4_1 sse4_2 x2apic popcnt tsc_deadline_timer aes xsave avx lahf_lm ida arat epb xsaveopt pln pts dtherm tpr_shadow vnmi flexpriority ept vpid
bogomips	: 5581.90
clflush size	: 64
cache_alignment	: 64
address sizes	: 36 bits physical, 48 bits virtual
power management:

processor	: 2
vendor_id	: GenuineIntel
cpu family	: 6
model		: 42
model name	: Intel(R) Core(TM) i7-2640M CPU @ 2.80GHz
stepping	: 7
microcode	: 0x29
cpu MHz		: 2801.000
cache size	: 4096 KB
physical id	: 0
siblings	: 4
core id		: 1
cpu cores	: 2
apicid		: 2
initial apicid	: 2
fpu		: yes
fpu_exception	: yes
cpuid level	: 13
wp		: yes
flags		: fpu vme de pse tsc msr pae mce cx8 apic sep mtrr pge mca cmov pat pse36 clflush dts acpi mmx fxsr sse sse2 ss ht tm pbe syscall nx rdtscp lm constant_tsc arch_perfmon pebs bts nopl xtopology nonstop_tsc aperfmperf eagerfpu pni pclmulqdq dtes64 monitor ds_cpl vmx smx est tm2 ssse3 cx16 xtpr pdcm pcid sse4_1 sse4_2 x2apic popcnt tsc_deadline_timer aes xsave avx lahf_lm ida arat epb xsaveopt pln pts dtherm tpr_shadow vnmi flexpriority ept vpid
bogomips	: 5581.90
clflush size	: 64
cache_alignment	: 64
address sizes	: 36 bits physical, 48 bits virtual
power management:

processor	: 3
vendor_id	: GenuineIntel
cpu family	: 6
model		: 42
model name	: Intel(R) Core(TM) i7-2640M CPU @ 2.80GHz
stepping	: 7
microcode	: 0x29
cpu MHz		: 800.000
cache size	: 4096 KB
physical id	: 0
siblings	: 4
core id		: 1
cpu cores	: 2
apicid		: 3
initial apicid	: 3
fpu		: yes
fpu_exception	: yes
cpuid level	: 13
wp		: yes
flags		: fpu vme de pse tsc msr pae mce cx8 apic sep mtrr pge mca cmov pat pse36 clflush dts acpi mmx fxsr sse sse2 ss ht tm pbe syscall nx rdtscp lm constant_tsc arch_perfmon pebs bts nopl xtopology nonstop_tsc aperfmperf eagerfpu pni pclmulqdq dtes64 monitor ds_cpl vmx smx est tm2 ssse3 cx16 xtpr pdcm pcid sse4_1 sse4_2 x2apic popcnt tsc_deadline_timer aes xsave avx lahf_lm ida arat epb xsaveopt pln pts dtherm tpr_shadow vnmi flexpriority ept vpid
bogomips	: 5581.90
clflush size	: 64
cache_alignment	: 64
address sizes	: 36 bits physical, 48 bits virtual
power management:



Memory: 4k page, physical 3927876k(84428k free), swap 0k(0k free)

vm_info: OpenJDK 64-Bit Server VM (25.112-b06) for linux-amd64 JRE (1.8.0_112-release-b06), built on Dec  6 2016 12:11:18 by "builder" with gcc 4.8.4

time: Mon Jun 19 21:16:36 2017
elapsed time: 19 seconds (0d 0h 0m 19s)

